Info: Starting: Create block symbol file (.bsf)
Info: qsys-generate /home/ecegridfs/a/695r48/ece695r/hw3/hw3_SW/nios_system.qsys --block-symbol-file --output-directory=/home/ecegridfs/a/695r48/ece695r/hw3/hw3_SW/nios_system --family="Cyclone IV E" --part=EP4CE115F29C7
Progress: Loading hw3_SW/nios_system.qsys
Progress: Reading input file
Progress: Adding clk_0 [clock_source 17.0]
Progress: Parameterizing module clk_0
Progress: Adding gleds [altera_avalon_pio 17.0]
Progress: Parameterizing module gleds
Progress: Adding jtag_uart_0 [altera_avalon_jtag_uart 17.0]
Progress: Parameterizing module jtag_uart_0
Progress: Adding new_sdram_controller_0 [altera_avalon_new_sdram_controller 17.0]
Progress: Parameterizing module new_sdram_controller_0
Progress: Adding nios2_qsys_0 [altera_nios2_qsys 16.1]
Progress: Parameterizing module nios2_qsys_0
Progress: Adding performance_counter_0 [altera_avalon_performance_counter 17.0]
Progress: Parameterizing module performance_counter_0
Progress: Adding rleds [altera_avalon_pio 17.0]
Progress: Parameterizing module rleds
Progress: Adding sram_0 [altera_up_avalon_sram 17.0]
Progress: Parameterizing module sram_0
Progress: Adding switches [altera_avalon_pio 17.0]
Progress: Parameterizing module switches
Progress: Adding vga_clk [clock_source 17.0]
Progress: Parameterizing module vga_clk
Progress: Adding video_dual_clock_buffer_0 [altera_up_avalon_video_dual_clock_buffer 17.0]
Progress: Parameterizing module video_dual_clock_buffer_0
Progress: Adding video_pixel_buffer_dma_0 [altera_up_avalon_video_pixel_buffer_dma 17.0]
Progress: Parameterizing module video_pixel_buffer_dma_0
Progress: Adding video_rgb_resampler_0 [altera_up_avalon_video_rgb_resampler 17.0]
Progress: Parameterizing module video_rgb_resampler_0
Progress: Adding video_vga_controller_0 [altera_up_avalon_video_vga_controller 17.0]
Progress: Parameterizing module video_vga_controller_0
Progress: Building connections
Progress: Parameterizing connections
Progress: Validating
Progress: Done reading input file
Info: nios_system.jtag_uart_0: JTAG UART IP input clock need to be at least double (2x) the operating frequency of JTAG TCK on board
Info: nios_system.new_sdram_controller_0: SDRAM Controller will only be supported in Quartus Prime Standard Edition in the future release.
Warning: nios_system.nios2_qsys_0: Nios II Classic cores are no longer recommended for new projects
Info: qsys-generate succeeded.
Info: Finished: Create block symbol file (.bsf)
Info: 
Info: Starting: Create HDL design files for synthesis
Info: qsys-generate /home/ecegridfs/a/695r48/ece695r/hw3/hw3_SW/nios_system.qsys --synthesis=VERILOG --output-directory=/home/ecegridfs/a/695r48/ece695r/hw3/hw3_SW/nios_system/synthesis --family="Cyclone IV E" --part=EP4CE115F29C7
Progress: Loading hw3_SW/nios_system.qsys
Progress: Reading input file
Progress: Adding clk_0 [clock_source 17.0]
Progress: Parameterizing module clk_0
Progress: Adding gleds [altera_avalon_pio 17.0]
Progress: Parameterizing module gleds
Progress: Adding jtag_uart_0 [altera_avalon_jtag_uart 17.0]
Progress: Parameterizing module jtag_uart_0
Progress: Adding new_sdram_controller_0 [altera_avalon_new_sdram_controller 17.0]
Progress: Parameterizing module new_sdram_controller_0
Progress: Adding nios2_qsys_0 [altera_nios2_qsys 16.1]
Progress: Parameterizing module nios2_qsys_0
Progress: Adding performance_counter_0 [altera_avalon_performance_counter 17.0]
Progress: Parameterizing module performance_counter_0
Progress: Adding rleds [altera_avalon_pio 17.0]
Progress: Parameterizing module rleds
Progress: Adding sram_0 [altera_up_avalon_sram 17.0]
Progress: Parameterizing module sram_0
Progress: Adding switches [altera_avalon_pio 17.0]
Progress: Parameterizing module switches
Progress: Adding vga_clk [clock_source 17.0]
Progress: Parameterizing module vga_clk
Progress: Adding video_dual_clock_buffer_0 [altera_up_avalon_video_dual_clock_buffer 17.0]
Progress: Parameterizing module video_dual_clock_buffer_0
Progress: Adding video_pixel_buffer_dma_0 [altera_up_avalon_video_pixel_buffer_dma 17.0]
Progress: Parameterizing module video_pixel_buffer_dma_0
Progress: Adding video_rgb_resampler_0 [altera_up_avalon_video_rgb_resampler 17.0]
Progress: Parameterizing module video_rgb_resampler_0
Progress: Adding video_vga_controller_0 [altera_up_avalon_video_vga_controller 17.0]
Progress: Parameterizing module video_vga_controller_0
Progress: Building connections
Progress: Parameterizing connections
Progress: Validating
Progress: Done reading input file
Info: nios_system.jtag_uart_0: JTAG UART IP input clock need to be at least double (2x) the operating frequency of JTAG TCK on board
Info: nios_system.new_sdram_controller_0: SDRAM Controller will only be supported in Quartus Prime Standard Edition in the future release.
Warning: nios_system.nios2_qsys_0: Nios II Classic cores are no longer recommended for new projects
Info: nios_system: Generating nios_system "nios_system" for QUARTUS_SYNTH
Info: jtag_uart_0: Starting RTL generation for module 'nios_system_jtag_uart_0'
Info: jtag_uart_0:   Generation command is [exec /package/eda/altera/altera17.0/quartus/linux64/perl/bin/perl -I /package/eda/altera/altera17.0/quartus/linux64/perl/lib -I /package/eda/altera/altera17.0/quartus/sopc_builder/bin/europa -I /package/eda/altera/altera17.0/quartus/sopc_builder/bin/perl_lib -I /package/eda/altera/altera17.0/quartus/sopc_builder/bin -I /package/eda/altera/altera17.0/quartus/../ip/altera/sopc_builder_ip/common -I /package/eda/altera/altera17.0/quartus/../ip/altera/sopc_builder_ip/altera_avalon_jtag_uart -- /package/eda/altera/altera17.0/quartus/../ip/altera/sopc_builder_ip/altera_avalon_jtag_uart/generate_rtl.pl --name=nios_system_jtag_uart_0 --dir=/tmp/alt8900_3280703157147299847.dir/0001_jtag_uart_0_gen/ --quartus_dir=/package/eda/altera/altera17.0/quartus --verilog --config=/tmp/alt8900_3280703157147299847.dir/0001_jtag_uart_0_gen//nios_system_jtag_uart_0_component_configuration.pl  --do_build_sim=0  ]
Info: jtag_uart_0: Done RTL generation for module 'nios_system_jtag_uart_0'
Info: jtag_uart_0: "nios_system" instantiated altera_avalon_jtag_uart "jtag_uart_0"
Info: new_sdram_controller_0: Starting RTL generation for module 'nios_system_new_sdram_controller_0'
Info: new_sdram_controller_0:   Generation command is [exec /package/eda/altera/altera17.0/quartus/linux64/perl/bin/perl -I /package/eda/altera/altera17.0/quartus/linux64/perl/lib -I /package/eda/altera/altera17.0/quartus/sopc_builder/bin/europa -I /package/eda/altera/altera17.0/quartus/sopc_builder/bin/perl_lib -I /package/eda/altera/altera17.0/quartus/sopc_builder/bin -I /package/eda/altera/altera17.0/quartus/../ip/altera/sopc_builder_ip/common -I /package/eda/altera/altera17.0/quartus/../ip/altera/sopc_builder_ip/altera_avalon_new_sdram_controller -- /package/eda/altera/altera17.0/quartus/../ip/altera/sopc_builder_ip/altera_avalon_new_sdram_controller/generate_rtl.pl --name=nios_system_new_sdram_controller_0 --dir=/tmp/alt8900_3280703157147299847.dir/0002_new_sdram_controller_0_gen/ --quartus_dir=/package/eda/altera/altera17.0/quartus --verilog --config=/tmp/alt8900_3280703157147299847.dir/0002_new_sdram_controller_0_gen//nios_system_new_sdram_controller_0_component_configuration.pl  --do_build_sim=0  ]
Info: new_sdram_controller_0: Done RTL generation for module 'nios_system_new_sdram_controller_0'
Info: new_sdram_controller_0: "nios_system" instantiated altera_avalon_new_sdram_controller "new_sdram_controller_0"
Info: nios2_qsys_0: Starting RTL generation for module 'nios_system_nios2_qsys_0'
Info: nios2_qsys_0:   Generation command is [exec /package/eda/altera/altera17.0/quartus/linux64/eperlcmd -I /package/eda/altera/altera17.0/quartus/linux64/perl/lib -I /package/eda/altera/altera17.0/quartus/sopc_builder/bin/europa -I /package/eda/altera/altera17.0/quartus/sopc_builder/bin/perl_lib -I /package/eda/altera/altera17.0/quartus/sopc_builder/bin -I /package/eda/altera/altera17.0/quartus/../ip/altera/nios2_ip/altera_nios2/cpu_lib -I /package/eda/altera/altera17.0/quartus/../ip/altera/nios2_ip/altera_nios2/nios_lib -I /package/eda/altera/altera17.0/quartus/../ip/altera/nios2_ip/altera_nios2 -I /package/eda/altera/altera17.0/quartus/../ip/altera/nios2_ip/altera_nios2 -- /package/eda/altera/altera17.0/quartus/../ip/altera/nios2_ip/altera_nios2/generate_rtl.epl --name=nios_system_nios2_qsys_0 --dir=/tmp/alt8900_3280703157147299847.dir/0003_nios2_qsys_0_gen/ --quartus_bindir=/package/eda/altera/altera17.0/quartus/linux64 --verilog --config=/tmp/alt8900_3280703157147299847.dir/0003_nios2_qsys_0_gen//nios_system_nios2_qsys_0_processor_configuration.pl  --do_build_sim=0  ]
Info: nios2_qsys_0: # 2021.09.30 11:28:24 (*) Starting Nios II generation
Info: nios2_qsys_0: # 2021.09.30 11:28:24 (*)   Checking for plaintext license.
Info: nios2_qsys_0: # 2021.09.30 11:28:25 (*)   Couldn't query license setup in Quartus directory /package/eda/altera/altera17.0/quartus/linux64
Info: nios2_qsys_0: # 2021.09.30 11:28:25 (*)   Defaulting to contents of LM_LICENSE_FILE environment variable
Info: nios2_qsys_0: # 2021.09.30 11:28:25 (*)   Plaintext license not found.
Info: nios2_qsys_0: # 2021.09.30 11:28:25 (*)   No license required to generate encrypted Nios II/e.
Info: nios2_qsys_0: # 2021.09.30 11:28:25 (*)   Elaborating CPU configuration settings
Info: nios2_qsys_0: # 2021.09.30 11:28:25 (*)   Creating all objects for CPU
Info: nios2_qsys_0: # 2021.09.30 11:28:26 (*)   Generating RTL from CPU objects
Info: nios2_qsys_0: # 2021.09.30 11:28:26 (*)   Creating plain-text RTL
Info: nios2_qsys_0: # 2021.09.30 11:28:27 (*) Done Nios II generation
Info: nios2_qsys_0: Done RTL generation for module 'nios_system_nios2_qsys_0'
Info: nios2_qsys_0: "nios_system" instantiated altera_nios2_qsys "nios2_qsys_0"
Info: performance_counter_0: Starting RTL generation for module 'nios_system_performance_counter_0'
Info: performance_counter_0:   Generation command is [exec /package/eda/altera/altera17.0/quartus/linux64/perl/bin/perl -I /package/eda/altera/altera17.0/quartus/linux64/perl/lib -I /package/eda/altera/altera17.0/quartus/sopc_builder/bin/europa -I /package/eda/altera/altera17.0/quartus/sopc_builder/bin/perl_lib -I /package/eda/altera/altera17.0/quartus/sopc_builder/bin -I /package/eda/altera/altera17.0/quartus/../ip/altera/sopc_builder_ip/common -I /package/eda/altera/altera17.0/quartus/../ip/altera/sopc_builder_ip/altera_avalon_performance_counter -- /package/eda/altera/altera17.0/quartus/../ip/altera/sopc_builder_ip/altera_avalon_performance_counter/generate_rtl.pl --name=nios_system_performance_counter_0 --dir=/tmp/alt8900_3280703157147299847.dir/0004_performance_counter_0_gen/ --quartus_dir=/package/eda/altera/altera17.0/quartus --verilog --config=/tmp/alt8900_3280703157147299847.dir/0004_performance_counter_0_gen//nios_system_performance_counter_0_component_configuration.pl  --do_build_sim=0  ]
Info: performance_counter_0: Done RTL generation for module 'nios_system_performance_counter_0'
Info: performance_counter_0: "nios_system" instantiated altera_avalon_performance_counter "performance_counter_0"
Info: sram_0: Starting Generation of the SRAM Controller
Info: sram_0: "nios_system" instantiated altera_up_avalon_sram "sram_0"
Info: avalon_st_adapter: Inserting error_adapter: error_adapter_0
Info: avalon_st_adapter_001: Inserting error_adapter: error_adapter_0
Info: avalon_st_adapter_002: Inserting error_adapter: error_adapter_0
Info: avalon_st_adapter_003: Inserting error_adapter: error_adapter_0
Info: avalon_st_adapter_004: Inserting error_adapter: error_adapter_0
Info: mm_interconnect_0: "nios_system" instantiated altera_mm_interconnect "mm_interconnect_0"
Info: irq_mapper: "nios_system" instantiated altera_irq_mapper "irq_mapper"
Info: rst_controller: "nios_system" instantiated altera_reset_controller "rst_controller"
Info: nios2_qsys_0_data_master_translator: "mm_interconnect_0" instantiated altera_merlin_master_translator "nios2_qsys_0_data_master_translator"
Info: jtag_uart_0_avalon_jtag_slave_translator: "mm_interconnect_0" instantiated altera_merlin_slave_translator "jtag_uart_0_avalon_jtag_slave_translator"
Info: nios2_qsys_0_data_master_agent: "mm_interconnect_0" instantiated altera_merlin_master_agent "nios2_qsys_0_data_master_agent"
Info: jtag_uart_0_avalon_jtag_slave_agent: "mm_interconnect_0" instantiated altera_merlin_slave_agent "jtag_uart_0_avalon_jtag_slave_agent"
Info: jtag_uart_0_avalon_jtag_slave_agent_rsp_fifo: "mm_interconnect_0" instantiated altera_avalon_sc_fifo "jtag_uart_0_avalon_jtag_slave_agent_rsp_fifo"
Info: router: "mm_interconnect_0" instantiated altera_merlin_router "router"
Info: router_001: "mm_interconnect_0" instantiated altera_merlin_router "router_001"
Info: router_002: "mm_interconnect_0" instantiated altera_merlin_router "router_002"
Info: router_003: "mm_interconnect_0" instantiated altera_merlin_router "router_003"
Info: router_005: "mm_interconnect_0" instantiated altera_merlin_router "router_005"
Info: sram_0_avalon_sram_slave_burst_adapter: "mm_interconnect_0" instantiated altera_merlin_burst_adapter "sram_0_avalon_sram_slave_burst_adapter"
Info: cmd_demux: "mm_interconnect_0" instantiated altera_merlin_demultiplexer "cmd_demux"
Info: cmd_demux_001: "mm_interconnect_0" instantiated altera_merlin_demultiplexer "cmd_demux_001"
Info: cmd_mux: "mm_interconnect_0" instantiated altera_merlin_multiplexer "cmd_mux"
Info: cmd_mux_003: "mm_interconnect_0" instantiated altera_merlin_multiplexer "cmd_mux_003"
Info: Reusing file /home/ecegridfs/a/695r48/ece695r/hw3/hw3_SW/nios_system/synthesis/submodules/altera_merlin_arbitrator.sv
Info: rsp_demux: "mm_interconnect_0" instantiated altera_merlin_demultiplexer "rsp_demux"
Info: rsp_mux: "mm_interconnect_0" instantiated altera_merlin_multiplexer "rsp_mux"
Info: Reusing file /home/ecegridfs/a/695r48/ece695r/hw3/hw3_SW/nios_system/synthesis/submodules/altera_merlin_arbitrator.sv
Info: rsp_mux_001: "mm_interconnect_0" instantiated altera_merlin_multiplexer "rsp_mux_001"
Info: Reusing file /home/ecegridfs/a/695r48/ece695r/hw3/hw3_SW/nios_system/synthesis/submodules/altera_merlin_arbitrator.sv
Info: sram_0_avalon_sram_slave_rsp_width_adapter: "mm_interconnect_0" instantiated altera_merlin_width_adapter "sram_0_avalon_sram_slave_rsp_width_adapter"
Info: Reusing file /home/ecegridfs/a/695r48/ece695r/hw3/hw3_SW/nios_system/synthesis/submodules/altera_merlin_address_alignment.sv
Info: Reusing file /home/ecegridfs/a/695r48/ece695r/hw3/hw3_SW/nios_system/synthesis/submodules/altera_merlin_burst_uncompressor.sv
Info: avalon_st_adapter: "mm_interconnect_0" instantiated altera_avalon_st_adapter "avalon_st_adapter"
Info: avalon_st_adapter_001: "mm_interconnect_0" instantiated altera_avalon_st_adapter "avalon_st_adapter_001"
Info: error_adapter_0: "avalon_st_adapter" instantiated error_adapter "error_adapter_0"
Info: error_adapter_0: "avalon_st_adapter_001" instantiated error_adapter "error_adapter_0"
Info: nios_system: Done "nios_system" with 32 modules, 55 files
Info: qsys-generate succeeded.
Info: Finished: Create HDL design files for synthesis
