-- Catapult Ultra Synthesis: Report                                              
-- ------------------------- ---------------------------------------------------
-- Version:                  10.3d/815731 Production Release                     
-- Build Date:               Wed Apr 24 14:54:19 PDT 2019                        
                                                                                 
-- Generated by:             695r48@cparch23.ecn.purdue.edu                      
-- Generated date:           Tue Nov 09 14:55:45 EST 2021                        

Solution Settings: fir.v3
  Current state: extract
  Project: Catapult
  
  Design Input Files Specified
    $PROJECT_HOME/fir_inc.h
      $MGC_HOME/shared/include/ac_fixed.h
        $MGC_HOME/shared/include/ac_int.h
    $PROJECT_HOME/fir.cpp
      $PROJECT_HOME/fir_inc.h
        $MGC_HOME/shared/include/ac_fixed.h
          $MGC_HOME/shared/include/ac_int.h
  
  Processes/Blocks in Design
    Process       Real Operation(s) count Latency Throughput Reset Length II Comments 
    ------------- ----------------------- ------- ---------- ------------ -- --------
    /fir/core                          20      55         57            0  0          
    Design Total:                      20      55         57            0  0          
    
  Bill Of Materials (Datapath)
    Component Name                        Area Score Area(DSP) Area(LUTs) Delay Post Alloc Post Assign 
    ------------------------------------- ---------- --------- ---------- ----- ---------- -----------
    [Lib: Altera_DIST]                                                                                 
    DIST_1R1W_RBW_rport(1,16,5,32,32,16)       0.000     0.000      0.000 2.000          1           0 
    DIST_1R1W_RBW_rwport(1,16,5,32,32,16)      0.000     0.000      0.000 2.000          1           0 
    [Lib: ccs_ioport]                                                                                  
    ccs_in(2,16)                               0.000     0.000      0.000 0.000          1           1 
    ccs_out(3,16)                              0.000     0.000      0.000 0.000          1           1 
    [Lib: mgc_Altera-Cyclone-V-6_beh]                                                                  
    mgc_add(30,0,30,0,30)                     17.000     0.000     17.000 2.548          3           2 
    mgc_add(5,0,2,1,5)                         4.500     0.000      4.500 1.652          2           2 
    mgc_add(5,0,2,1,6)                         4.500     0.000      4.500 1.706          1           1 
    mgc_and(1,2)                               0.354     0.000      0.354 1.279          0           1 
    mgc_and(30,2)                             10.631     0.000     10.631 1.279          0           1 
    mgc_and(5,2)                               1.772     0.000      1.772 1.279          0           1 
    mgc_mul(16,1,16,1,30)                    310.000     1.000      0.000 4.600          1           1 
    mgc_mux(16,1,2)                            8.135     0.000      8.135 1.312          0           1 
    mgc_mux(16,5,32)                         166.490     0.000    166.490 2.844          3           3 
    mgc_mux(30,1,2)                           15.254     0.000     15.254 1.312          0           2 
    mgc_mux1hot(16,3)                         14.122     0.000     14.122 1.485          0           1 
    mgc_mux1hot(5,3)                           4.413     0.000      4.413 1.485          0           1 
    mgc_nor(1,2)                               0.354     0.000      0.354 1.268          0           1 
    mgc_not(1)                                 0.000     0.000      0.000 0.000          0          34 
    mgc_or(1,2)                                0.354     0.000      0.354 1.268          0           3 
    mgc_or(1,3)                                0.559     0.000      0.559 1.268          0           2 
    mgc_reg_pos(1,0,0,1,1,0,0)                 0.000     0.000      0.000 0.000          0           1 
    mgc_reg_pos(16,0,0,1,1,0,0)                0.000     0.000      0.000 0.000          0           1 
    mgc_reg_pos(16,0,0,1,1,1,1)                0.000     0.000      0.000 0.000          0          65 
    mgc_reg_pos(30,0,0,1,1,0,0)                0.000     0.000      0.000 0.000          0           1 
    mgc_reg_pos(30,0,0,1,1,1,1)                0.000     0.000      0.000 0.000          0           2 
    mgc_reg_pos(5,0,0,1,1,1,1)                 0.000     0.000      0.000 0.000          0           2 
    mgc_reg_pos(6,0,0,1,1,1,1)                 0.000     0.000      0.000 0.000          0           1 
    [Lib: mgc_ioport]                                                                                  
    mgc_io_sync(0)                             0.000     0.000      0.000 0.000          3           3 
                                                                                                       
    TOTAL AREA (After Assignment):           929.440     1.000    619.000                              
    
  C++ to RTL Interface Mappings
    C++ Field RTL Range RTL Range Expression Expression Limits 
    --------- --------- -------------------- -----------------
    
  Area Scores
                      Post-Scheduling   Post-DP & FSM Post-Assignment 
    ----------------- --------------- --------------- ---------------
    Total Area Score:    874.0          2100.5           929.4        
    Total Reg:             0.0             0.0             0.0        
                                                                      
    DataPath:            874.0 (100%)   2100.5 (100%)    929.4 (100%) 
      MUX:               499.5  (57%)   1088.5  (52%)    556.6  (60%) 
      FUNC:              374.5  (43%)    994.5  (47%)    357.5  (38%) 
      LOGIC:               0.0            17.5   (1%)     15.3   (2%) 
      BUFFER:              0.0             0.0             0.0        
      MEM:                 0.0             0.0             0.0        
      ROM:                 0.0             0.0             0.0        
      REG:                 0.0             0.0             0.0        
                                                                      
    
    FSM:                   0.0             0.0             0.0        
      FSM-REG:             0.0             0.0             0.0        
      FSM-COMB:            0.0             0.0             0.0        
                                                                      
    
  Register-to-Variable Mappings
    Register                        Size(bits) Gated Register CG Opt Done Variables                                             
    ------------------------------- ---------- -------------- ----------- -----------------------------------------------------
    MAC-1:mul.itm                           30                            MAC-1:mul.itm                                         
    MAC-2:mul.itm                           30         Y           Y      MAC-2:mul.itm                                         
                                                                          MAC-3:mul.itm                                         
    acc(32:3)#1.sva                         30         Y           Y      acc(32:3)#1.sva                                       
                                                                          acc(32:3).sva                                         
    MAC:mux#1.itm                           16                            MAC:mux#1.itm                                         
    MAC:mux#2.itm                           16         Y           Y      MAC:mux#2.itm                                         
    MAC:mux.itm                             16         Y           Y      MAC:mux.itm                                           
    out1:rsci.idat                          16         Y           Y      out1:rsci.idat                                        
    regs(0).sva                             16         Y           Y      regs(0).sva                                           
    regs(0).sva#1                           16         Y           Y      regs(0).sva#1                                         
    regs(1).sva                             16         Y           Y      regs(1).sva                                           
    regs(1).sva#1                           16         Y           Y      regs(1).sva#1                                         
    regs(10).sva                            16         Y           Y      regs(10).sva                                          
    regs(10).sva#1                          16         Y           Y      regs(10).sva#1                                        
    regs(11).sva                            16         Y           Y      regs(11).sva                                          
    regs(11).sva#1                          16         Y           Y      regs(11).sva#1                                        
    regs(12).sva                            16         Y           Y      regs(12).sva                                          
    regs(12).sva#1                          16         Y           Y      regs(12).sva#1                                        
    regs(13).sva                            16         Y           Y      regs(13).sva                                          
    regs(13).sva#1                          16         Y           Y      regs(13).sva#1                                        
    regs(14).sva                            16         Y           Y      regs(14).sva                                          
    regs(14).sva#1                          16         Y           Y      regs(14).sva#1                                        
    regs(15).sva                            16         Y           Y      regs(15).sva                                          
    regs(15).sva#1                          16         Y           Y      regs(15).sva#1                                        
    regs(16).sva                            16         Y           Y      regs(16).sva                                          
    regs(16).sva#1                          16         Y           Y      regs(16).sva#1                                        
    regs(17).sva                            16         Y           Y      regs(17).sva                                          
    regs(17).sva#1                          16         Y           Y      regs(17).sva#1                                        
    regs(18).sva                            16         Y           Y      regs(18).sva                                          
    regs(18).sva#1                          16         Y           Y      regs(18).sva#1                                        
    regs(19).sva                            16         Y           Y      regs(19).sva                                          
    regs(19).sva#1                          16         Y           Y      regs(19).sva#1                                        
    regs(2).sva                             16         Y           Y      regs(2).sva                                           
    regs(2).sva#1                           16         Y           Y      regs(2).sva#1                                         
    regs(20).sva                            16         Y           Y      regs(20).sva                                          
    regs(20).sva#1                          16         Y           Y      regs(20).sva#1                                        
    regs(21).sva                            16         Y           Y      regs(21).sva                                          
    regs(21).sva#1                          16         Y           Y      regs(21).sva#1                                        
    regs(22).sva                            16         Y           Y      regs(22).sva                                          
    regs(22).sva#1                          16         Y           Y      regs(22).sva#1                                        
    regs(23).sva                            16         Y           Y      regs(23).sva                                          
    regs(23).sva#1                          16         Y           Y      regs(23).sva#1                                        
    regs(24).sva                            16         Y           Y      regs(24).sva                                          
    regs(24).sva#1                          16         Y           Y      regs(24).sva#1                                        
    regs(25).sva                            16         Y           Y      regs(25).sva                                          
    regs(25).sva#1                          16         Y           Y      regs(25).sva#1                                        
    regs(26).sva                            16         Y           Y      regs(26).sva                                          
    regs(26).sva#1                          16         Y           Y      regs(26).sva#1                                        
    regs(27).sva                            16         Y           Y      regs(27).sva                                          
    regs(27).sva#1                          16         Y           Y      regs(27).sva#1                                        
    regs(28).sva                            16         Y           Y      regs(28).sva                                          
    regs(28).sva#1                          16         Y           Y      regs(28).sva#1                                        
    regs(29).sva                            16         Y           Y      regs(29).sva                                          
    regs(29).sva#1                          16         Y           Y      regs(29).sva#1                                        
    regs(3).sva                             16         Y           Y      regs(3).sva                                           
    regs(3).sva#1                           16         Y           Y      regs(3).sva#1                                         
    regs(30).sva                            16         Y           Y      regs(30).sva                                          
    regs(30).sva#1                          16         Y           Y      regs(30).sva#1                                        
    regs(4).sva                             16         Y           Y      regs(4).sva                                           
    regs(4).sva#1                           16         Y           Y      regs(4).sva#1                                         
    regs(5).sva                             16         Y           Y      regs(5).sva                                           
    regs(5).sva#1                           16         Y           Y      regs(5).sva#1                                         
    regs(6).sva                             16         Y           Y      regs(6).sva                                           
    regs(6).sva#1                           16         Y           Y      regs(6).sva#1                                         
    regs(7).sva                             16         Y           Y      regs(7).sva                                           
    regs(7).sva#1                           16         Y           Y      regs(7).sva#1                                         
    regs(8).sva                             16         Y           Y      regs(8).sva                                           
    regs(8).sva#1                           16         Y           Y      regs(8).sva#1                                         
    regs(9).sva                             16         Y           Y      regs(9).sva                                           
    regs(9).sva#1                           16         Y           Y      regs(9).sva#1                                         
    MAC:i(5:0).sva                           6         Y           Y      MAC:i(5:0).sva                                        
    MAC-3:acc#2.itm                          5         Y           Y      MAC-3:acc#2.itm                                       
    MAC:i(4:0).sva                           5         Y           Y      MAC:i(4:0).sva                                        
    reg(out1:rsc.triosy:obj.ld).cse          1                            reg(out1:rsc.triosy:obj.ld).cse                       
                                                                                                                                
    Total:                                1163           1116        1116 (Total Gating Ratio: 0.96, CG Opt Gating Ratio: 0.96) 
    
  Timing Report
    Critical Path
      Max Delay:  9.000044
      Slack:      0.9999559999999992
      
      Path                                                                            Startpoint                      Endpoint                     Delay  Slack  
      ------------------------------------------------------------------------------- ------------------------------- ---------------------------- ------ ------
      1                                                                               fir:core/reg(acc(32:3)#1)       fir:core/acc:acc:and.itm     9.0000 1.0000 
                                                                                                                                                                 
        Instance                                                                      Component                                                    Delta  Delay  
        --------                                                                      ---------                                                    -----  -----  
        fir:core/reg(acc(32:3)#1)                                                     mgc_reg_pos_30_0_0_1_1_1_1                                   0.0000 0.0000 
        fir:core/acc(32:3)#1.sva                                                                                                                   0.0000 0.0000 
        fir:core/MAC:mux#6                                                            mgc_mux_30_1_2                                               1.3121 1.3121 
        fir:core/MAC:mux#6.itm                                                                                                                     0.0000 1.3121 
        fir:core/MAC-3:acc#1:rg                                                       mgc_addc_30_0_30_0_30                                        2.5484 3.8605 
        fir:core/z.out                                                                                                                             0.0000 3.8605 
        fir:core/MAC-2:acc#1                                                          mgc_addc_30_0_30_0_30                                        2.5484 6.4090 
        fir:core/acc(32:3).sva#1                                                                                                                   0.0000 6.4090 
        fir:core/acc:mux                                                              mgc_mux_30_1_2                                               1.3121 7.7211 
        fir:core/acc:mux.itm                                                                                                                       0.0000 7.7211 
        fir:core/acc:acc:and                                                          mgc_and_30_2                                                 1.2790 9.0000 
        fir:core/acc:acc:and.itm                                                                                                                   0.0000 9.0000 
                                                                                                                                                                 
      2                                                                               fir:core/reg(MAC-1:mul)         fir:core/acc:acc:and.itm     9.0000 1.0000 
                                                                                                                                                                 
        Instance                                                                      Component                                                    Delta  Delay  
        --------                                                                      ---------                                                    -----  -----  
        fir:core/reg(MAC-1:mul)                                                       mgc_reg_pos_30_0_0_1_1_0_0                                   0.0000 0.0000 
        fir:core/MAC-1:mul.itm                                                                                                                     0.0000 0.0000 
        fir:core/MAC:mux#6                                                            mgc_mux_30_1_2                                               1.3121 1.3121 
        fir:core/MAC:mux#6.itm                                                                                                                     0.0000 1.3121 
        fir:core/MAC-3:acc#1:rg                                                       mgc_addc_30_0_30_0_30                                        2.5484 3.8605 
        fir:core/z.out                                                                                                                             0.0000 3.8605 
        fir:core/MAC-2:acc#1                                                          mgc_addc_30_0_30_0_30                                        2.5484 6.4090 
        fir:core/acc(32:3).sva#1                                                                                                                   0.0000 6.4090 
        fir:core/acc:mux                                                              mgc_mux_30_1_2                                               1.3121 7.7211 
        fir:core/acc:mux.itm                                                                                                                       0.0000 7.7211 
        fir:core/acc:acc:and                                                          mgc_and_30_2                                                 1.2790 9.0000 
        fir:core/acc:acc:and.itm                                                                                                                   0.0000 9.0000 
                                                                                                                                                                 
      3                                                                               fir:core/fir:core_core:fsm:inst fir:core/acc:acc:and.itm     9.0000 1.0000 
                                                                                                                                                                 
        Instance                                                                      Component                                                    Delta  Delay  
        --------                                                                      ---------                                                    -----  -----  
        fir:core/fir:core_core:fsm:inst                                               fir:core_core:fsm                                            0.0000 0.0000 
        fir:core/fsm_output                                                                                                                        0.0000 0.0000 
        fir:core/slc(fsm_output)(4)#13                                                                                                             0.0000 0.0000 
        fir:core/slc(fsm_output)(4)#13.itm                                                                                                         0.0000 0.0000 
        fir:core/MAC:mux#6                                                            mgc_mux_30_1_2                                               1.3121 1.3121 
        fir:core/MAC:mux#6.itm                                                                                                                     0.0000 1.3121 
        fir:core/MAC-3:acc#1:rg                                                       mgc_addc_30_0_30_0_30                                        2.5484 3.8605 
        fir:core/z.out                                                                                                                             0.0000 3.8605 
        fir:core/MAC-2:acc#1                                                          mgc_addc_30_0_30_0_30                                        2.5484 6.4090 
        fir:core/acc(32:3).sva#1                                                                                                                   0.0000 6.4090 
        fir:core/acc:mux                                                              mgc_mux_30_1_2                                               1.3121 7.7211 
        fir:core/acc:mux.itm                                                                                                                       0.0000 7.7211 
        fir:core/acc:acc:and                                                          mgc_and_30_2                                                 1.2790 9.0000 
        fir:core/acc:acc:and.itm                                                                                                                   0.0000 9.0000 
                                                                                                                                                                 
      4                                                                               fir:core/reg(MAC-2:mul)         fir:core/acc:acc:and.itm     7.6879 2.3121 
                                                                                                                                                                 
        Instance                                                                      Component                                                    Delta  Delay  
        --------                                                                      ---------                                                    -----  -----  
        fir:core/reg(MAC-2:mul)                                                       mgc_reg_pos_30_0_0_1_1_1_1                                   0.0000 0.0000 
        fir:core/MAC-2:mul.itm                                                                                                                     0.0000 0.0000 
        fir:core/MAC-3:acc#1:rg                                                       mgc_addc_30_0_30_0_30                                        2.5484 2.5484 
        fir:core/z.out                                                                                                                             0.0000 2.5484 
        fir:core/MAC-2:acc#1                                                          mgc_addc_30_0_30_0_30                                        2.5484 5.0969 
        fir:core/acc(32:3).sva#1                                                                                                                   0.0000 5.0969 
        fir:core/acc:mux                                                              mgc_mux_30_1_2                                               1.3121 6.4090 
        fir:core/acc:mux.itm                                                                                                                       0.0000 6.4090 
        fir:core/acc:acc:and                                                          mgc_and_30_2                                                 1.2790 7.6879 
        fir:core/acc:acc:and.itm                                                                                                                   0.0000 7.6879 
                                                                                                                                                                 
      5                                                                               fir:core/reg(MAC:i(4:0))        fir:core/reg(MAC:mux#2)      7.5147 2.4853 
                                                                                                                                                                 
        Instance                                                                      Component                                                    Delta  Delay  
        --------                                                                      ---------                                                    -----  -----  
        fir:core/reg(MAC:i(4:0))                                                      mgc_reg_pos_5_0_0_1_1_1_1                                    0.0000 0.0000 
        fir:core/MAC:i(4:0).sva                                                                                                                    0.0000 0.0000 
        fir:core/MAC-1:acc#2                                                          mgc_addc_5_0_2_1_5                                           1.6525 1.6525 
        fir:core/MAC-1:acc#2.psp.sva:mx0w0                                                                                                         0.0000 1.6525 
        fir:core/MAC:i:asn#2                                                                                                                       0.0000 1.6525 
        fir:core/MAC:i:asn#2.itm                                                                                                                   0.0000 1.6525 
        fir:core/MAC-2:acc#2                                                          mgc_addc_5_0_2_1_6                                           1.7060 3.3584 
        fir:core/MAC-2:acc#2.tmp                                                                                                                   0.0000 3.3584 
        fir:core/MAC:i:slc(MAC:i(5:0).sva:mx0w0)(4-0)                                                                                              0.0000 3.3584 
        fir:core/MAC:i:slc(MAC:i(5:0).sva:mx0w0)(4-0).itm                                                                                          0.0000 3.3584 
        fir:core/MAC:mux#4                                                            mgc_mux_16_5_32                                              2.8441 6.2026 
        fir:core/MAC:mux#4.itm                                                                                                                     0.0000 6.2026 
        fir:core/MAC:mux#5                                                            mgc_mux_16_1_2                                               1.3121 7.5147 
        fir:core/MAC:mux#5.itm                                                                                                                     0.0000 7.5147 
        fir:core/reg(MAC:mux#2)                                                       mgc_reg_pos_16_0_0_1_1_1_1                                   0.0000 7.5147 
                                                                                                                                                                 
      6                                                                               fir/coeffs:rsc.q                fir:core/reg(MAC-2:mul)      6.6000 3.4000 
                                                                                                                                                                 
        Instance                                                                      Component                                                    Delta  Delay  
        --------                                                                      ---------                                                    -----  -----  
        fir/coeffs:rsc.q                                                                                                                           2.0000 2.0000 
        fir:Altera_DIST.DIST_1R1W_RBW_rport(1,16,5,32,32,16)gen/q                                                                                  0.0000 2.0000 
        fir:Altera_DIST.DIST_1R1W_RBW_rport(1,16,5,32,32,16)gen/coeffs:wrs(q_d)(15-0)                                                              0.0000 2.0000 
        fir:Altera_DIST.DIST_1R1W_RBW_rport(1,16,5,32,32,16)gen/q_d                                                                                0.0000 2.0000 
        fir/coeffs:rsci.q_d                                                                                                                        0.0000 2.0000 
        fir:core/coeffs:rsci.q_d                                                                                                                   0.0000 2.0000 
        fir:core/MAC:asn                                                                                                                           0.0000 2.0000 
        fir:core/MAC:asn.itm                                                                                                                       0.0000 2.0000 
        fir:core/MAC-1:mul:rg                                                         mgc_mul_16_1_16_1_30                                         4.6000 6.6000 
        fir:core/z.out#1                                                                                                                           0.0000 6.6000 
        fir:core/reg(MAC-2:mul)                                                       mgc_reg_pos_30_0_0_1_1_1_1                                   0.0000 6.6000 
                                                                                                                                                                 
      7                                                                               fir:core/reg(acc(32:3)#1)       fir:core/acc:acc:and.itm     6.4516 3.5484 
                                                                                                                                                                 
        Instance                                                                      Component                                                    Delta  Delay  
        --------                                                                      ---------                                                    -----  -----  
        fir:core/reg(acc(32:3)#1)                                                     mgc_reg_pos_30_0_0_1_1_1_1                                   0.0000 0.0000 
        fir:core/acc(32:3)#1.sva                                                                                                                   0.0000 0.0000 
        fir:core/MAC:mux#6                                                            mgc_mux_30_1_2                                               1.3121 1.3121 
        fir:core/MAC:mux#6.itm                                                                                                                     0.0000 1.3121 
        fir:core/MAC-3:acc#1:rg                                                       mgc_addc_30_0_30_0_30                                        2.5484 3.8605 
        fir:core/z.out                                                                                                                             0.0000 3.8605 
        fir:core/acc:mux                                                              mgc_mux_30_1_2                                               1.3121 5.1726 
        fir:core/acc:mux.itm                                                                                                                       0.0000 5.1726 
        fir:core/acc:acc:and                                                          mgc_and_30_2                                                 1.2790 6.4516 
        fir:core/acc:acc:and.itm                                                                                                                   0.0000 6.4516 
                                                                                                                                                                 
      8                                                                               fir:core/reg(MAC-1:mul)         fir:core/acc:acc:and.itm     6.4516 3.5484 
                                                                                                                                                                 
        Instance                                                                      Component                                                    Delta  Delay  
        --------                                                                      ---------                                                    -----  -----  
        fir:core/reg(MAC-1:mul)                                                       mgc_reg_pos_30_0_0_1_1_0_0                                   0.0000 0.0000 
        fir:core/MAC-1:mul.itm                                                                                                                     0.0000 0.0000 
        fir:core/MAC:mux#6                                                            mgc_mux_30_1_2                                               1.3121 1.3121 
        fir:core/MAC:mux#6.itm                                                                                                                     0.0000 1.3121 
        fir:core/MAC-3:acc#1:rg                                                       mgc_addc_30_0_30_0_30                                        2.5484 3.8605 
        fir:core/z.out                                                                                                                             0.0000 3.8605 
        fir:core/acc:mux                                                              mgc_mux_30_1_2                                               1.3121 5.1726 
        fir:core/acc:mux.itm                                                                                                                       0.0000 5.1726 
        fir:core/acc:acc:and                                                          mgc_and_30_2                                                 1.2790 6.4516 
        fir:core/acc:acc:and.itm                                                                                                                   0.0000 6.4516 
                                                                                                                                                                 
      9                                                                               fir:core/fir:core_core:fsm:inst fir:core/acc:acc:and.itm     6.4516 3.5484 
                                                                                                                                                                 
        Instance                                                                      Component                                                    Delta  Delay  
        --------                                                                      ---------                                                    -----  -----  
        fir:core/fir:core_core:fsm:inst                                               fir:core_core:fsm                                            0.0000 0.0000 
        fir:core/fsm_output                                                                                                                        0.0000 0.0000 
        fir:core/slc(fsm_output)(4)#13                                                                                                             0.0000 0.0000 
        fir:core/slc(fsm_output)(4)#13.itm                                                                                                         0.0000 0.0000 
        fir:core/MAC:mux#6                                                            mgc_mux_30_1_2                                               1.3121 1.3121 
        fir:core/MAC:mux#6.itm                                                                                                                     0.0000 1.3121 
        fir:core/MAC-3:acc#1:rg                                                       mgc_addc_30_0_30_0_30                                        2.5484 3.8605 
        fir:core/z.out                                                                                                                             0.0000 3.8605 
        fir:core/acc:mux                                                              mgc_mux_30_1_2                                               1.3121 5.1726 
        fir:core/acc:mux.itm                                                                                                                       0.0000 5.1726 
        fir:core/acc:acc:and                                                          mgc_and_30_2                                                 1.2790 6.4516 
        fir:core/acc:acc:and.itm                                                                                                                   0.0000 6.4516 
                                                                                                                                                                 
      10                                                                              fir:core/reg(acc(32:3)#1)       fir:core/reg(out1:rsci.idat) 6.4090 3.5910 
                                                                                                                                                                 
        Instance                                                                      Component                                                    Delta  Delay  
        --------                                                                      ---------                                                    -----  -----  
        fir:core/reg(acc(32:3)#1)                                                     mgc_reg_pos_30_0_0_1_1_1_1                                   0.0000 0.0000 
        fir:core/acc(32:3)#1.sva                                                                                                                   0.0000 0.0000 
        fir:core/MAC:mux#6                                                            mgc_mux_30_1_2                                               1.3121 1.3121 
        fir:core/MAC:mux#6.itm                                                                                                                     0.0000 1.3121 
        fir:core/MAC-3:acc#1:rg                                                       mgc_addc_30_0_30_0_30                                        2.5484 3.8605 
        fir:core/z.out                                                                                                                             0.0000 3.8605 
        fir:core/MAC-2:acc#1                                                          mgc_addc_30_0_30_0_30                                        2.5484 6.4090 
        fir:core/acc(32:3).sva#1                                                                                                                   0.0000 6.4090 
        fir:core/acc:slc(acc(32:3).sva#1)(29-14)                                                                                                   0.0000 6.4090 
        fir:core/acc:slc(acc(32:3).sva#1)(29-14).itm                                                                                               0.0000 6.4090 
        fir:core/reg(out1:rsci.idat)                                                  mgc_reg_pos_16_0_0_1_1_1_1                                   0.0000 6.4090 
                                                                                                                                                                 
      
    Register Input and Register-to-Output Slack
      Clock period or pin-to-reg delay constraint (clk): 10.0
      Clock uncertainty constraint (clk)               : 0.0
      
      Instance                             Port                                  Slack (Delay) Messages 
      ------------------------------------ ----------------------------------- ------- ------- --------
      fir:core/reg(acc(32:3)#1)            acc:acc:and.itm                      1.0000  9.0000          
      fir:core/reg(out1:rsci.idat)         acc:slc(acc(32:3).sva#1)(29-14).itm  3.5910  6.4090          
      fir:core/reg(MAC:i(4:0))             MAC:i:MAC:i:MAC:i:and.itm            8.7210  1.2790          
      fir:core/reg(regs(0))                regs(0).sva#1                        7.1559  2.8441          
      fir:core/reg(regs(3))                regs(3).sva#1                       10.0000  0.0000          
      fir:core/reg(regs(6))                regs(6).sva#1                       10.0000  0.0000          
      fir:core/reg(regs(9))                regs(9).sva#1                       10.0000  0.0000          
      fir:core/reg(regs(12))               regs(12).sva#1                      10.0000  0.0000          
      fir:core/reg(regs(15))               regs(15).sva#1                      10.0000  0.0000          
      fir:core/reg(regs(18))               regs(18).sva#1                      10.0000  0.0000          
      fir:core/reg(regs(21))               regs(21).sva#1                      10.0000  0.0000          
      fir:core/reg(regs(24))               regs(24).sva#1                      10.0000  0.0000          
      fir:core/reg(regs(27))               regs(27).sva#1                      10.0000  0.0000          
      fir:core/reg(regs(30))               regs(30).sva#1                      10.0000  0.0000          
      fir:core/reg(regs(0))#1              in1:rsci.idat                       10.0000  0.0000          
      fir:core/reg(regs(2))                regs(2).sva#1                       10.0000  0.0000          
      fir:core/reg(regs(5))                regs(5).sva#1                       10.0000  0.0000          
      fir:core/reg(regs(8))                regs(8).sva#1                       10.0000  0.0000          
      fir:core/reg(regs(11))               regs(11).sva#1                      10.0000  0.0000          
      fir:core/reg(regs(14))               regs(14).sva#1                      10.0000  0.0000          
      fir:core/reg(regs(17))               regs(17).sva#1                      10.0000  0.0000          
      fir:core/reg(regs(20))               regs(20).sva#1                      10.0000  0.0000          
      fir:core/reg(regs(23))               regs(23).sva#1                      10.0000  0.0000          
      fir:core/reg(regs(26))               regs(26).sva#1                      10.0000  0.0000          
      fir:core/reg(regs(29))               regs(29).sva#1                      10.0000  0.0000          
      fir:core/reg(out1:rsc.triosy:obj.ld) reg(out1:out1:and.cse                8.7210  1.2790          
      fir:core/reg(regs(1))                regs(1).sva#1                       10.0000  0.0000          
      fir:core/reg(regs(4))                regs(4).sva#1                       10.0000  0.0000          
      fir:core/reg(regs(7))                regs(7).sva#1                       10.0000  0.0000          
      fir:core/reg(regs(10))               regs(10).sva#1                      10.0000  0.0000          
      fir:core/reg(regs(13))               regs(13).sva#1                      10.0000  0.0000          
      fir:core/reg(regs(16))               regs(16).sva#1                      10.0000  0.0000          
      fir:core/reg(regs(19))               regs(19).sva#1                      10.0000  0.0000          
      fir:core/reg(regs(22))               regs(22).sva#1                      10.0000  0.0000          
      fir:core/reg(regs(25))               regs(25).sva#1                      10.0000  0.0000          
      fir:core/reg(regs(28))               regs(28).sva#1                      10.0000  0.0000          
      fir:core/reg(regs(30))#1             regs(29).sva                         7.1559  2.8441          
      fir:core/reg(regs(29))#1             regs(28).sva                         5.8437  4.1563          
      fir:core/reg(regs(28))#1             regs(27).sva                         7.1559  2.8441          
      fir:core/reg(regs(27))#1             regs(26).sva                         7.1559  2.8441          
      fir:core/reg(regs(26))#1             regs(25).sva                         5.8437  4.1563          
      fir:core/reg(regs(25))#1             regs(24).sva                         7.1559  2.8441          
      fir:core/reg(regs(24))#1             regs(23).sva                         7.1559  2.8441          
      fir:core/reg(regs(23))#1             regs(22).sva                         5.8437  4.1563          
      fir:core/reg(regs(22))#1             regs(21).sva                         7.1559  2.8441          
      fir:core/reg(regs(21))#1             regs(20).sva                         7.1559  2.8441          
      fir:core/reg(regs(20))#1             regs(19).sva                         5.8437  4.1563          
      fir:core/reg(regs(19))#1             regs(18).sva                         7.1559  2.8441          
      fir:core/reg(regs(18))#1             regs(17).sva                         7.1559  2.8441          
      fir:core/reg(regs(17))#1             regs(16).sva                         5.8437  4.1563          
      fir:core/reg(regs(16))#1             regs(15).sva                         7.1559  2.8441          
      fir:core/reg(regs(15))#1             regs(14).sva                         7.1559  2.8441          
      fir:core/reg(regs(14))#1             regs(13).sva                         5.8437  4.1563          
      fir:core/reg(regs(13))#1             regs(12).sva                         7.1559  2.8441          
      fir:core/reg(regs(12))#1             regs(11).sva                         7.1559  2.8441          
      fir:core/reg(regs(11))#1             regs(10).sva                         5.8437  4.1563          
      fir:core/reg(regs(10))#1             regs(9).sva                          7.1559  2.8441          
      fir:core/reg(regs(9))#1              regs(8).sva                          7.1559  2.8441          
      fir:core/reg(regs(8))#1              regs(7).sva                          5.8437  4.1563          
      fir:core/reg(regs(7))#1              regs(6).sva                          7.1559  2.8441          
      fir:core/reg(regs(6))#1              regs(5).sva                          7.1559  2.8441          
      fir:core/reg(regs(5))#1              regs(4).sva                          5.8437  4.1563          
      fir:core/reg(regs(4))#1              regs(3).sva                          7.1559  2.8441          
      fir:core/reg(regs(3))#1              regs(2).sva                          7.1559  2.8441          
      fir:core/reg(regs(2))#1              regs(1).sva                          5.8437  4.1563          
      fir:core/reg(regs(1))#1              regs(0).sva                          7.1559  2.8441          
      fir:core/reg(MAC:i(5:0))             MAC-2:acc#2.tmp                      2.4853  7.5147          
      fir:core/reg(MAC:mux)                MAC:mux.itm#2                        7.1559  2.8441          
      fir:core/reg(MAC:mux#1)              MAC:mux#2.itm#3                      5.5034  4.4966          
      fir:core/reg(MAC-3:acc#2)            MAC-3:acc#2.itm#3                    4.9891  5.0109          
      fir:core/reg(MAC:mux#2)              MAC:mux#5.itm                        2.4853  7.5147          
      fir:core/reg(MAC-2:mul)              z.out#1                              3.4000  6.6000          
      fir:core/reg(MAC-1:mul)              z.out#1                              3.4000  6.6000          
      fir                                  coeffs:rsc.radr                      6.3628  3.6372          
      fir                                  coeffs:rsc.triosy.lz                10.0000  0.0000          
      fir                                  in1:rsc.triosy.lz                   10.0000  0.0000          
      fir                                  out1:rsc.dat                        10.0000  0.0000          
      fir                                  out1:rsc.triosy.lz                  10.0000  0.0000          
      
  Operator Bitwidth Summary
    Operation  Size (bits) Count 
    ---------- ----------- -----
    add                          
    -                    6     1 
    -                    5     2 
    -                   30     2 
    and                          
    -                    5     1 
    -                   30     1 
    -                    1     1 
    mul                          
    -                   30     1 
    mux                          
    -                   30     2 
    -                   16     4 
    mux1h                        
    -                    5     1 
    -                   16     1 
    nor                          
    -                    1     1 
    not                          
    -                    1    34 
    or                           
    -                    1     5 
    read_port                    
    -                   16     1 
    read_sync                    
    -                    0     3 
    reg                          
    -                    6     1 
    -                    5     2 
    -                   30     3 
    -                   16    66 
    -                    1     1 
    write_port                   
    -                    0     1 
    
  End of Report
