-- Catapult Ultra Synthesis: Report                                              
-- ------------------------- ---------------------------------------------------
-- Version:                  10.3d/815731 Production Release                     
-- Build Date:               Wed Apr 24 14:54:19 PDT 2019                        
                                                                                 
-- Generated by:             695r48@cparch23.ecn.purdue.edu                      
-- Generated date:           Tue Nov 09 15:59:10 EST 2021                        

Solution Settings: fir.v13
  Current state: extract
  Project: Catapult
  
  Design Input Files Specified
    $PROJECT_HOME/fir_inc.h
      $MGC_HOME/shared/include/ac_fixed.h
        $MGC_HOME/shared/include/ac_int.h
    $PROJECT_HOME/fir.cpp
      $PROJECT_HOME/fir_inc.h
        $MGC_HOME/shared/include/ac_fixed.h
          $MGC_HOME/shared/include/ac_int.h
  
  Processes/Blocks in Design
    Process       Real Operation(s) count Latency Throughput Reset Length II Comments 
    ------------- ----------------------- ------- ---------- ------------ -- --------
    /fir/core                         100      35         33            1  0          
    Design Total:                     100      35         33            1 33          
    
  Bill Of Materials (Datapath)
    Component Name                        Area Score Area(DSP) Area(LUTs) Delay Post Alloc Post Assign 
    ------------------------------------- ---------- --------- ---------- ----- ---------- -----------
    [Lib: Altera_DIST]                                                                                 
    DIST_1R1W_RBW_rport(1,16,5,32,32,16)       0.000     0.000      0.000 2.000          1           0 
    DIST_1R1W_RBW_rwport(1,16,5,32,32,16)      0.000     0.000      0.000 2.000          1           0 
    [Lib: ccs_ioport]                                                                                  
    ccs_in(2,16)                               0.000     0.000      0.000 0.000          1           1 
    ccs_out(3,16)                              0.000     0.000      0.000 0.000          1           1 
    [Lib: mgc_Altera-Cyclone-V-6_beh]                                                                  
    mgc_add(30,0,30,0,30)                     17.000     0.000     17.000 2.548         31           8 
    mgc_and(1,2)                               0.354     0.000      0.354 1.279          0           1 
    mgc_and(5,2)                               1.772     0.000      1.772 1.279          0           1 
    mgc_mul(16,1,16,1,30)                    310.000     1.000      0.000 4.600          1          32 
    mgc_mux(30,1,2)                           15.254     0.000     15.254 1.312          0           4 
    mgc_mux1hot(30,16)                       191.636     0.000    191.636 2.662          0           1 
    mgc_mux1hot(30,18)                       217.045     0.000    217.045 2.745          0           1 
    mgc_mux1hot(30,3)                         26.479     0.000     26.479 1.485          0           1 
    mgc_mux1hot(5,30)                         61.583     0.000     61.583 3.105          0           1 
    mgc_nor(1,2)                               0.354     0.000      0.354 1.268          0           1 
    mgc_nor(1,3)                               0.559     0.000      0.559 1.268          0           1 
    mgc_nor(1,9)                               1.789     0.000      1.789 1.487          0           1 
    mgc_or(1,16)                               3.223     0.000      3.223 1.706          0           1 
    mgc_or(1,2)                                0.354     0.000      0.354 1.268          0           2 
    mgc_or(1,3)                                0.559     0.000      0.559 1.268          0           1 
    mgc_or(1,6)                                1.174     0.000      1.174 1.487          0           1 
    mgc_or(1,7)                                1.379     0.000      1.379 1.487          0           1 
    mgc_or(5,2)                                1.772     0.000      1.772 1.268          0           1 
    mgc_reg_pos(1,0,0,1,1,0,0)                 0.000     0.000      0.000 0.000          0           3 
    mgc_reg_pos(1,0,0,1,1,1,1)                 0.000     0.000      0.000 0.000          0           1 
    mgc_reg_pos(16,0,0,1,1,1,1)                0.000     0.000      0.000 0.000          0          33 
    mgc_reg_pos(30,0,0,1,1,0,0)                0.000     0.000      0.000 0.000          0           1 
    mgc_reg_pos(30,0,0,1,1,1,1)                0.000     0.000      0.000 0.000          0           5 
    [Lib: mgc_ioport]                                                                                  
    mgc_io_sync(0)                             0.000     0.000      0.000 0.000          3           3 
                                                                                                       
    TOTAL AREA (After Assignment):         10627.401    32.000    707.000                              
    
  C++ to RTL Interface Mappings
    C++ Field RTL Range RTL Range Expression Expression Limits 
    --------- --------- -------------------- -----------------
    
  Area Scores
                      Post-Scheduling    Post-DP & FSM  Post-Assignment 
    ----------------- --------------- ---------------- ----------------
    Total Area Score:    837.0          10664.1          10627.4        
    Total Reg:             0.0              0.0              0.0        
                                                                        
    DataPath:            837.0 (100%)   10664.1 (100%)   10627.4 (100%) 
      MUX:                 0.0            556.9   (5%)     557.8   (5%) 
      FUNC:              837.0 (100%)   10090.0  (95%)   10056.0  (95%) 
      LOGIC:               0.0             17.1   (0%)      13.6   (0%) 
      BUFFER:              0.0              0.0              0.0        
      MEM:                 0.0              0.0              0.0        
      ROM:                 0.0              0.0              0.0        
      REG:                 0.0              0.0              0.0        
                                                                        
    
    FSM:                   0.0              0.0              0.0        
      FSM-REG:             0.0              0.0              0.0        
      FSM-COMB:            0.0              0.0              0.0        
                                                                        
    
  Register-to-Variable Mappings
    Register                 Size(bits) Gated Register CG Opt Done Variables                                             
    ------------------------ ---------- -------------- ----------- -----------------------------------------------------
    MAC-10:mul.itm                   30         Y           Y      MAC-10:mul.itm                                        
                                                                   MAC-12:mul.itm                                        
                                                                   MAC-14:mul.itm                                        
                                                                   MAC-16:mul.itm                                        
                                                                   MAC-18:mul.itm                                        
                                                                   MAC-20:mul.itm                                        
                                                                   MAC-22:mul.itm                                        
                                                                   MAC-24:mul.itm                                        
                                                                   MAC-26:mul.itm                                        
                                                                   MAC-28:mul.itm                                        
                                                                   MAC-2:mul.itm.1                                       
                                                                   MAC-30:mul.itm                                        
                                                                   MAC-32:mul.itm                                        
                                                                   MAC-4:mul.itm                                         
                                                                   MAC-6:mul.itm                                         
                                                                   MAC-8:mul.itm                                         
                                                                   MAC-2:mul.itm                                         
    MAC-11:mul.itm                   30                            MAC-11:mul.itm                                        
                                                                   MAC-9:mul.itm                                         
                                                                   MAC-13:mul.itm                                        
                                                                   MAC-15:mul.itm                                        
                                                                   MAC-17:mul.itm                                        
                                                                   MAC-19:mul.itm                                        
                                                                   MAC-21:mul.itm                                        
                                                                   MAC-23:mul.itm                                        
                                                                   MAC-25:mul.itm                                        
                                                                   MAC-27:mul.itm                                        
                                                                   MAC-1:mul.itm.1                                       
                                                                   MAC-29:mul.itm                                        
                                                                   MAC-31:mul.itm                                        
                                                                   MAC-3:mul.itm                                         
                                                                   MAC-5:mul.itm                                         
                                                                   MAC-7:mul.itm                                         
                                                                   MAC:acc#27.itm                                        
                                                                   MAC:acc#29.itm                                        
    MAC:acc#10.itm                   30         Y           Y      MAC:acc#10.itm                                        
                                                                   MAC:acc#12.itm                                        
                                                                   MAC:acc#14.itm                                        
                                                                   MAC:acc#16.itm.1                                      
                                                                   MAC:acc#18.itm                                        
                                                                   MAC:acc#20.itm                                        
                                                                   MAC:acc#26.itm                                        
                                                                   MAC:acc#6.itm                                         
                                                                   MAC:acc#16.itm                                        
    MAC:acc#22.itm                   30         Y           Y      MAC:acc#22.itm                                        
                                                                   MAC:acc#24.itm.1                                      
                                                                   MAC:acc#30.itm                                        
                                                                   MAC:acc#4.itm                                         
                                                                   MAC:acc#24.itm                                        
    MAC:acc#28.itm.1                 30         Y           Y      MAC:acc#28.itm.1                                      
                                                                   MAC:acc#8.itm                                         
                                                                   MAC:acc#28.itm                                        
    MAC:acc.itm                      30         Y           Y      MAC:acc.itm                                           
                                                                   MAC:acc.itm.1                                         
    MAC:asn#90.itm                   16         Y           Y      MAC:asn#90.itm                                        
    asn.ncse.sva                     16         Y           Y      asn.ncse.sva                                          
    out1:rsci.idat                   16         Y           Y      out1:rsci.idat                                        
    reg(MAC:asn#62).cse              16         Y           Y      reg(MAC:asn#62).cse                                   
    reg(MAC:asn#63).cse              16         Y           Y      reg(MAC:asn#63).cse                                   
    reg(MAC:asn#64).cse              16         Y           Y      reg(MAC:asn#64).cse                                   
    reg(MAC:asn#65).cse              16         Y           Y      reg(MAC:asn#65).cse                                   
    reg(MAC:asn#66).cse              16         Y           Y      reg(MAC:asn#66).cse                                   
    reg(MAC:asn#67).cse              16         Y           Y      reg(MAC:asn#67).cse                                   
    reg(MAC:asn#68).cse              16         Y           Y      reg(MAC:asn#68).cse                                   
    reg(MAC:asn#69).cse              16         Y           Y      reg(MAC:asn#69).cse                                   
    reg(MAC:asn#70).cse              16         Y           Y      reg(MAC:asn#70).cse                                   
    reg(MAC:asn#71).cse              16         Y           Y      reg(MAC:asn#71).cse                                   
    reg(MAC:asn#72).cse              16         Y           Y      reg(MAC:asn#72).cse                                   
    reg(MAC:asn#73).cse              16         Y           Y      reg(MAC:asn#73).cse                                   
    reg(MAC:asn#74).cse              16         Y           Y      reg(MAC:asn#74).cse                                   
    reg(MAC:asn#75).cse              16         Y           Y      reg(MAC:asn#75).cse                                   
    reg(MAC:asn#76).cse              16         Y           Y      reg(MAC:asn#76).cse                                   
    reg(MAC:asn#77).cse              16         Y           Y      reg(MAC:asn#77).cse                                   
    reg(MAC:asn#78).cse              16         Y           Y      reg(MAC:asn#78).cse                                   
    reg(MAC:asn#79).cse              16         Y           Y      reg(MAC:asn#79).cse                                   
    reg(MAC:asn#80).cse              16         Y           Y      reg(MAC:asn#80).cse                                   
    reg(MAC:asn#81).cse              16         Y           Y      reg(MAC:asn#81).cse                                   
    reg(MAC:asn#82).cse              16         Y           Y      reg(MAC:asn#82).cse                                   
    reg(MAC:asn#83).cse              16         Y           Y      reg(MAC:asn#83).cse                                   
    reg(MAC:asn#84).cse              16         Y           Y      reg(MAC:asn#84).cse                                   
    reg(MAC:asn#85).cse              16         Y           Y      reg(MAC:asn#85).cse                                   
    reg(MAC:asn#86).cse              16         Y           Y      reg(MAC:asn#86).cse                                   
    reg(MAC:asn#87).cse              16         Y           Y      reg(MAC:asn#87).cse                                   
    reg(MAC:asn#88).cse              16         Y           Y      reg(MAC:asn#88).cse                                   
    reg(MAC:asn#89).cse              16         Y           Y      reg(MAC:asn#89).cse                                   
    regs(0).sva                      16         Y           Y      regs(0).sva                                           
                                                                   regs(1).sva                                           
    regs(2).sva                      16         Y           Y      regs(2).sva                                           
    coeffs:rsc.triosy:obj.ld          1                            coeffs:rsc.triosy:obj.ld                              
    in1:rsc.triosy:obj.ld             1                            in1:rsc.triosy:obj.ld                                 
    main.stage_0.2                    1         Y           Y      main.stage_0.2                                        
    out1:rsc.triosy:obj.ld            1                            out1:rsc.triosy:obj.ld                                
                                                                                                                         
    Total:                          712            679         679 (Total Gating Ratio: 0.95, CG Opt Gating Ratio: 0.95) 
    
  Timing Report
    Critical Path
      Max Delay:  10.641185
      Slack:      -0.6411850000000001
      
      Path                                 Startpoint                      Endpoint                 Delay   Slack   
      ------------------------------------ ------------------------------- ------------------------ ------- -------
      1                                    fir:core/fir:core_core:fsm:inst fir:core/reg(MAC-11:mul) 10.6412 -0.6412 
                                                                                                                    
        Instance                           Component                                                Delta   Delay   
        --------                           ---------                                                -----   -----   
        fir:core/fir:core_core:fsm:inst    fir:core_core:fsm                                        0.0000  0.0000  
        fir:core/fsm_output                                                                         0.0000  0.0000  
        fir:core/slc(fsm_output)(30)#8                                                              0.0000  0.0000  
        fir:core/slc(fsm_output)(30)#8.itm                                                          0.0000  0.0000  
        fir:core/or#184                    mgc_or_1_6                                               1.4869  1.4869  
        fir:core/or#184.itm                                                                         0.0000  1.4869  
        fir:core/MAC:mux#1                 mgc_mux_30_1_2                                           1.3121  2.7990  
        fir:core/MAC:mux#1.itm                                                                      0.0000  2.7990  
        fir:core/MAC:acc#19:rg             mgc_addc_30_0_30_0_30                                    2.5484  5.3475  
        fir:core/z.out#1                                                                            0.0000  5.3475  
        fir:core/MAC:acc#29                mgc_addc_30_0_30_0_30                                    2.5484  7.8959  
        fir:core/MAC:acc#29.itm:mx0w2                                                               0.0000  7.8959  
        fir:core/MAC:mux1h#4               mgc_mux1hot_30_18                                        2.7453  10.6412 
        fir:core/MAC:mux1h#4.itm                                                                    0.0000  10.6412 
        fir:core/reg(MAC-11:mul)           mgc_reg_pos_30_0_0_1_1_0_0                               0.0000  10.6412 
                                                                                                                    
      2                                    fir:core/fir:core_core:fsm:inst fir:core/reg(MAC-11:mul) 10.6412 -0.6412 
                                                                                                                    
        Instance                           Component                                                Delta   Delay   
        --------                           ---------                                                -----   -----   
        fir:core/fir:core_core:fsm:inst    fir:core_core:fsm                                        0.0000  0.0000  
        fir:core/fsm_output                                                                         0.0000  0.0000  
        fir:core/slc(fsm_output)(26)#6                                                              0.0000  0.0000  
        fir:core/slc(fsm_output)(26)#6.itm                                                          0.0000  0.0000  
        fir:core/or#184                    mgc_or_1_6                                               1.4869  1.4869  
        fir:core/or#184.itm                                                                         0.0000  1.4869  
        fir:core/MAC:mux#1                 mgc_mux_30_1_2                                           1.3121  2.7990  
        fir:core/MAC:mux#1.itm                                                                      0.0000  2.7990  
        fir:core/MAC:acc#19:rg             mgc_addc_30_0_30_0_30                                    2.5484  5.3475  
        fir:core/z.out#1                                                                            0.0000  5.3475  
        fir:core/MAC:acc#29                mgc_addc_30_0_30_0_30                                    2.5484  7.8959  
        fir:core/MAC:acc#29.itm:mx0w2                                                               0.0000  7.8959  
        fir:core/MAC:mux1h#4               mgc_mux1hot_30_18                                        2.7453  10.6412 
        fir:core/MAC:mux1h#4.itm                                                                    0.0000  10.6412 
        fir:core/reg(MAC-11:mul)           mgc_reg_pos_30_0_0_1_1_0_0                               0.0000  10.6412 
                                                                                                                    
      3                                    fir:core/fir:core_core:fsm:inst fir:core/reg(MAC-11:mul) 10.6412 -0.6412 
                                                                                                                    
        Instance                           Component                                                Delta   Delay   
        --------                           ---------                                                -----   -----   
        fir:core/fir:core_core:fsm:inst    fir:core_core:fsm                                        0.0000  0.0000  
        fir:core/fsm_output                                                                         0.0000  0.0000  
        fir:core/slc(fsm_output)(22)#7                                                              0.0000  0.0000  
        fir:core/slc(fsm_output)(22)#7.itm                                                          0.0000  0.0000  
        fir:core/or#184                    mgc_or_1_6                                               1.4869  1.4869  
        fir:core/or#184.itm                                                                         0.0000  1.4869  
        fir:core/MAC:mux#1                 mgc_mux_30_1_2                                           1.3121  2.7990  
        fir:core/MAC:mux#1.itm                                                                      0.0000  2.7990  
        fir:core/MAC:acc#19:rg             mgc_addc_30_0_30_0_30                                    2.5484  5.3475  
        fir:core/z.out#1                                                                            0.0000  5.3475  
        fir:core/MAC:acc#29                mgc_addc_30_0_30_0_30                                    2.5484  7.8959  
        fir:core/MAC:acc#29.itm:mx0w2                                                               0.0000  7.8959  
        fir:core/MAC:mux1h#4               mgc_mux1hot_30_18                                        2.7453  10.6412 
        fir:core/MAC:mux1h#4.itm                                                                    0.0000  10.6412 
        fir:core/reg(MAC-11:mul)           mgc_reg_pos_30_0_0_1_1_0_0                               0.0000  10.6412 
                                                                                                                    
      4                                    fir:core/fir:core_core:fsm:inst fir:core/reg(MAC-11:mul) 10.6412 -0.6412 
                                                                                                                    
        Instance                           Component                                                Delta   Delay   
        --------                           ---------                                                -----   -----   
        fir:core/fir:core_core:fsm:inst    fir:core_core:fsm                                        0.0000  0.0000  
        fir:core/fsm_output                                                                         0.0000  0.0000  
        fir:core/slc(fsm_output)(14)#5                                                              0.0000  0.0000  
        fir:core/slc(fsm_output)(14)#5.itm                                                          0.0000  0.0000  
        fir:core/or#184                    mgc_or_1_6                                               1.4869  1.4869  
        fir:core/or#184.itm                                                                         0.0000  1.4869  
        fir:core/MAC:mux#1                 mgc_mux_30_1_2                                           1.3121  2.7990  
        fir:core/MAC:mux#1.itm                                                                      0.0000  2.7990  
        fir:core/MAC:acc#19:rg             mgc_addc_30_0_30_0_30                                    2.5484  5.3475  
        fir:core/z.out#1                                                                            0.0000  5.3475  
        fir:core/MAC:acc#29                mgc_addc_30_0_30_0_30                                    2.5484  7.8959  
        fir:core/MAC:acc#29.itm:mx0w2                                                               0.0000  7.8959  
        fir:core/MAC:mux1h#4               mgc_mux1hot_30_18                                        2.7453  10.6412 
        fir:core/MAC:mux1h#4.itm                                                                    0.0000  10.6412 
        fir:core/reg(MAC-11:mul)           mgc_reg_pos_30_0_0_1_1_0_0                               0.0000  10.6412 
                                                                                                                    
      5                                    fir:core/fir:core_core:fsm:inst fir:core/reg(MAC-11:mul) 10.6412 -0.6412 
                                                                                                                    
        Instance                           Component                                                Delta   Delay   
        --------                           ---------                                                -----   -----   
        fir:core/fir:core_core:fsm:inst    fir:core_core:fsm                                        0.0000  0.0000  
        fir:core/fsm_output                                                                         0.0000  0.0000  
        fir:core/slc(fsm_output)(6)#5                                                               0.0000  0.0000  
        fir:core/slc(fsm_output)(6)#5.itm                                                           0.0000  0.0000  
        fir:core/or#184                    mgc_or_1_6                                               1.4869  1.4869  
        fir:core/or#184.itm                                                                         0.0000  1.4869  
        fir:core/MAC:mux#1                 mgc_mux_30_1_2                                           1.3121  2.7990  
        fir:core/MAC:mux#1.itm                                                                      0.0000  2.7990  
        fir:core/MAC:acc#19:rg             mgc_addc_30_0_30_0_30                                    2.5484  5.3475  
        fir:core/z.out#1                                                                            0.0000  5.3475  
        fir:core/MAC:acc#29                mgc_addc_30_0_30_0_30                                    2.5484  7.8959  
        fir:core/MAC:acc#29.itm:mx0w2                                                               0.0000  7.8959  
        fir:core/MAC:mux1h#4               mgc_mux1hot_30_18                                        2.7453  10.6412 
        fir:core/MAC:mux1h#4.itm                                                                    0.0000  10.6412 
        fir:core/reg(MAC-11:mul)           mgc_reg_pos_30_0_0_1_1_0_0                               0.0000  10.6412 
                                                                                                                    
      6                                    fir:core/fir:core_core:fsm:inst fir:core/reg(MAC-11:mul) 10.6412 -0.6412 
                                                                                                                    
        Instance                           Component                                                Delta   Delay   
        --------                           ---------                                                -----   -----   
        fir:core/fir:core_core:fsm:inst    fir:core_core:fsm                                        0.0000  0.0000  
        fir:core/fsm_output                                                                         0.0000  0.0000  
        fir:core/slc(fsm_output)(1)#6                                                               0.0000  0.0000  
        fir:core/slc(fsm_output)(1)#6.itm                                                           0.0000  0.0000  
        fir:core/or#184                    mgc_or_1_6                                               1.4869  1.4869  
        fir:core/or#184.itm                                                                         0.0000  1.4869  
        fir:core/MAC:mux#1                 mgc_mux_30_1_2                                           1.3121  2.7990  
        fir:core/MAC:mux#1.itm                                                                      0.0000  2.7990  
        fir:core/MAC:acc#19:rg             mgc_addc_30_0_30_0_30                                    2.5484  5.3475  
        fir:core/z.out#1                                                                            0.0000  5.3475  
        fir:core/MAC:acc#29                mgc_addc_30_0_30_0_30                                    2.5484  7.8959  
        fir:core/MAC:acc#29.itm:mx0w2                                                               0.0000  7.8959  
        fir:core/MAC:mux1h#4               mgc_mux1hot_30_18                                        2.7453  10.6412 
        fir:core/MAC:mux1h#4.itm                                                                    0.0000  10.6412 
        fir:core/reg(MAC-11:mul)           mgc_reg_pos_30_0_0_1_1_0_0                               0.0000  10.6412 
                                                                                                                    
      7                                    fir:core/reg(MAC-11:mul)        fir:core/reg(MAC-11:mul) 10.3906 -0.3906 
                                                                                                                    
        Instance                           Component                                                Delta   Delay   
        --------                           ---------                                                -----   -----   
        fir:core/reg(MAC-11:mul)           mgc_reg_pos_30_0_0_1_1_0_0                               0.0000  0.0000  
        fir:core/MAC-11:mul.itm                                                                     0.0000  0.0000  
        fir:core/MAC:acc#32                mgc_addc_30_0_30_0_30                                    2.5484  2.5484  
        fir:core/MAC:acc#17:mx0w1                                                                   0.0000  2.5484  
        fir:core/MAC:acc#19:rg             mgc_addc_30_0_30_0_30                                    2.5484  5.0969  
        fir:core/z.out#1                                                                            0.0000  5.0969  
        fir:core/MAC:acc#29                mgc_addc_30_0_30_0_30                                    2.5484  7.6453  
        fir:core/MAC:acc#29.itm:mx0w2                                                               0.0000  7.6453  
        fir:core/MAC:mux1h#4               mgc_mux1hot_30_18                                        2.7453  10.3906 
        fir:core/MAC:mux1h#4.itm                                                                    0.0000  10.3906 
        fir:core/reg(MAC-11:mul)           mgc_reg_pos_30_0_0_1_1_0_0                               0.0000  10.3906 
                                                                                                                    
      8                                    fir:core/reg(MAC-11:mul)        fir:core/reg(MAC-11:mul) 10.3906 -0.3906 
                                                                                                                    
        Instance                           Component                                                Delta   Delay   
        --------                           ---------                                                -----   -----   
        fir:core/reg(MAC-11:mul)           mgc_reg_pos_30_0_0_1_1_0_0                               0.0000  0.0000  
        fir:core/MAC-11:mul.itm                                                                     0.0000  0.0000  
        fir:core/MAC:acc#32                mgc_addc_30_0_30_0_30                                    2.5484  2.5484  
        fir:core/MAC:acc#17:mx0w1                                                                   0.0000  2.5484  
        fir:core/MAC:acc#21                mgc_addc_30_0_30_0_30                                    2.5484  5.0969  
        fir:core/MAC:acc#21.itm                                                                     0.0000  5.0969  
        fir:core/MAC:acc#27                mgc_addc_30_0_30_0_30                                    2.5484  7.6453  
        fir:core/MAC:acc#27.itm                                                                     0.0000  7.6453  
        fir:core/MAC:mux1h#4               mgc_mux1hot_30_18                                        2.7453  10.3906 
        fir:core/MAC:mux1h#4.itm                                                                    0.0000  10.3906 
        fir:core/reg(MAC-11:mul)           mgc_reg_pos_30_0_0_1_1_0_0                               0.0000  10.3906 
                                                                                                                    
      9                                    fir:core/reg(MAC-10:mul)        fir:core/reg(MAC-11:mul) 10.3906 -0.3906 
                                                                                                                    
        Instance                           Component                                                Delta   Delay   
        --------                           ---------                                                -----   -----   
        fir:core/reg(MAC-10:mul)           mgc_reg_pos_30_0_0_1_1_1_1                               0.0000  0.0000  
        fir:core/MAC-10:mul.itm                                                                     0.0000  0.0000  
        fir:core/MAC:acc#32                mgc_addc_30_0_30_0_30                                    2.5484  2.5484  
        fir:core/MAC:acc#17:mx0w1                                                                   0.0000  2.5484  
        fir:core/MAC:acc#21                mgc_addc_30_0_30_0_30                                    2.5484  5.0969  
        fir:core/MAC:acc#21.itm                                                                     0.0000  5.0969  
        fir:core/MAC:acc#27                mgc_addc_30_0_30_0_30                                    2.5484  7.6453  
        fir:core/MAC:acc#27.itm                                                                     0.0000  7.6453  
        fir:core/MAC:mux1h#4               mgc_mux1hot_30_18                                        2.7453  10.3906 
        fir:core/MAC:mux1h#4.itm                                                                    0.0000  10.3906 
        fir:core/reg(MAC-11:mul)           mgc_reg_pos_30_0_0_1_1_0_0                               0.0000  10.3906 
                                                                                                                    
      10                                   fir:core/fir:core_core:fsm:inst fir:core/reg(MAC:acc#22) 9.3807  0.6193  
                                                                                                                    
        Instance                           Component                                                Delta   Delay   
        --------                           ---------                                                -----   -----   
        fir:core/fir:core_core:fsm:inst    fir:core_core:fsm                                        0.0000  0.0000  
        fir:core/fsm_output                                                                         0.0000  0.0000  
        fir:core/slc(fsm_output)(30)#8                                                              0.0000  0.0000  
        fir:core/slc(fsm_output)(30)#8.itm                                                          0.0000  0.0000  
        fir:core/or#184                    mgc_or_1_6                                               1.4869  1.4869  
        fir:core/or#184.itm                                                                         0.0000  1.4869  
        fir:core/MAC:mux#1                 mgc_mux_30_1_2                                           1.3121  2.7990  
        fir:core/MAC:mux#1.itm                                                                      0.0000  2.7990  
        fir:core/MAC:acc#19:rg             mgc_addc_30_0_30_0_30                                    2.5484  5.3475  
        fir:core/z.out#1                                                                            0.0000  5.3475  
        fir:core/MAC:acc#30                mgc_addc_30_0_30_0_30                                    2.5484  7.8959  
        fir:core/MAC:acc#30.itm                                                                     0.0000  7.8959  
        fir:core/MAC:mux1h#6               mgc_mux1hot_30_3                                         1.4848  9.3807  
        fir:core/MAC:mux1h#6.itm                                                                    0.0000  9.3807  
        fir:core/reg(MAC:acc#22)           mgc_reg_pos_30_0_0_1_1_1_1                               0.0000  9.3807  
                                                                                                                    
      
    Register Input and Register-to-Output Slack
      Clock period or pin-to-reg delay constraint (clk): 10.0
      Clock uncertainty constraint (clk)               : 0.0
      
      Instance                               Port                               Slack (Delay) Messages                
      -------------------------------------- -------------------------------- ------- ------- -----------------------
      fir:core/reg(out1:rsc.triosy:obj.ld)   and#32.cse                        8.7210  1.2790                         
      fir:core/reg(in1:rsc.triosy:obj.ld)    slc(fsm_output)(1)#1.itm         10.0000  0.0000                         
      fir:core/reg(coeffs:rsc.triosy:obj.ld) slc(fsm_output)(32)#7.itm        10.0000  0.0000                         
      fir:core/reg(out1:rsci.idat)           MAC:slc(MAC-32:acc#1)(29-14).itm  3.5910  6.4090                         
      fir:core/reg(MAC:acc#28.itm.1)         MAC:MAC:mux#1.itm                 0.7920  9.2080                         
      fir:core/reg(main.stage_0.2)           slc(fsm_output)(33)#37.itm       10.0000  0.0000                         
      fir:core/reg(regs(0))                  asn.ncse.sva                      2.6547  7.3453                         
      fir:core/reg(regs(2))                  regs(0).sva                       2.7376  7.2624                         
      fir:core/reg(MAC:asn#62)               regs(2).sva                       2.6547  7.3453                         
      fir:core/reg(MAC:asn#63)               reg(MAC:asn#62).cse               2.7376  7.2624                         
      fir:core/reg(MAC:asn#64)               reg(MAC:asn#63).cse               2.6547  7.3453                         
      fir:core/reg(MAC:asn#65)               reg(MAC:asn#64).cse               2.7376  7.2624                         
      fir:core/reg(MAC:asn#66)               reg(MAC:asn#65).cse               2.6547  7.3453                         
      fir:core/reg(MAC:asn#67)               reg(MAC:asn#66).cse               2.7376  7.2624                         
      fir:core/reg(MAC:asn#68)               reg(MAC:asn#67).cse               2.6547  7.3453                         
      fir:core/reg(MAC:asn#69)               reg(MAC:asn#68).cse               2.7376  7.2624                         
      fir:core/reg(MAC:asn#70)               reg(MAC:asn#69).cse               2.6547  7.3453                         
      fir:core/reg(MAC:asn#71)               reg(MAC:asn#70).cse               2.7376  7.2624                         
      fir:core/reg(MAC:asn#72)               reg(MAC:asn#71).cse               2.6547  7.3453                         
      fir:core/reg(MAC:asn#73)               reg(MAC:asn#72).cse               2.7376  7.2624                         
      fir:core/reg(MAC:asn#74)               reg(MAC:asn#73).cse               2.6547  7.3453                         
      fir:core/reg(MAC:asn#75)               reg(MAC:asn#74).cse               2.7376  7.2624                         
      fir:core/reg(MAC:asn#76)               reg(MAC:asn#75).cse               2.6547  7.3453                         
      fir:core/reg(MAC:asn#77)               reg(MAC:asn#76).cse               2.7376  7.2624                         
      fir:core/reg(MAC:asn#78)               reg(MAC:asn#77).cse               2.6547  7.3453                         
      fir:core/reg(MAC:asn#79)               reg(MAC:asn#78).cse               2.7376  7.2624                         
      fir:core/reg(MAC:asn#80)               reg(MAC:asn#79).cse               2.6547  7.3453                         
      fir:core/reg(MAC:asn#81)               reg(MAC:asn#80).cse               2.7376  7.2624                         
      fir:core/reg(MAC:asn#82)               reg(MAC:asn#81).cse               2.6547  7.3453                         
      fir:core/reg(MAC:asn#83)               reg(MAC:asn#82).cse               2.7376  7.2624                         
      fir:core/reg(MAC:asn#84)               reg(MAC:asn#83).cse               2.6547  7.3453                         
      fir:core/reg(MAC:asn#85)               reg(MAC:asn#84).cse               2.7376  7.2624                         
      fir:core/reg(MAC:asn#86)               reg(MAC:asn#85).cse               2.6547  7.3453                         
      fir:core/reg(MAC:asn#87)               reg(MAC:asn#86).cse               2.7376  7.2624                         
      fir:core/reg(MAC:asn#88)               reg(MAC:asn#87).cse               2.6547  7.3453                         
      fir:core/reg(MAC:asn#89)               reg(MAC:asn#88).cse               2.7376  7.2624                         
      fir:core/reg(MAC:asn#90)               reg(MAC:asn#89).cse               2.6547  7.3453                         
      fir:core/reg(MAC-10:mul)               MAC:mux1h#2.itm                   0.7376  9.2624                         
      fir:core/reg(MAC-11:mul)               MAC:mux1h#4.itm                  -0.6412 10.6412 (clock period exceeded) 
      fir:core/reg(MAC:acc#10)               MAC:MAC:mux.itm                   3.3404  6.6596                         
      fir:core/reg(MAC:acc#22)               MAC:mux1h#6.itm                   0.6193  9.3807                         
      fir:core/reg(MAC:acc)                  z.out                             3.5910  6.4090                         
      fir:core/reg(asn.ncse)                 in1:rsci.idat                    10.0000  0.0000                         
      fir                                    coeffs:rsc.radr                   3.8485  6.1515                         
      fir                                    coeffs:rsc.triosy.lz             10.0000  0.0000                         
      fir                                    in1:rsc.triosy.lz                10.0000  0.0000                         
      fir                                    out1:rsc.dat                     10.0000  0.0000                         
      fir                                    out1:rsc.triosy.lz               10.0000  0.0000                         
      
  Operator Bitwidth Summary
    Operation  Size (bits) Count 
    ---------- ----------- -----
    add                          
    -                   30     8 
    and                          
    -                    5     1 
    -                    1     1 
    mul                          
    -                   30    32 
    mux                          
    -                   30     4 
    mux1h                        
    -                    5     1 
    -                   30     3 
    nor                          
    -                    1     3 
    or                           
    -                    5     1 
    -                    1     6 
    read_port                    
    -                   16     1 
    read_sync                    
    -                    0     3 
    reg                          
    -                   30     6 
    -                   16    33 
    -                    1     4 
    write_port                   
    -                    0     1 
    
  End of Report
