Flow report for demo
Fri Dec 17 13:52:43 2021
Quartus Prime Version 17.0.0 Build 595 04/25/2017 SJ Standard Edition


---------------------
; Table of Contents ;
---------------------
  1. Legal Notice
  2. Flow Summary
  3. Flow Settings
  4. Flow Non-Default Global Settings
  5. Flow Elapsed Time
  6. Flow OS Summary
  7. Flow Log
  8. Flow Messages
  9. Flow Suppressed Messages



----------------
; Legal Notice ;
----------------
Copyright (C) 2017  Intel Corporation. All rights reserved.
Your use of Intel Corporation's design tools, logic functions 
and other software and tools, and its AMPP partner logic 
functions, and any output files from any of the foregoing 
(including device programming or simulation files), and any 
associated documentation or information are expressly subject 
to the terms and conditions of the Intel Program License 
Subscription Agreement, the Intel Quartus Prime License Agreement,
the Intel MegaCore Function License Agreement, or other 
applicable license agreement, including, without limitation, 
that your use is for the sole purpose of programming logic 
devices manufactured by Intel and sold by Intel or its 
authorized distributors.  Please refer to the applicable 
agreement for further details.



+--------------------------------------------------------------------------------------+
; Flow Summary                                                                         ;
+------------------------------------+-------------------------------------------------+
; Flow Status                        ; Successful - Fri Dec 17 13:52:31 2021           ;
; Quartus Prime Version              ; 17.0.0 Build 595 04/25/2017 SJ Standard Edition ;
; Revision Name                      ; demo                                            ;
; Top-level Entity Name              ; demo                                            ;
; Family                             ; Cyclone IV E                                    ;
; Device                             ; EP4CE115F29C7                                   ;
; Timing Models                      ; Final                                           ;
; Total logic elements               ; 13,901 / 114,480 ( 12 % )                       ;
;     Total combinational functions  ; 11,642 / 114,480 ( 10 % )                       ;
;     Dedicated logic registers      ; 7,413 / 114,480 ( 6 % )                         ;
; Total registers                    ; 7658                                            ;
; Total pins                         ; 169 / 529 ( 32 % )                              ;
; Total virtual pins                 ; 0                                               ;
; Total memory bits                  ; 1,202,304 / 3,981,312 ( 30 % )                  ;
; Embedded Multiplier 9-bit elements ; 18 / 532 ( 3 % )                                ;
; Total PLLs                         ; 1 / 4 ( 25 % )                                  ;
+------------------------------------+-------------------------------------------------+


+-----------------------------------------+
; Flow Settings                           ;
+-------------------+---------------------+
; Option            ; Setting             ;
+-------------------+---------------------+
; Start date & time ; 12/17/2021 13:48:59 ;
; Main task         ; Compilation         ;
; Revision Name     ; demo                ;
+-------------------+---------------------+


+-------------------------------------------------------------------------------------------------------------------------+
; Flow Non-Default Global Settings                                                                                        ;
+-------------------------------------+----------------------------------------+---------------+-------------+------------+
; Assignment Name                     ; Value                                  ; Default Value ; Entity Name ; Section Id ;
+-------------------------------------+----------------------------------------+---------------+-------------+------------+
; COMPILER_SIGNATURE_ID               ; 118933448486227.163976693917016        ; --            ; --          ; --         ;
; MAX_CORE_JUNCTION_TEMP              ; 85                                     ; --            ; --          ; --         ;
; MIN_CORE_JUNCTION_TEMP              ; 0                                      ; --            ; --          ; --         ;
; PARTITION_COLOR                     ; -- (Not supported for targeted family) ; --            ; --          ; Top        ;
; PARTITION_FITTER_PRESERVATION_LEVEL ; -- (Not supported for targeted family) ; --            ; --          ; Top        ;
; PARTITION_NETLIST_TYPE              ; -- (Not supported for targeted family) ; --            ; --          ; Top        ;
; POWER_BOARD_THERMAL_MODEL           ; None (CONSERVATIVE)                    ; --            ; --          ; --         ;
; POWER_PRESET_COOLING_SOLUTION       ; 23 MM HEAT SINK WITH 200 LFPM AIRFLOW  ; --            ; --          ; --         ;
; PROJECT_OUTPUT_DIRECTORY            ; output_files                           ; --            ; --          ; --         ;
+-------------------------------------+----------------------------------------+---------------+-------------+------------+


+-------------------------------------------------------------------------------------------------------------------------------+
; Flow Elapsed Time                                                                                                             ;
+---------------------------+--------------+-------------------------+---------------------+------------------------------------+
; Module Name               ; Elapsed Time ; Average Processors Used ; Peak Virtual Memory ; Total CPU Time (on all processors) ;
+---------------------------+--------------+-------------------------+---------------------+------------------------------------+
; Analysis & Synthesis      ; 00:01:45     ; 1.0                     ; 1332 MB             ; 00:01:28                           ;
; Fitter                    ; 00:01:32     ; 1.1                     ; 1715 MB             ; 00:02:47                           ;
; Assembler                 ; 00:00:04     ; 1.0                     ; 888 MB              ; 00:00:03                           ;
; TimeQuest Timing Analyzer ; 00:00:11     ; 1.4                     ; 1150 MB             ; 00:00:10                           ;
; Total                     ; 00:03:32     ; --                      ; --                  ; 00:04:28                           ;
+---------------------------+--------------+-------------------------+---------------------+------------------------------------+


+------------------------------------------------------------------------------------------------------+
; Flow OS Summary                                                                                      ;
+---------------------------+---------------------------+--------------+--------------+----------------+
; Module Name               ; Machine Hostname          ; OS Name      ; OS Version   ; Processor type ;
+---------------------------+---------------------------+--------------+--------------+----------------+
; Analysis & Synthesis      ; ee217lnx11.ecn.purdue.edu ; CentOS Linux ; CentOS Linux ; x86_64         ;
; Fitter                    ; ee217lnx11.ecn.purdue.edu ; CentOS Linux ; CentOS Linux ; x86_64         ;
; Assembler                 ; ee217lnx11.ecn.purdue.edu ; CentOS Linux ; CentOS Linux ; x86_64         ;
; TimeQuest Timing Analyzer ; ee217lnx11.ecn.purdue.edu ; CentOS Linux ; CentOS Linux ; x86_64         ;
+---------------------------+---------------------------+--------------+--------------+----------------+


------------
; Flow Log ;
------------
quartus_map --read_settings_files=on --write_settings_files=off demo -c demo
quartus_fit --read_settings_files=off --write_settings_files=off demo -c demo
quartus_asm --read_settings_files=off --write_settings_files=off demo -c demo
quartus_sta demo -c demo



