-- Catapult Ultra Synthesis: Report                                              
-- ------------------------- ---------------------------------------------------
-- Version:                  10.3d/815731 Production Release                     
-- Build Date:               Wed Apr 24 14:54:19 PDT 2019                        
                                                                                 
-- Generated by:             695r48@cparch23.ecn.purdue.edu                      
-- Generated date:           Tue Nov 09 15:13:58 EST 2021                        

Solution Settings: fir.v9
  Current state: extract
  Project: Catapult
  
  Design Input Files Specified
    $PROJECT_HOME/fir_inc.h
      $MGC_HOME/shared/include/ac_fixed.h
        $MGC_HOME/shared/include/ac_int.h
    $PROJECT_HOME/fir.cpp
      $PROJECT_HOME/fir_inc.h
        $MGC_HOME/shared/include/ac_fixed.h
          $MGC_HOME/shared/include/ac_int.h
  
  Processes/Blocks in Design
    Process       Real Operation(s) count Latency Throughput Reset Length II Comments 
    ------------- ----------------------- ------- ---------- ------------ -- --------
    /fir/core                          50      44         46            0  0          
    Design Total:                      50      44         46            0  0          
    
  Bill Of Materials (Datapath)
    Component Name                        Area Score Area(DSP) Area(LUTs) Delay Post Alloc Post Assign 
    ------------------------------------- ---------- --------- ---------- ----- ---------- -----------
    [Lib: Altera_DIST]                                                                                 
    DIST_1R1W_RBW_rport(1,16,5,32,32,16)       0.000     0.000      0.000 2.000          1           0 
    DIST_1R1W_RBW_rwport(1,16,5,32,32,16)      0.000     0.000      0.000 2.000          1           0 
    [Lib: ccs_ioport]                                                                                  
    ccs_in(2,16)                               0.000     0.000      0.000 0.000          1           1 
    ccs_out(3,16)                              0.000     0.000      0.000 0.000          1           1 
    [Lib: mgc_Altera-Cyclone-V-6_beh]                                                                  
    mgc_add(2,0,1,0,3)                         3.000     0.000      3.000 1.227          0           1 
    mgc_add(2,0,2,0,2)                         3.000     0.000      3.000 1.238          1           0 
    mgc_add(2,0,2,1,3)                         3.000     0.000      3.000 1.291          1           0 
    mgc_add(30,0,30,0,30)                     17.000     0.000     17.000 2.548          9           7 
    mgc_add(5,0,1,0,5)                         4.500     0.000      4.500 1.642          0           6 
    mgc_add(5,0,1,0,6)                         4.500     0.000      4.500 1.642          0           1 
    mgc_add(5,0,2,1,5)                         4.500     0.000      4.500 1.652          6           0 
    mgc_add(5,0,2,1,6)                         4.500     0.000      4.500 1.706          1           0 
    mgc_and(1,2)                               0.354     0.000      0.354 1.279          0           4 
    mgc_and(2,2)                               0.709     0.000      0.709 1.279          0           1 
    mgc_and(30,2)                             10.631     0.000     10.631 1.279          0           1 
    mgc_mul(16,1,16,1,30)                    310.000     1.000      0.000 4.600          1           3 
    mgc_mux(16,1,2)                            8.135     0.000      8.135 1.312          0           1 
    mgc_mux(16,4,16)                          82.034     0.000     82.034 2.461          3           2 
    mgc_mux(16,5,32)                         166.490     0.000    166.490 2.844          6           3 
    mgc_mux(2,1,2)                             1.017     0.000      1.017 1.312          0           2 
    mgc_mux(30,1,2)                           15.254     0.000     15.254 1.312          0           2 
    mgc_mux(5,1,2)                             2.542     0.000      2.542 1.312          0           3 
    mgc_mux1hot(1,5)                           1.730     0.000      1.730 1.844          0           1 
    mgc_mux1hot(16,3)                         14.122     0.000     14.122 1.485          0           2 
    mgc_mux1hot(16,4)                         20.898     0.000     20.898 1.687          0           1 
    mgc_mux1hot(2,7)                           5.153     0.000      5.153 2.081          0           1 
    mgc_mux1hot(2,8)                           6.000     0.000      6.000 2.175          0           1 
    mgc_mux1hot(30,3)                         26.479     0.000     26.479 1.485          0           2 
    mgc_nor(1,2)                               0.354     0.000      0.354 1.268          0           5 
    mgc_nor(1,3)                               0.559     0.000      0.559 1.268          0           2 
    mgc_not(1)                                 0.000     0.000      0.000 0.000          0          39 
    mgc_or(1,2)                                0.354     0.000      0.354 1.268          0          10 
    mgc_or(1,3)                                0.559     0.000      0.559 1.268          0           2 
    mgc_or(1,4)                                0.764     0.000      0.764 1.268          0           6 
    mgc_reg_pos(1,0,0,1,1,0,0)                 0.000     0.000      0.000 0.000          0           1 
    mgc_reg_pos(1,0,0,1,1,1,1)                 0.000     0.000      0.000 0.000          0           2 
    mgc_reg_pos(16,0,0,1,1,1,1)                0.000     0.000      0.000 0.000          0          71 
    mgc_reg_pos(2,0,0,1,1,1,1)                 0.000     0.000      0.000 0.000          0           1 
    mgc_reg_pos(3,0,0,1,1,1,1)                 0.000     0.000      0.000 0.000          0           1 
    mgc_reg_pos(30,0,0,1,1,1,1)                0.000     0.000      0.000 0.000          0           4 
    mgc_reg_pos(5,0,0,1,1,1,1)                 0.000     0.000      0.000 0.000          0           5 
    mgc_reg_pos(6,0,0,1,1,1,1)                 0.000     0.000      0.000 0.000          0           1 
    mgc_xnor(1,2)                              0.354     0.000      0.354 1.295          0           1 
    [Lib: mgc_ioport]                                                                                  
    mgc_io_sync(0)                             0.000     0.000      0.000 0.000          3           3 
                                                                                                       
    TOTAL AREA (After Assignment):          1935.572     3.000   1006.000                              
    
  C++ to RTL Interface Mappings
    C++ Field RTL Range RTL Range Expression Expression Limits 
    --------- --------- -------------------- -----------------
    
  Area Scores
                      Post-Scheduling   Post-DP & FSM Post-Assignment 
    ----------------- --------------- --------------- ---------------
    Total Area Score:   1745.5          4642.0          1935.6        
    Total Reg:             0.0             0.0             0.0        
                                                                      
    DataPath:           1745.5 (100%)   4642.0 (100%)   1935.6 (100%) 
      MUX:              1245.0  (71%)   1974.9  (43%)    826.8  (43%) 
      FUNC:              500.5  (29%)   2636.5  (57%)   1083.5  (56%) 
      LOGIC:               0.0            30.5   (1%)     25.2   (1%) 
      BUFFER:              0.0             0.0             0.0        
      MEM:                 0.0             0.0             0.0        
      ROM:                 0.0             0.0             0.0        
      REG:                 0.0             0.0             0.0        
                                                                      
    
    FSM:                   0.0             0.0             0.0        
      FSM-REG:             0.0             0.0             0.0        
      FSM-COMB:            0.0             0.0             0.0        
                                                                      
    
  Register-to-Variable Mappings
    Register                        Size(bits) Gated Register CG Opt Done Variables                                             
    ------------------------------- ---------- -------------- ----------- -----------------------------------------------------
    MAC-1:mul.itm                           30         Y           Y      MAC-1:mul.itm                                         
                                                                          MAC-3:mul.itm                                         
                                                                          MAC-5:mul.itm                                         
                                                                          MAC-7:mul.itm                                         
                                                                          MAC-9:mul.itm                                         
    MAC-2:mul.itm                           30         Y           Y      MAC-2:mul.itm                                         
                                                                          MAC-6:mul.itm                                         
                                                                          MAC-8:mul.itm                                         
                                                                          MAC:acc#5.itm                                         
    MAC:acc#6.itm                           30         Y           Y      MAC:acc#6.itm                                         
                                                                          MAC:acc#9.itm                                         
    acc(32:3)#1.sva                         30         Y           Y      acc(32:3)#1.sva                                       
                                                                          acc(32:3)#6.sva                                       
                                                                          MAC-4:mul.itm                                         
    MAC-1:MAC:mux.itm                       16         Y           Y      MAC-1:MAC:mux.itm                                     
                                                                          MAC-5:MAC:mux.itm                                     
    MAC-9:MAC:mux.itm                       16         Y           Y      MAC-9:MAC:mux.itm                                     
    MAC:mux#1.itm                           16         Y           Y      MAC:mux#1.itm                                         
    MAC:mux#2.itm                           16         Y           Y      MAC:mux#2.itm                                         
    MAC:mux#3.itm                           16         Y           Y      MAC:mux#3.itm                                         
    MAC:mux#4.itm                           16         Y           Y      MAC:mux#4.itm                                         
    MAC:mux#5.itm                           16         Y           Y      MAC:mux#5.itm                                         
    MAC:mux.itm                             16         Y           Y      MAC:mux.itm                                           
    out1:rsci.idat                          16         Y           Y      out1:rsci.idat                                        
    regs(0).sva                             16         Y           Y      regs(0).sva                                           
    regs(0).sva#1                           16         Y           Y      regs(0).sva#1                                         
    regs(1).sva                             16         Y           Y      regs(1).sva                                           
    regs(1).sva#1                           16         Y           Y      regs(1).sva#1                                         
    regs(10).sva                            16         Y           Y      regs(10).sva                                          
    regs(10).sva#1                          16         Y           Y      regs(10).sva#1                                        
    regs(11).sva                            16         Y           Y      regs(11).sva                                          
    regs(11).sva#1                          16         Y           Y      regs(11).sva#1                                        
    regs(12).sva                            16         Y           Y      regs(12).sva                                          
    regs(12).sva#1                          16         Y           Y      regs(12).sva#1                                        
    regs(13).sva                            16         Y           Y      regs(13).sva                                          
    regs(13).sva#1                          16         Y           Y      regs(13).sva#1                                        
    regs(14).sva                            16         Y           Y      regs(14).sva                                          
    regs(14).sva#1                          16         Y           Y      regs(14).sva#1                                        
    regs(15).sva                            16         Y           Y      regs(15).sva                                          
    regs(15).sva#1                          16         Y           Y      regs(15).sva#1                                        
    regs(16).sva                            16         Y           Y      regs(16).sva                                          
    regs(16).sva#1                          16         Y           Y      regs(16).sva#1                                        
    regs(17).sva                            16         Y           Y      regs(17).sva                                          
    regs(17).sva#1                          16         Y           Y      regs(17).sva#1                                        
    regs(18).sva                            16         Y           Y      regs(18).sva                                          
    regs(18).sva#1                          16         Y           Y      regs(18).sva#1                                        
    regs(19).sva                            16         Y           Y      regs(19).sva                                          
    regs(19).sva#1                          16         Y           Y      regs(19).sva#1                                        
    regs(2).sva                             16         Y           Y      regs(2).sva                                           
    regs(2).sva#1                           16         Y           Y      regs(2).sva#1                                         
    regs(20).sva                            16         Y           Y      regs(20).sva                                          
    regs(20).sva#1                          16         Y           Y      regs(20).sva#1                                        
    regs(21).sva                            16         Y           Y      regs(21).sva                                          
    regs(21).sva#1                          16         Y           Y      regs(21).sva#1                                        
    regs(22).sva                            16         Y           Y      regs(22).sva                                          
    regs(22).sva#1                          16         Y           Y      regs(22).sva#1                                        
    regs(23).sva                            16         Y           Y      regs(23).sva                                          
    regs(23).sva#1                          16         Y           Y      regs(23).sva#1                                        
    regs(24).sva                            16         Y           Y      regs(24).sva                                          
    regs(24).sva#1                          16         Y           Y      regs(24).sva#1                                        
    regs(25).sva                            16         Y           Y      regs(25).sva                                          
    regs(25).sva#1                          16         Y           Y      regs(25).sva#1                                        
    regs(26).sva                            16         Y           Y      regs(26).sva                                          
    regs(26).sva#1                          16         Y           Y      regs(26).sva#1                                        
    regs(27).sva                            16         Y           Y      regs(27).sva                                          
    regs(27).sva#1                          16         Y           Y      regs(27).sva#1                                        
    regs(28).sva                            16         Y           Y      regs(28).sva                                          
    regs(28).sva#1                          16         Y           Y      regs(28).sva#1                                        
    regs(29).sva                            16         Y           Y      regs(29).sva                                          
    regs(29).sva#1                          16         Y           Y      regs(29).sva#1                                        
    regs(3).sva                             16         Y           Y      regs(3).sva                                           
    regs(3).sva#1                           16         Y           Y      regs(3).sva#1                                         
    regs(30).sva                            16         Y           Y      regs(30).sva                                          
    regs(30).sva#1                          16         Y           Y      regs(30).sva#1                                        
    regs(4).sva                             16         Y           Y      regs(4).sva                                           
    regs(4).sva#1                           16         Y           Y      regs(4).sva#1                                         
    regs(5).sva                             16         Y           Y      regs(5).sva                                           
    regs(5).sva#1                           16         Y           Y      regs(5).sva#1                                         
    regs(6).sva                             16         Y           Y      regs(6).sva                                           
    regs(6).sva#1                           16         Y           Y      regs(6).sva#1                                         
    regs(7).sva                             16         Y           Y      regs(7).sva                                           
    regs(7).sva#1                           16         Y           Y      regs(7).sva#1                                         
    regs(8).sva                             16         Y           Y      regs(8).sva                                           
    regs(8).sva#1                           16         Y           Y      regs(8).sva#1                                         
    regs(9).sva                             16         Y           Y      regs(9).sva                                           
    regs(9).sva#1                           16         Y           Y      regs(9).sva#1                                         
    MAC:i(5:0)#6.sva                         6         Y           Y      MAC:i(5:0)#6.sva                                      
    MAC-2:acc#2.psp.sva                      5         Y           Y      MAC-2:acc#2.psp.sva                                   
    MAC-3:acc#2.psp.sva                      5         Y           Y      MAC-3:acc#2.psp.sva                                   
                                                                          MAC-6:acc#2.psp.sva                                   
    MAC-4:acc#2.psp.sva                      5         Y           Y      MAC-4:acc#2.psp.sva                                   
    MAC-7:acc#2.psp.sva                      5         Y           Y      MAC-7:acc#2.psp.sva                                   
    MAC-8:acc#2.psp.sva                      5         Y           Y      MAC-8:acc#2.psp.sva                                   
    MAC:acc.psp.sva                          3         Y           Y      MAC:acc.psp.sva                                       
    MAC:i(4:3).sva                           2         Y           Y      MAC:i(4:3).sva                                        
    MAC:acc#3.itm(0)                         1         Y           Y      MAC:acc#3.itm                                         
                                                                          MAC:i(1:0).sva                                        
    MAC:acc#3.itm(1)                         1         Y           Y      MAC:acc#3.itm                                         
                                                                          MAC:i(1:0).sva                                        
    reg(out1:rsc.triosy:obj.ld).cse          1                            reg(out1:rsc.triosy:obj.ld).cse                       
                                                                                                                                
    Total:                                1295           1294        1294 (Total Gating Ratio: 1.00, CG Opt Gating Ratio: 1.00) 
    
  Timing Report
    Critical Path
      Max Delay:  10.409046000000002
      Slack:      -0.4090460000000018
      
      Path                                                                            Startpoint                      Endpoint                                     Delay   Slack   
      ------------------------------------------------------------------------------- ------------------------------- -------------------------------------------- ------- -------
      1                                                                               fir:core/reg(acc(32:3)#1)       fir:core/acc:asn(acc(32:3)#1.sva:acc:and.itm 10.4090 -0.4090 
                                                                                                                                                                                   
        Instance                                                                      Component                                                                    Delta   Delay   
        --------                                                                      ---------                                                                    -----   -----   
        fir:core/reg(acc(32:3)#1)                                                     mgc_reg_pos_30_0_0_1_1_1_1                                                   0.0000  0.0000  
        fir:core/acc(32:3)#1.sva                                                                                                                                   0.0000  0.0000  
        fir:core/MAC:acc#4                                                            mgc_addc_30_0_30_0_30                                                        2.5484  2.5484  
        fir:core/MAC:acc#4.itm                                                                                                                                     0.0000  2.5484  
        fir:core/MAC:acc#7                                                            mgc_addc_30_0_30_0_30                                                        2.5484  5.0969  
        fir:core/MAC:acc#7.itm                                                                                                                                     0.0000  5.0969  
        fir:core/MAC-5:acc#1                                                          mgc_addc_30_0_30_0_30                                                        2.5484  7.6453  
        fir:core/acc(32:3)#6.sva#1                                                                                                                                 0.0000  7.6453  
        fir:core/acc:mux1h#1                                                          mgc_mux1hot_30_3                                                             1.4848  9.1301  
        fir:core/acc:mux1h#1.itm                                                                                                                                   0.0000  9.1301  
        fir:core/acc:asn(acc(32:3)#1.sva:acc:and                                      mgc_and_30_2                                                                 1.2790  10.4090 
        fir:core/acc:asn(acc(32:3)#1.sva:acc:and.itm                                                                                                               0.0000  10.4090 
                                                                                                                                                                                   
      2                                                                               fir:core/reg(MAC-2:mul)         fir:core/acc:asn(acc(32:3)#1.sva:acc:and.itm 10.4090 -0.4090 
                                                                                                                                                                                   
        Instance                                                                      Component                                                                    Delta   Delay   
        --------                                                                      ---------                                                                    -----   -----   
        fir:core/reg(MAC-2:mul)                                                       mgc_reg_pos_30_0_0_1_1_1_1                                                   0.0000  0.0000  
        fir:core/MAC-2:mul.itm                                                                                                                                     0.0000  0.0000  
        fir:core/MAC:acc#5                                                            mgc_addc_30_0_30_0_30                                                        2.5484  2.5484  
        fir:core/MAC:acc#5.itm:mx0w1                                                                                                                               0.0000  2.5484  
        fir:core/MAC:acc#10                                                           mgc_addc_30_0_30_0_30                                                        2.5484  5.0969  
        fir:core/MAC:acc#10.itm                                                                                                                                    0.0000  5.0969  
        fir:core/MAC-9:acc#1                                                          mgc_addc_30_0_30_0_30                                                        2.5484  7.6453  
        fir:core/MAC-9:acc#1.itm                                                                                                                                   0.0000  7.6453  
        fir:core/acc:mux1h#1                                                          mgc_mux1hot_30_3                                                             1.4848  9.1301  
        fir:core/acc:mux1h#1.itm                                                                                                                                   0.0000  9.1301  
        fir:core/acc:asn(acc(32:3)#1.sva:acc:and                                      mgc_and_30_2                                                                 1.2790  10.4090 
        fir:core/acc:asn(acc(32:3)#1.sva:acc:and.itm                                                                                                               0.0000  10.4090 
                                                                                                                                                                                   
      3                                                                               fir:core/reg(MAC-1:mul)         fir:core/acc:asn(acc(32:3)#1.sva:acc:and.itm 10.4090 -0.4090 
                                                                                                                                                                                   
        Instance                                                                      Component                                                                    Delta   Delay   
        --------                                                                      ---------                                                                    -----   -----   
        fir:core/reg(MAC-1:mul)                                                       mgc_reg_pos_30_0_0_1_1_1_1                                                   0.0000  0.0000  
        fir:core/MAC-1:mul.itm                                                                                                                                     0.0000  0.0000  
        fir:core/MAC:acc#5                                                            mgc_addc_30_0_30_0_30                                                        2.5484  2.5484  
        fir:core/MAC:acc#5.itm:mx0w1                                                                                                                               0.0000  2.5484  
        fir:core/MAC:acc#10                                                           mgc_addc_30_0_30_0_30                                                        2.5484  5.0969  
        fir:core/MAC:acc#10.itm                                                                                                                                    0.0000  5.0969  
        fir:core/MAC-9:acc#1                                                          mgc_addc_30_0_30_0_30                                                        2.5484  7.6453  
        fir:core/MAC-9:acc#1.itm                                                                                                                                   0.0000  7.6453  
        fir:core/acc:mux1h#1                                                          mgc_mux1hot_30_3                                                             1.4848  9.1301  
        fir:core/acc:mux1h#1.itm                                                                                                                                   0.0000  9.1301  
        fir:core/acc:asn(acc(32:3)#1.sva:acc:and                                      mgc_and_30_2                                                                 1.2790  10.4090 
        fir:core/acc:asn(acc(32:3)#1.sva:acc:and.itm                                                                                                               0.0000  10.4090 
                                                                                                                                                                                   
      4                                                                               fir:core/reg(MAC:i(5:0)#6)      fir:core/reg(MAC-1:MAC:mux)                  10.0103 -0.0103 
                                                                                                                                                                                   
        Instance                                                                      Component                                                                    Delta   Delay   
        --------                                                                      ---------                                                                    -----   -----   
        fir:core/reg(MAC:i(5:0)#6)                                                    mgc_reg_pos_6_0_0_1_1_1_1                                                    0.0000  0.0000  
        fir:core/MAC:i(5:0)#6.sva                                                                                                                                  0.0000  0.0000  
        fir:core/MAC:i:slc(MAC:i(5:0)#6.sva)(4-0)#2                                                                                                                0.0000  0.0000  
        fir:core/MAC:i:slc(MAC:i(5:0)#6.sva)(4-0)#2.itm                                                                                                            0.0000  0.0000  
        fir:core/MAC-6:acc#2                                                          mgc_addc_5_0_1_0_5                                                           1.6417  1.6417  
        fir:core/MAC-6:acc#2.psp.sva:mx0w1                                                                                                                         0.0000  1.6417  
        fir:core/MAC-7:acc#2                                                          mgc_addc_5_0_1_0_5                                                           1.6417  3.2833  
        fir:core/MAC-7:acc#2.psp.sva#1                                                                                                                             0.0000  3.2833  
        fir:core/MAC-8:acc#2                                                          mgc_addc_5_0_1_0_5                                                           1.6417  4.9250  
        fir:core/MAC-8:acc#2.psp.sva#1                                                                                                                             0.0000  4.9250  
        fir:core/MAC:slc(MAC-8:acc#2.psp.sva#1)(4-3)                                                                                                               0.0000  4.9250  
        fir:core/MAC:slc(MAC-8:acc#2.psp.sva#1)(4-3).itm                                                                                                           0.0000  4.9250  
        fir:core/MAC:mux#19                                                           mgc_mux_2_1_2                                                                1.3121  6.2371  
        fir:core/MAC:mux#19.itm                                                                                                                                    0.0000  6.2371  
        fir:core/MAC:conc#43                                                                                                                                       0.0000  6.2371  
        fir:core/MAC:conc#43.itm                                                                                                                                   0.0000  6.2371  
        fir:core/MAC-1:MAC:mux:rg                                                     mgc_mux_16_4_16                                                              2.4611  8.6982  
        fir:core/z.out#4                                                                                                                                           0.0000  8.6982  
        fir:core/MAC:MAC:mux                                                          mgc_mux_16_1_2                                                               1.3121  10.0103 
        fir:core/MAC:MAC:mux.itm                                                                                                                                   0.0000  10.0103 
        fir:core/reg(MAC-1:MAC:mux)                                                   mgc_reg_pos_16_0_0_1_1_1_1                                                   0.0000  10.0103 
                                                                                                                                                                                   
      5                                                                               fir:core/reg(MAC:i(5:0)#6)      fir:core/reg(MAC-1:MAC:mux)                  10.0103 -0.0103 
                                                                                                                                                                                   
        Instance                                                                      Component                                                                    Delta   Delay   
        --------                                                                      ---------                                                                    -----   -----   
        fir:core/reg(MAC:i(5:0)#6)                                                    mgc_reg_pos_6_0_0_1_1_1_1                                                    0.0000  0.0000  
        fir:core/MAC:i(5:0)#6.sva                                                                                                                                  0.0000  0.0000  
        fir:core/MAC:i:slc(MAC:i(5:0)#6.sva)(4-0)#2                                                                                                                0.0000  0.0000  
        fir:core/MAC:i:slc(MAC:i(5:0)#6.sva)(4-0)#2.itm                                                                                                            0.0000  0.0000  
        fir:core/MAC-6:acc#2                                                          mgc_addc_5_0_1_0_5                                                           1.6417  1.6417  
        fir:core/MAC-6:acc#2.psp.sva:mx0w1                                                                                                                         0.0000  1.6417  
        fir:core/MAC-7:acc#2                                                          mgc_addc_5_0_1_0_5                                                           1.6417  3.2833  
        fir:core/MAC-7:acc#2.psp.sva#1                                                                                                                             0.0000  3.2833  
        fir:core/MAC-8:acc#2                                                          mgc_addc_5_0_1_0_5                                                           1.6417  4.9250  
        fir:core/MAC-8:acc#2.psp.sva#1                                                                                                                             0.0000  4.9250  
        fir:core/MAC:slc(MAC-8:acc#2.psp.sva#1)(1-0)                                                                                                               0.0000  4.9250  
        fir:core/MAC:slc(MAC-8:acc#2.psp.sva#1)(1-0).itm                                                                                                           0.0000  4.9250  
        fir:core/MAC:mux#20                                                           mgc_mux_2_1_2                                                                1.3121  6.2371  
        fir:core/MAC:mux#20.itm                                                                                                                                    0.0000  6.2371  
        fir:core/MAC:conc#43                                                                                                                                       0.0000  6.2371  
        fir:core/MAC:conc#43.itm                                                                                                                                   0.0000  6.2371  
        fir:core/MAC-1:MAC:mux:rg                                                     mgc_mux_16_4_16                                                              2.4611  8.6982  
        fir:core/z.out#4                                                                                                                                           0.0000  8.6982  
        fir:core/MAC:MAC:mux                                                          mgc_mux_16_1_2                                                               1.3121  10.0103 
        fir:core/MAC:MAC:mux.itm                                                                                                                                   0.0000  10.0103 
        fir:core/reg(MAC-1:MAC:mux)                                                   mgc_reg_pos_16_0_0_1_1_1_1                                                   0.0000  10.0103 
                                                                                                                                                                                   
      6                                                                               fir/coeffs:rsc.q                fir:core/acc:asn(acc(32:3)#1.sva:acc:and.itm 9.3638  0.6362  
                                                                                                                                                                                   
        Instance                                                                      Component                                                                    Delta   Delay   
        --------                                                                      ---------                                                                    -----   -----   
        fir/coeffs:rsc.q                                                                                                                                           2.0000  2.0000  
        fir:Altera_DIST.DIST_1R1W_RBW_rport(1,16,5,32,32,16)gen/q                                                                                                  0.0000  2.0000  
        fir:Altera_DIST.DIST_1R1W_RBW_rport(1,16,5,32,32,16)gen/coeffs:wrs(q_d)(15-0)                                                                              0.0000  2.0000  
        fir:Altera_DIST.DIST_1R1W_RBW_rport(1,16,5,32,32,16)gen/q_d                                                                                                0.0000  2.0000  
        fir/coeffs:rsci.q_d                                                                                                                                        0.0000  2.0000  
        fir:core/coeffs:rsci.q_d                                                                                                                                   0.0000  2.0000  
        fir:core/MAC:asn#205                                                                                                                                       0.0000  2.0000  
        fir:core/MAC:asn#205.itm                                                                                                                                   0.0000  2.0000  
        fir:core/MAC-4:mul                                                            mgc_mul_16_1_16_1_30                                                         4.6000  6.6000  
        fir:core/MAC-4:mul.itm                                                                                                                                     0.0000  6.6000  
        fir:core/acc:mux1h#1                                                          mgc_mux1hot_30_3                                                             1.4848  8.0848  
        fir:core/acc:mux1h#1.itm                                                                                                                                   0.0000  8.0848  
        fir:core/acc:asn(acc(32:3)#1.sva:acc:and                                      mgc_and_30_2                                                                 1.2790  9.3638  
        fir:core/acc:asn(acc(32:3)#1.sva:acc:and.itm                                                                                                               0.0000  9.3638  
                                                                                                                                                                                   
      7                                                                               fir:core/fir:core_core:fsm:inst fir:core/reg(MAC-2:mul)                      9.0398  0.9602  
                                                                                                                                                                                   
        Instance                                                                      Component                                                                    Delta   Delay   
        --------                                                                      ---------                                                                    -----   -----   
        fir:core/fir:core_core:fsm:inst                                               fir:core_core:fsm                                                            0.0000  0.0000  
        fir:core/fsm_output                                                                                                                                        0.0000  0.0000  
        fir:core/slc(fsm_output)(6)#1                                                                                                                              0.0000  0.0000  
        fir:core/slc(fsm_output)(6)#1.itm                                                                                                                          0.0000  0.0000  
        fir:core/or#126                                                               mgc_or_1_2                                                                   1.2679  1.2679  
        fir:core/or.tmp#110                                                                                                                                        0.0000  1.2679  
        fir:core/MAC:mux1h#37                                                         mgc_mux1hot_16_4                                                             1.6872  2.9551  
        fir:core/MAC:mux1h#37.itm                                                                                                                                  0.0000  2.9551  
        fir:core/MAC-1:mul:rg                                                         mgc_mul_16_1_16_1_30                                                         4.6000  7.5551  
        fir:core/z.out                                                                                                                                             0.0000  7.5551  
        fir:core/MAC:mux1h#19                                                         mgc_mux1hot_30_3                                                             1.4848  9.0398  
        fir:core/MAC:mux1h#19.itm                                                                                                                                  0.0000  9.0398  
        fir:core/reg(MAC-2:mul)                                                       mgc_reg_pos_30_0_0_1_1_1_1                                                   0.0000  9.0398  
                                                                                                                                                                                   
      8                                                                               fir:core/fir:core_core:fsm:inst fir:core/reg(MAC-2:mul)                      9.0398  0.9602  
                                                                                                                                                                                   
        Instance                                                                      Component                                                                    Delta   Delay   
        --------                                                                      ---------                                                                    -----   -----   
        fir:core/fir:core_core:fsm:inst                                               fir:core_core:fsm                                                            0.0000  0.0000  
        fir:core/fsm_output                                                                                                                                        0.0000  0.0000  
        fir:core/slc(fsm_output)(2)#2                                                                                                                              0.0000  0.0000  
        fir:core/slc(fsm_output)(2)#2.itm                                                                                                                          0.0000  0.0000  
        fir:core/or#126                                                               mgc_or_1_2                                                                   1.2679  1.2679  
        fir:core/or.tmp#110                                                                                                                                        0.0000  1.2679  
        fir:core/MAC:mux1h#37                                                         mgc_mux1hot_16_4                                                             1.6872  2.9551  
        fir:core/MAC:mux1h#37.itm                                                                                                                                  0.0000  2.9551  
        fir:core/MAC-1:mul:rg                                                         mgc_mul_16_1_16_1_30                                                         4.6000  7.5551  
        fir:core/z.out                                                                                                                                             0.0000  7.5551  
        fir:core/MAC:mux1h#19                                                         mgc_mux1hot_30_3                                                             1.4848  9.0398  
        fir:core/MAC:mux1h#19.itm                                                                                                                                  0.0000  9.0398  
        fir:core/reg(MAC-2:mul)                                                       mgc_reg_pos_30_0_0_1_1_1_1                                                   0.0000  9.0398  
                                                                                                                                                                                   
      9                                                                               fir:core/fir:core_core:fsm:inst fir:core/reg(MAC-1:mul)                      8.8672  1.1328  
                                                                                                                                                                                   
        Instance                                                                      Component                                                                    Delta   Delay   
        --------                                                                      ---------                                                                    -----   -----   
        fir:core/fir:core_core:fsm:inst                                               fir:core_core:fsm                                                            0.0000  0.0000  
        fir:core/fsm_output                                                                                                                                        0.0000  0.0000  
        fir:core/slc(fsm_output)(6)#1                                                                                                                              0.0000  0.0000  
        fir:core/slc(fsm_output)(6)#1.itm                                                                                                                          0.0000  0.0000  
        fir:core/or#126                                                               mgc_or_1_2                                                                   1.2679  1.2679  
        fir:core/or.tmp#110                                                                                                                                        0.0000  1.2679  
        fir:core/MAC:mux1h#37                                                         mgc_mux1hot_16_4                                                             1.6872  2.9551  
        fir:core/MAC:mux1h#37.itm                                                                                                                                  0.0000  2.9551  
        fir:core/MAC-1:mul:rg                                                         mgc_mul_16_1_16_1_30                                                         4.6000  7.5551  
        fir:core/z.out                                                                                                                                             0.0000  7.5551  
        fir:core/MAC:MAC:mux#3                                                        mgc_mux_30_1_2                                                               1.3121  8.8672  
        fir:core/MAC:MAC:mux#3.itm                                                                                                                                 0.0000  8.8672  
        fir:core/reg(MAC-1:mul)                                                       mgc_reg_pos_30_0_0_1_1_1_1                                                   0.0000  8.8672  
                                                                                                                                                                                   
      10                                                                              fir:core/fir:core_core:fsm:inst fir:core/reg(MAC-1:mul)                      8.8672  1.1328  
                                                                                                                                                                                   
        Instance                                                                      Component                                                                    Delta   Delay   
        --------                                                                      ---------                                                                    -----   -----   
        fir:core/fir:core_core:fsm:inst                                               fir:core_core:fsm                                                            0.0000  0.0000  
        fir:core/fsm_output                                                                                                                                        0.0000  0.0000  
        fir:core/slc(fsm_output)(2)#2                                                                                                                              0.0000  0.0000  
        fir:core/slc(fsm_output)(2)#2.itm                                                                                                                          0.0000  0.0000  
        fir:core/or#126                                                               mgc_or_1_2                                                                   1.2679  1.2679  
        fir:core/or.tmp#110                                                                                                                                        0.0000  1.2679  
        fir:core/MAC:mux1h#37                                                         mgc_mux1hot_16_4                                                             1.6872  2.9551  
        fir:core/MAC:mux1h#37.itm                                                                                                                                  0.0000  2.9551  
        fir:core/MAC-1:mul:rg                                                         mgc_mul_16_1_16_1_30                                                         4.6000  7.5551  
        fir:core/z.out                                                                                                                                             0.0000  7.5551  
        fir:core/MAC:MAC:mux#3                                                        mgc_mux_30_1_2                                                               1.3121  8.8672  
        fir:core/MAC:MAC:mux#3.itm                                                                                                                                 0.0000  8.8672  
        fir:core/reg(MAC-1:mul)                                                       mgc_reg_pos_30_0_0_1_1_1_1                                                   0.0000  8.8672  
                                                                                                                                                                                   
      
    Register Input and Register-to-Output Slack
      Clock period or pin-to-reg delay constraint (clk): 10.0
      Clock uncertainty constraint (clk)               : 0.0
      
      Instance                             Port                                    Slack (Delay) Messages                
      ------------------------------------ ------------------------------------- ------- ------- -----------------------
      fir:core/reg(out1:rsci.idat)         acc:slc(acc(32:3)#6.sva#1)(29-14).itm  2.3547  7.6453                         
      fir:core/reg(MAC:i(4:3))             MAC:i:MAC:i:MAC:i:and.itm              8.7210  1.2790                         
      fir:core/reg(acc(32:3)#1)            acc:asn(acc(32:3)#1.sva:acc:and.itm   -0.4090 10.4090 (clock period exceeded) 
      fir:core/reg(regs(3))                regs(3).sva#1                         10.0000  0.0000                         
      fir:core/reg(regs(4))                regs(4).sva#1                         10.0000  0.0000                         
      fir:core/reg(regs(5))                regs(5).sva#1                         10.0000  0.0000                         
      fir:core/reg(regs(6))                regs(6).sva#1                         10.0000  0.0000                         
      fir:core/reg(regs(11))               regs(11).sva#1                        10.0000  0.0000                         
      fir:core/reg(regs(12))               regs(12).sva#1                        10.0000  0.0000                         
      fir:core/reg(regs(13))               regs(13).sva#1                        10.0000  0.0000                         
      fir:core/reg(regs(14))               regs(14).sva#1                        10.0000  0.0000                         
      fir:core/reg(regs(19))               regs(19).sva#1                        10.0000  0.0000                         
      fir:core/reg(regs(20))               regs(20).sva#1                        10.0000  0.0000                         
      fir:core/reg(regs(21))               regs(21).sva#1                        10.0000  0.0000                         
      fir:core/reg(regs(22))               regs(22).sva#1                        10.0000  0.0000                         
      fir:core/reg(regs(27))               regs(27).sva#1                        10.0000  0.0000                         
      fir:core/reg(regs(28))               regs(28).sva#1                        10.0000  0.0000                         
      fir:core/reg(regs(29))               regs(29).sva#1                        10.0000  0.0000                         
      fir:core/reg(regs(30))               regs(30).sva#1                        10.0000  0.0000                         
      fir:core/reg(regs(0))                in1:rsci.idat                         10.0000  0.0000                         
      fir:core/reg(regs(0))#1              regs(0).sva#1                          6.2268  3.7732                         
      fir:core/reg(regs(1))                regs(1).sva#1                         10.0000  0.0000                         
      fir:core/reg(regs(2))                regs(2).sva#1                         10.0000  0.0000                         
      fir:core/reg(regs(7))                regs(7).sva#1                         10.0000  0.0000                         
      fir:core/reg(regs(8))                regs(8).sva#1                         10.0000  0.0000                         
      fir:core/reg(regs(9))                regs(9).sva#1                         10.0000  0.0000                         
      fir:core/reg(regs(10))               regs(10).sva#1                        10.0000  0.0000                         
      fir:core/reg(regs(15))               regs(15).sva#1                        10.0000  0.0000                         
      fir:core/reg(regs(16))               regs(16).sva#1                        10.0000  0.0000                         
      fir:core/reg(regs(17))               regs(17).sva#1                        10.0000  0.0000                         
      fir:core/reg(regs(18))               regs(18).sva#1                        10.0000  0.0000                         
      fir:core/reg(regs(23))               regs(23).sva#1                        10.0000  0.0000                         
      fir:core/reg(regs(24))               regs(24).sva#1                        10.0000  0.0000                         
      fir:core/reg(regs(25))               regs(25).sva#1                        10.0000  0.0000                         
      fir:core/reg(regs(26))               regs(26).sva#1                        10.0000  0.0000                         
      fir:core/reg(out1:rsc.triosy:obj.ld) reg(out1:out1:and.cse                  8.7210  1.2790                         
      fir:core/reg(regs(30))#1             regs(29).sva                           6.2268  3.7732                         
      fir:core/reg(regs(29))#1             regs(28).sva                           6.2268  3.7732                         
      fir:core/reg(regs(28))#1             regs(27).sva                           6.2268  3.7732                         
      fir:core/reg(regs(27))#1             regs(26).sva                           6.2268  3.7732                         
      fir:core/reg(regs(26))#1             regs(25).sva                           6.2268  3.7732                         
      fir:core/reg(regs(25))#1             regs(24).sva                           6.2268  3.7732                         
      fir:core/reg(regs(24))#1             regs(23).sva                           6.2268  3.7732                         
      fir:core/reg(regs(23))#1             regs(22).sva                           6.2268  3.7732                         
      fir:core/reg(regs(22))#1             regs(21).sva                           6.2268  3.7732                         
      fir:core/reg(regs(21))#1             regs(20).sva                           6.2268  3.7732                         
      fir:core/reg(regs(20))#1             regs(19).sva                           6.2268  3.7732                         
      fir:core/reg(regs(19))#1             regs(18).sva                           6.2268  3.7732                         
      fir:core/reg(regs(18))#1             regs(17).sva                           6.2268  3.7732                         
      fir:core/reg(regs(17))#1             regs(16).sva                           6.2268  3.7732                         
      fir:core/reg(regs(16))#1             regs(15).sva                           6.2268  3.7732                         
      fir:core/reg(regs(15))#1             regs(14).sva                           6.2268  3.7732                         
      fir:core/reg(regs(14))#1             regs(13).sva                           6.2268  3.7732                         
      fir:core/reg(regs(13))#1             regs(12).sva                           6.2268  3.7732                         
      fir:core/reg(regs(12))#1             regs(11).sva                           6.2268  3.7732                         
      fir:core/reg(regs(11))#1             regs(10).sva                           6.2268  3.7732                         
      fir:core/reg(regs(10))#1             regs(9).sva                            6.2268  3.7732                         
      fir:core/reg(regs(9))#1              regs(8).sva                            6.2268  3.7732                         
      fir:core/reg(regs(8))#1              regs(7).sva                            6.2268  3.7732                         
      fir:core/reg(regs(7))#1              regs(6).sva                            6.2268  3.7732                         
      fir:core/reg(regs(6))#1              regs(5).sva                            6.2268  3.7732                         
      fir:core/reg(regs(5))#1              regs(4).sva                            6.2268  3.7732                         
      fir:core/reg(regs(4))#1              regs(3).sva                            6.2268  3.7732                         
      fir:core/reg(regs(3))#1              regs(2).sva                            6.2268  3.7732                         
      fir:core/reg(regs(2))#1              regs(1).sva                            6.2268  3.7732                         
      fir:core/reg(regs(1))#1              regs(0).sva                            6.2268  3.7732                         
      fir:core/reg(MAC:acc#3)              MAC:i:MAC:i:MAC:i:nor.itm              2.5120  7.4880                         
      fir:core/reg(MAC:acc#3)#1            MAC:i:MAC:i:MAC:i:nor#1.itm            3.8071  6.1929                         
      fir:core/reg(MAC:i(5:0)#6)           MAC-5:acc#2.itm                        2.2064  7.7936                         
      fir:core/reg(MAC-4:acc#2.psp)        MAC-4:acc#2.psp.sva:mx0w0              2.2064  7.7936                         
      fir:core/reg(MAC:mux)                MAC:mux#1.itm#2                        5.9289  4.0711                         
      fir:core/reg(MAC:mux#1)              z.out#2                                2.5604  7.4396                         
      fir:core/reg(MAC:acc.psp)            MAC:acc.psp.sva:mx0w0                  1.3335  8.6665                         
      fir:core/reg(MAC:mux#2)              z.out#3                                1.3335  8.6665                         
      fir:core/reg(MAC-2:acc#2.psp)        MAC-2:acc#2.psp.sva:mx0w0              1.3335  8.6665                         
      fir:core/reg(MAC-1:MAC:mux)          MAC:MAC:mux.itm                       -0.0103 10.0103 (clock period exceeded) 
      fir:core/reg(MAC-3:acc#2.psp)        MAC:MAC:mux#1.itm                      4.1776  5.8224                         
      fir:core/reg(MAC-1:mul)              MAC:MAC:mux#3.itm                      1.1328  8.8672                         
      fir:core/reg(MAC-9:MAC:mux)          z.out#4                               -0.0103 10.0103 (clock period exceeded) 
      fir:core/reg(MAC-8:acc#2.psp)        MAC-8:acc#2.psp.sva#1                 -0.0103 10.0103 (clock period exceeded) 
      fir:core/reg(MAC:mux#3)              z.out#2                                2.5604  7.4396                         
      fir:core/reg(MAC:mux#4)              MAC:MAC:mux1h.itm                      8.5152  1.4848                         
      fir:core/reg(MAC-7:acc#2.psp)        MAC-7:acc#2.psp.sva#1                 -0.0103 10.0103 (clock period exceeded) 
      fir:core/reg(MAC:mux#5)              z.out#3                                1.3335  8.6665                         
      fir:core/reg(MAC:acc#6)              MAC:MAC:mux#2.itm                      6.1395  3.8605                         
      fir:core/reg(MAC-2:mul)              MAC:mux1h#19.itm                       0.9602  9.0398                         
      fir                                  coeffs:rsc.radr                        3.8411  6.1589                         
      fir                                  coeffs:rsc.triosy.lz                  10.0000  0.0000                         
      fir                                  in1:rsc.triosy.lz                     10.0000  0.0000                         
      fir                                  out1:rsc.dat                          10.0000  0.0000                         
      fir                                  out1:rsc.triosy.lz                    10.0000  0.0000                         
      
  Operator Bitwidth Summary
    Operation  Size (bits) Count 
    ---------- ----------- -----
    add                          
    -                    6     1 
    -                    5     6 
    -                   30     7 
    -                    3     1 
    and                          
    -                   30     1 
    -                    2     1 
    -                    1     4 
    mul                          
    -                   30     3 
    mux                          
    -                    5     3 
    -                   30     2 
    -                    2     2 
    -                   16     6 
    mux1h                        
    -                   30     2 
    -                    2     2 
    -                   16     3 
    -                    1     1 
    nor                          
    -                    1     7 
    not                          
    -                    1    39 
    or                           
    -                    1    18 
    read_port                    
    -                   16     1 
    read_sync                    
    -                    0     3 
    reg                          
    -                    6     1 
    -                    5     5 
    -                   30     4 
    -                    3     1 
    -                    2     1 
    -                   16    71 
    -                    1     3 
    write_port                   
    -                    0     1 
    xnor                         
    -                    1     1 
    
  End of Report
