-- Catapult Ultra Synthesis: Report                                              
-- ------------------------- ---------------------------------------------------
-- Version:                  10.3d/815731 Production Release                     
-- Build Date:               Wed Apr 24 14:54:19 PDT 2019                        
                                                                                 
-- Generated by:             695r48@ecegrid-thin4.ecn.purdue.edu                 
-- Generated date:           Wed Nov 10 15:52:47 EST 2021                        

Solution Settings: fir.v11
  Current state: extract
  Project: Catapult
  
  Design Input Files Specified
    $PROJECT_HOME/fir_inc.h
      $MGC_HOME/shared/include/ac_fixed.h
        $MGC_HOME/shared/include/ac_int.h
    $PROJECT_HOME/fir.cpp
      $PROJECT_HOME/fir_inc.h
        $MGC_HOME/shared/include/ac_fixed.h
          $MGC_HOME/shared/include/ac_int.h
  
  Processes/Blocks in Design
    Process       Real Operation(s) count Latency Throughput Reset Length II Comments 
    ------------- ----------------------- ------- ---------- ------------ -- --------
    /fir/core                         101      41         42           65  0          
    Design Total:                     101      41         42           65  0          
    
  Bill Of Materials (Datapath)
    Component Name                    Area Score Area(DSP) Area(LUTs) Delay Post Alloc Post Assign 
    --------------------------------- ---------- --------- ---------- ----- ---------- -----------
    [Lib: Altera_M10K]                                                                             
    M10K_DP(4,16,5,32,32,16)               0.000     0.000      0.000 2.500          0           1 
    M10K_DP_rwport(4,16,5,32,32,16)        0.000     0.000      0.000 2.500          2           0 
    [Lib: ccs_ioport]                                                                              
    ccs_in(2,16)                           0.000     0.000      0.000 0.000          1           1 
    ccs_out(3,16)                          0.000     0.000      0.000 0.000          1           1 
    [Lib: mgc_Altera-Cyclone-V-6_beh]                                                              
    mgc_add(30,0,30,0,30)                 17.000     0.000     17.000 2.548         11           9 
    mgc_add(5,0,1,0,5)                     4.500     0.000      4.500 1.642          0           8 
    mgc_add(5,0,1,0,6)                     4.500     0.000      4.500 1.642          0           1 
    mgc_add(5,0,1,1,5)                     4.500     0.000      4.500 1.642         11           5 
    mgc_add(5,0,2,1,5)                     4.500     0.000      4.500 1.652         10           0 
    mgc_add(5,0,2,1,6)                     4.500     0.000      4.500 1.706          1           0 
    mgc_and(1,2)                           0.354     0.000      0.354 1.279          0           4 
    mgc_and(1,3)                           0.559     0.000      0.559 1.279          0           3 
    mgc_and(1,4)                           0.764     0.000      0.764 1.279          0           2 
    mgc_and(1,5)                           0.969     0.000      0.969 1.279          0           6 
    mgc_and(1,6)                           1.174     0.000      1.174 1.496          0           4 
    mgc_and(16,2)                          5.670     0.000      5.670 1.279          0           1 
    mgc_and(3,2)                           1.063     0.000      1.063 1.279          0           1 
    mgc_and(30,2)                         10.631     0.000     10.631 1.279          0           1 
    mgc_and(5,2)                           1.772     0.000      1.772 1.279          1           1 
    mgc_mul(16,1,16,1,30)                310.000     1.000      0.000 4.600          1           4 
    mgc_mux(16,1,2)                        8.135     0.000      8.135 1.312          0           6 
    mgc_mux(16,4,16)                      82.034     0.000     82.034 2.461          1           0 
    mgc_mux(16,5,32)                     166.490     0.000    166.490 2.844         10           3 
    mgc_mux(30,1,2)                       15.254     0.000     15.254 1.312          0           2 
    mgc_mux(5,1,2)                         2.542     0.000      2.542 1.312          0           5 
    mgc_mux1hot(1,3)                       0.883     0.000      0.883 1.485          0           1 
    mgc_mux1hot(16,3)                     14.122     0.000     14.122 1.485          0           2 
    mgc_mux1hot(16,4)                     20.898     0.000     20.898 1.687          0           1 
    mgc_mux1hot(16,6)                     34.449     0.000     34.449 1.972          0           1 
    mgc_mux1hot(16,7)                     41.225     0.000     41.225 2.081          0           1 
    mgc_mux1hot(30,3)                     26.479     0.000     26.479 1.485          0           1 
    mgc_mux1hot(30,4)                     39.183     0.000     39.183 1.687          0           2 
    mgc_mux1hot(5,3)                       4.413     0.000      4.413 1.485          0           3 
    mgc_mux1hot(5,4)                       6.531     0.000      6.531 1.687          0           1 
    mgc_mux1hot(5,5)                       8.648     0.000      8.648 1.844          0           1 
    mgc_mux1hot(5,7)                      12.883     0.000     12.883 2.081          0           1 
    mgc_nor(1,2)                           0.354     0.000      0.354 1.268          0           5 
    mgc_nor(1,3)                           0.559     0.000      0.559 1.268          0           2 
    mgc_nor(1,4)                           0.764     0.000      0.764 1.268          0           4 
    mgc_nor(1,5)                           0.969     0.000      0.969 1.268          0          10 
    mgc_nor(1,6)                           1.174     0.000      1.174 1.487          0           1 
    mgc_not(1)                             0.000     0.000      0.000 0.000          0          13 
    mgc_or(1,2)                            0.354     0.000      0.354 1.268          0          15 
    mgc_or(1,3)                            0.559     0.000      0.559 1.268          0           6 
    mgc_or(1,4)                            0.764     0.000      0.764 1.268          0           3 
    mgc_or(1,5)                            0.969     0.000      0.969 1.268          0           3 
    mgc_or(1,6)                            1.174     0.000      1.174 1.487          0           1 
    mgc_or(1,7)                            1.379     0.000      1.379 1.487          0           1 
    mgc_or(5,2)                            1.772     0.000      1.772 1.268         11           7 
    mgc_reg_pos(1,0,0,1,1,0,0)             0.000     0.000      0.000 0.000          0           4 
    mgc_reg_pos(1,0,0,1,1,1,1)             0.000     0.000      0.000 0.000          0           2 
    mgc_reg_pos(16,0,0,1,1,1,1)            0.000     0.000      0.000 0.000          0          13 
    mgc_reg_pos(2,0,0,1,1,1,1)             0.000     0.000      0.000 0.000          0           1 
    mgc_reg_pos(3,0,0,1,1,1,1)             0.000     0.000      0.000 0.000          0           1 
    mgc_reg_pos(30,0,0,1,1,1,1)            0.000     0.000      0.000 0.000          0           5 
    mgc_reg_pos(448,0,0,1,1,1,1)           0.000     0.000      0.000 0.000          0           1 
    mgc_reg_pos(5,0,0,1,1,0,0)             0.000     0.000      0.000 0.000          0           1 
    mgc_reg_pos(5,0,0,1,1,1,1)             0.000     0.000      0.000 0.000          0           3 
    [Lib: mgc_ioport]                                                                              
    mgc_in_wire(1,512)                     0.000     0.000      0.000 0.000          1           1 
    mgc_io_sync(0)                         0.000     0.000      0.000 0.000          3           3 
                                                                                                   
    TOTAL AREA (After Assignment):      2399.253     4.000   1159.000                              
    
  C++ to RTL Interface Mappings
    C++ Field      RTL Range           RTL Range Expression             Expression Limits 
    -------------- ------------------- -------------------------------- -----------------
    /fir/coeffs[M] coeffs_rsc_z[511:0] coeffs_rsc_z[(M)*16+16-1:(M)*16] M<32              
    
  Area Scores
                      Post-Scheduling   Post-DP & FSM Post-Assignment 
    ----------------- --------------- --------------- ---------------
    Total Area Score:   2364.2          4348.9          2399.3        
    Total Reg:             0.0             0.0             0.0        
                                                                      
    DataPath:           2364.2 (100%)   4348.9 (100%)   2399.3 (100%) 
      MUX:              1746.9  (74%)   1220.2  (28%)    863.3  (36%) 
      FUNC:              596.0  (25%)   3045.5  (70%)   1456.0  (61%) 
      LOGIC:              21.3   (1%)     83.2   (2%)     79.9   (3%) 
      BUFFER:              0.0             0.0             0.0        
      MEM:                 0.0             0.0             0.0        
      ROM:                 0.0             0.0             0.0        
      REG:                 0.0             0.0             0.0        
                                                                      
    
    FSM:                   0.0             0.0             0.0        
      FSM-REG:             0.0             0.0             0.0        
      FSM-COMB:            0.0             0.0             0.0        
                                                                      
    
  Register-to-Variable Mappings
    Register                             Size(bits) Gated Register CG Opt Done Variables                                             
    ------------------------------------ ---------- -------------- ----------- -----------------------------------------------------
    reg(MAC:io_read(coeffs:rsc.@)).ftd          448         Y           Y      reg(MAC:io_read(coeffs:rsc.@)).ftd                    
    MAC-10:mul.itm                               30         Y           Y      MAC-10:mul.itm                                        
                                                                               MAC-11:mul.itm                                        
                                                                               MAC-2:mul.itm                                         
                                                                               MAC-4:mul.itm                                         
                                                                               MAC:acc#5.itm                                         
    MAC-5:mul.itm                                30         Y           Y      MAC-5:mul.itm                                         
                                                                               MAC:acc#4.itm                                         
                                                                               MAC:acc#7.itm                                         
    MAC-7:mul.itm                                30         Y           Y      MAC-7:mul.itm                                         
                                                                               MAC:acc#6.itm                                         
                                                                               MAC:acc#8.itm                                         
                                                                               MAC:acc#3.itm                                         
    MAC:acc#9.itm                                30         Y           Y      MAC:acc#9.itm                                         
    acc(32:3)#1.sva                              30         Y           Y      acc(32:3)#1.sva                                       
                                                                               acc(32:3).sva                                         
    MAC:mux#11.itm                               16         Y           Y      MAC:mux#11.itm                                        
    MAC:mux#12.itm                               16         Y           Y      MAC:mux#12.itm                                        
    MAC:mux#13.itm                               16         Y           Y      MAC:mux#13.itm                                        
    MAC:mux#14.itm                               16         Y           Y      MAC:mux#14.itm                                        
                                                                               MAC:mux#16.itm                                        
    MAC:mux#15.itm                               16         Y           Y      MAC:mux#15.itm                                        
    MAC:mux#17.itm                               16         Y           Y      MAC:mux#17.itm                                        
                                                                               MAC:mux.itm                                           
                                                                               MAC:slc(regs:rsci.qa_d)(15-0)#2.itm                   
    MAC:mux#18.itm                               16         Y           Y      MAC:mux#18.itm                                        
    MAC:mux#19.itm                               16         Y           Y      MAC:mux#19.itm                                        
                                                                               MAC:slc(regs:rsci.qa_d)(31-16).itm                    
    MAC:mux#20.itm                               16         Y           Y      MAC:mux#20.itm                                        
    MAC:slc(regs:rsci.qa_d)(15-0)#1.itm          16         Y           Y      MAC:slc(regs:rsci.qa_d)(15-0)#1.itm                   
                                                                               MAC:slc(regs:rsci.qa_d)(15-0)#4.itm                   
    MAC:slc(regs:rsci.qa_d)(15-0)#5.itm          16         Y           Y      MAC:slc(regs:rsci.qa_d)(15-0)#5.itm                   
                                                                               MAC:slc(regs:rsci.qa_d)(31-16)#1.itm                  
    MAC:slc(regs:rsci.qa_d)(31-16)#2.itm         16         Y           Y      MAC:slc(regs:rsci.qa_d)(31-16)#2.itm                  
                                                                               MAC:slc(regs:rsci.qa_d)(31-16)#3.itm                  
                                                                               MAC:slc(regs:rsci.qa_d)(31-16)#4.itm                  
    out1:rsci.idat                               16         Y           Y      out1:rsci.idat                                        
    regs:acc.itm                                  5         Y           Y      regs:acc.itm                                          
                                                                               regs:vinit.ndx(4:0).sva                               
                                                                               rptr(4:0).sva                                         
    wptr(4:0)#1.sva                               5         Y           Y      wptr(4:0)#1.sva                                       
                                                                               wptr(4:0)#6.lpi#2.dfm                                 
                                                                               wptr(4:0).lpi#2.dfm                                   
                                                                               wptr(4:0)#3.lpi#2.dfm                                 
    wptr(4:0)#4.sva#1                             5                            wptr(4:0)#4.sva#1                                     
                                                                               wptr(4:0)#9.sva#1                                     
                                                                               wptr(4:0)#5.lpi#2.dfm                                 
                                                                               wptr(4:0)#9.lpi#2.dfm                                 
                                                                               MAC:MAC:or#10.itm                                     
    wptr(4:0)#8.lpi#2.dfm                         5         Y           Y      wptr(4:0)#8.lpi#2.dfm                                 
    MAC-4:acc#2.psp.sva(2:1)                      2         Y           Y      MAC-4:acc#2.psp.sva                                   
                                                                               MAC-8:acc#2.psp.sva                                   
                                                                               MAC-11:acc#2.itm                                      
                                                                               MAC:i(4:0).sva(4:2)                                   
    MAC-4:acc#2.psp.sva(4:3)                      2         Y           Y      MAC-4:acc#2.psp.sva                                   
                                                                               MAC-8:acc#2.psp.sva                                   
                                                                               MAC-11:acc#2.itm                                      
                                                                               MAC:i(4:0).sva(4:2)                                   
    MAC-4:acc#2.psp.sva(0)                        1         Y           Y      MAC-4:acc#2.psp.sva                                   
                                                                               MAC-8:acc#2.psp.sva                                   
                                                                               MAC-11:acc#2.itm                                      
                                                                               MAC:i(4:0).sva(4:2)                                   
    MAC:MAC:nor#12.itm                            1                            MAC:MAC:nor#12.itm                                    
                                                                               MAC:MAC:nor#15.itm                                    
                                                                               MAC:MAC:nor#17.itm                                    
                                                                               MAC:MAC:nor#20.itm                                    
    MAC:i(4:0).sva(0)                             1         Y           Y      MAC:i(4:0).sva(0)                                     
    MAC:i(4:0).sva(1)                             1                            MAC:i(4:0).sva(1)                                     
    reg(MAC:i(5:0)).ftd                           1         Y           Y      reg(MAC:i(5:0)).ftd                                   
    reg(out1:rsc.triosy:obj.ld).cse               1                            reg(out1:rsc.triosy:obj.ld).cse                       
    regs:regs:nor.itm                             1                            regs:regs:nor.itm                                     
                                                                                                                                     
    Total:                                      837            828         828 (Total Gating Ratio: 0.99, CG Opt Gating Ratio: 0.99) 
    
  Timing Report
    Critical Path
      Max Delay:  12.101803
      Slack:      -2.1018030000000003
      
      Path                                        Startpoint                      Endpoint                  Delay   Slack   
      ------------------------------------------- ------------------------------- ------------------------- ------- -------
      1                                           fir:core/reg(wptr(4:0)#1)       fir:core/reg(wptr(4:0)#4) 12.1018 -2.1018 
                                                                                                                            
        Instance                                  Component                                                 Delta   Delay   
        --------                                  ---------                                                 -----   -----   
        fir:core/reg(wptr(4:0)#1)                 mgc_reg_pos_5_0_0_1_1_1_1                                 0.0000  0.0000  
        fir:core/wptr(4:0)#1.sva                                                                            0.0000  0.0000  
        fir:core/MAC-6:else:acc                   mgc_addc_5_0_1_1_5                                        1.6417  1.6417  
        fir:core/MAC-6:else:acc.tmp                                                                         0.0000  1.6417  
        fir:core/MAC:MAC:or                       mgc_or_5_2                                                1.2679  2.9096  
        fir:core/wptr(4:0)#2.lpi#2.dfm#1                                                                    0.0000  2.9096  
        fir:core/regs:mux1h#6                     mgc_mux1hot_5_3                                           1.4848  4.3943  
        fir:core/regs:mux1h#6.itm                                                                           0.0000  4.3943  
        fir:core/MAC-2:else:acc:rg                mgc_addc_5_0_1_1_5                                        1.6417  6.0360  
        fir:core/z.out#2                                                                                    0.0000  6.0360  
        fir:core/MAC:MAC:or#1                     mgc_or_5_2                                                1.2679  7.3039  
        fir:core/wptr(4:0)#3.lpi#2.dfm:mx0w1                                                                0.0000  7.3039  
        fir:core/MAC:else:mux                     mgc_mux_5_1_2                                             1.3121  8.6160  
        fir:core/MAC:else:mux.itm                                                                           0.0000  8.6160  
        fir:core/MAC-3:else:acc:rg                mgc_addc_5_0_1_1_5                                        1.6417  10.2577 
        fir:core/z.out#3                                                                                    0.0000  10.2577 
        fir:core/wptr:mux1h#4                     mgc_mux1hot_5_5                                           1.8441  12.1018 
        fir:core/wptr:mux1h#4.itm                                                                           0.0000  12.1018 
        fir:core/reg(wptr(4:0)#4)                 mgc_reg_pos_5_0_0_1_1_0_0                                 0.0000  12.1018 
                                                                                                                            
      2                                           fir:core/reg(wptr(4:0)#1)       fir:core/reg(wptr(4:0)#4) 12.1018 -2.1018 
                                                                                                                            
        Instance                                  Component                                                 Delta   Delay   
        --------                                  ---------                                                 -----   -----   
        fir:core/reg(wptr(4:0)#1)                 mgc_reg_pos_5_0_0_1_1_1_1                                 0.0000  0.0000  
        fir:core/wptr(4:0)#1.sva                                                                            0.0000  0.0000  
        fir:core/MAC-6:else:acc                   mgc_addc_5_0_1_1_5                                        1.6417  1.6417  
        fir:core/MAC-6:else:acc.tmp                                                                         0.0000  1.6417  
        fir:core/MAC:MAC:or#10                    mgc_or_5_2                                                1.2679  2.9096  
        fir:core/MAC:MAC:or#10.itm#1                                                                        0.0000  2.9096  
        fir:core/regs:mux1h#6                     mgc_mux1hot_5_3                                           1.4848  4.3943  
        fir:core/regs:mux1h#6.itm                                                                           0.0000  4.3943  
        fir:core/MAC-2:else:acc:rg                mgc_addc_5_0_1_1_5                                        1.6417  6.0360  
        fir:core/z.out#2                                                                                    0.0000  6.0360  
        fir:core/MAC:MAC:or#1                     mgc_or_5_2                                                1.2679  7.3039  
        fir:core/wptr(4:0)#3.lpi#2.dfm:mx0w1                                                                0.0000  7.3039  
        fir:core/MAC:else:mux                     mgc_mux_5_1_2                                             1.3121  8.6160  
        fir:core/MAC:else:mux.itm                                                                           0.0000  8.6160  
        fir:core/MAC-3:else:acc:rg                mgc_addc_5_0_1_1_5                                        1.6417  10.2577 
        fir:core/z.out#3                                                                                    0.0000  10.2577 
        fir:core/wptr:mux1h#4                     mgc_mux1hot_5_5                                           1.8441  12.1018 
        fir:core/wptr:mux1h#4.itm                                                                           0.0000  12.1018 
        fir:core/reg(wptr(4:0)#4)                 mgc_reg_pos_5_0_0_1_1_0_0                                 0.0000  12.1018 
                                                                                                                            
      3                                           fir:core/reg(wptr(4:0)#1)       fir:core/reg(wptr(4:0)#4) 12.1018 -2.1018 
                                                                                                                            
        Instance                                  Component                                                 Delta   Delay   
        --------                                  ---------                                                 -----   -----   
        fir:core/reg(wptr(4:0)#1)                 mgc_reg_pos_5_0_0_1_1_1_1                                 0.0000  0.0000  
        fir:core/wptr(4:0)#1.sva                                                                            0.0000  0.0000  
        fir:core/MAC-6:else:acc                   mgc_addc_5_0_1_1_5                                        1.6417  1.6417  
        fir:core/MAC-6:else:acc.tmp                                                                         0.0000  1.6417  
        fir:core/MAC:MAC:or                       mgc_or_5_2                                                1.2679  2.9096  
        fir:core/wptr(4:0)#2.lpi#2.dfm#1                                                                    0.0000  2.9096  
        fir:core/regs:mux1h#6                     mgc_mux1hot_5_3                                           1.4848  4.3943  
        fir:core/regs:mux1h#6.itm                                                                           0.0000  4.3943  
        fir:core/MAC-2:else:acc:rg                mgc_addc_5_0_1_1_5                                        1.6417  6.0360  
        fir:core/z.out#2                                                                                    0.0000  6.0360  
        fir:core/MAC:MAC:or#6                     mgc_or_5_2                                                1.2679  7.3039  
        fir:core/wptr(4:0)#8.lpi#2.dfm#1                                                                    0.0000  7.3039  
        fir:core/MAC:else:mux                     mgc_mux_5_1_2                                             1.3121  8.6160  
        fir:core/MAC:else:mux.itm                                                                           0.0000  8.6160  
        fir:core/MAC-3:else:acc:rg                mgc_addc_5_0_1_1_5                                        1.6417  10.2577 
        fir:core/z.out#3                                                                                    0.0000  10.2577 
        fir:core/wptr:mux1h#4                     mgc_mux1hot_5_5                                           1.8441  12.1018 
        fir:core/wptr:mux1h#4.itm                                                                           0.0000  12.1018 
        fir:core/reg(wptr(4:0)#4)                 mgc_reg_pos_5_0_0_1_1_0_0                                 0.0000  12.1018 
                                                                                                                            
      4                                           fir:core/reg(wptr(4:0)#1)       fir:core/reg(wptr(4:0)#4) 12.1018 -2.1018 
                                                                                                                            
        Instance                                  Component                                                 Delta   Delay   
        --------                                  ---------                                                 -----   -----   
        fir:core/reg(wptr(4:0)#1)                 mgc_reg_pos_5_0_0_1_1_1_1                                 0.0000  0.0000  
        fir:core/wptr(4:0)#1.sva                                                                            0.0000  0.0000  
        fir:core/MAC-6:else:acc                   mgc_addc_5_0_1_1_5                                        1.6417  1.6417  
        fir:core/MAC-6:else:acc.tmp                                                                         0.0000  1.6417  
        fir:core/MAC:MAC:or#10                    mgc_or_5_2                                                1.2679  2.9096  
        fir:core/MAC:MAC:or#10.itm#1                                                                        0.0000  2.9096  
        fir:core/regs:mux1h#6                     mgc_mux1hot_5_3                                           1.4848  4.3943  
        fir:core/regs:mux1h#6.itm                                                                           0.0000  4.3943  
        fir:core/MAC-2:else:acc:rg                mgc_addc_5_0_1_1_5                                        1.6417  6.0360  
        fir:core/z.out#2                                                                                    0.0000  6.0360  
        fir:core/MAC:MAC:or#6                     mgc_or_5_2                                                1.2679  7.3039  
        fir:core/wptr(4:0)#8.lpi#2.dfm#1                                                                    0.0000  7.3039  
        fir:core/MAC:else:mux                     mgc_mux_5_1_2                                             1.3121  8.6160  
        fir:core/MAC:else:mux.itm                                                                           0.0000  8.6160  
        fir:core/MAC-3:else:acc:rg                mgc_addc_5_0_1_1_5                                        1.6417  10.2577 
        fir:core/z.out#3                                                                                    0.0000  10.2577 
        fir:core/wptr:mux1h#4                     mgc_mux1hot_5_5                                           1.8441  12.1018 
        fir:core/wptr:mux1h#4.itm                                                                           0.0000  12.1018 
        fir:core/reg(wptr(4:0)#4)                 mgc_reg_pos_5_0_0_1_1_0_0                                 0.0000  12.1018 
                                                                                                                            
      5                                           fir:core/reg(wptr(4:0)#1)       fir:core/reg(wptr(4:0)#4) 11.7280 -1.7280 
                                                                                                                            
        Instance                                  Component                                                 Delta   Delay   
        --------                                  ---------                                                 -----   -----   
        fir:core/reg(wptr(4:0)#1)                 mgc_reg_pos_5_0_0_1_1_1_1                                 0.0000  0.0000  
        fir:core/wptr(4:0)#1.sva                                                                            0.0000  0.0000  
        fir:core/wptr:slc(wptr(4:0)#1.sva)(4)                                                               0.0000  0.0000  
        fir:core/wptr:slc(wptr(4:0)#1.sva)(4).itm                                                           0.0000  0.0000  
        fir:core/MAC:MAC:nor                      mgc_nor_1_5                                               1.2679  1.2679  
        fir:core/MAC:MAC:nor.itm                                                                            0.0000  1.2679  
        fir:core/MAC:exs                                                                                    0.0000  1.2679  
        fir:core/MAC:exs.itm                                                                                0.0000  1.2679  
        fir:core/MAC:MAC:or                       mgc_or_5_2                                                1.2679  2.5358  
        fir:core/wptr(4:0)#2.lpi#2.dfm#1                                                                    0.0000  2.5358  
        fir:core/regs:mux1h#6                     mgc_mux1hot_5_3                                           1.4848  4.0206  
        fir:core/regs:mux1h#6.itm                                                                           0.0000  4.0206  
        fir:core/MAC-2:else:acc:rg                mgc_addc_5_0_1_1_5                                        1.6417  5.6622  
        fir:core/z.out#2                                                                                    0.0000  5.6622  
        fir:core/MAC:MAC:or#6                     mgc_or_5_2                                                1.2679  6.9301  
        fir:core/wptr(4:0)#8.lpi#2.dfm#1                                                                    0.0000  6.9301  
        fir:core/MAC:else:mux                     mgc_mux_5_1_2                                             1.3121  8.2422  
        fir:core/MAC:else:mux.itm                                                                           0.0000  8.2422  
        fir:core/MAC-3:else:acc:rg                mgc_addc_5_0_1_1_5                                        1.6417  9.8839  
        fir:core/z.out#3                                                                                    0.0000  9.8839  
        fir:core/wptr:mux1h#4                     mgc_mux1hot_5_5                                           1.8441  11.7280 
        fir:core/wptr:mux1h#4.itm                                                                           0.0000  11.7280 
        fir:core/reg(wptr(4:0)#4)                 mgc_reg_pos_5_0_0_1_1_0_0                                 0.0000  11.7280 
                                                                                                                            
      6                                           fir:core/reg(wptr(4:0)#1)       fir:core/reg(wptr(4:0)#4) 11.7280 -1.7280 
                                                                                                                            
        Instance                                  Component                                                 Delta   Delay   
        --------                                  ---------                                                 -----   -----   
        fir:core/reg(wptr(4:0)#1)                 mgc_reg_pos_5_0_0_1_1_1_1                                 0.0000  0.0000  
        fir:core/wptr(4:0)#1.sva                                                                            0.0000  0.0000  
        fir:core/wptr:slc(wptr(4:0)#1.sva)(3)                                                               0.0000  0.0000  
        fir:core/wptr:slc(wptr(4:0)#1.sva)(3).itm                                                           0.0000  0.0000  
        fir:core/MAC:MAC:nor                      mgc_nor_1_5                                               1.2679  1.2679  
        fir:core/MAC:MAC:nor.itm                                                                            0.0000  1.2679  
        fir:core/MAC:exs                                                                                    0.0000  1.2679  
        fir:core/MAC:exs.itm                                                                                0.0000  1.2679  
        fir:core/MAC:MAC:or                       mgc_or_5_2                                                1.2679  2.5358  
        fir:core/wptr(4:0)#2.lpi#2.dfm#1                                                                    0.0000  2.5358  
        fir:core/regs:mux1h#6                     mgc_mux1hot_5_3                                           1.4848  4.0206  
        fir:core/regs:mux1h#6.itm                                                                           0.0000  4.0206  
        fir:core/MAC-2:else:acc:rg                mgc_addc_5_0_1_1_5                                        1.6417  5.6622  
        fir:core/z.out#2                                                                                    0.0000  5.6622  
        fir:core/MAC:MAC:or#6                     mgc_or_5_2                                                1.2679  6.9301  
        fir:core/wptr(4:0)#8.lpi#2.dfm#1                                                                    0.0000  6.9301  
        fir:core/MAC:else:mux                     mgc_mux_5_1_2                                             1.3121  8.2422  
        fir:core/MAC:else:mux.itm                                                                           0.0000  8.2422  
        fir:core/MAC-3:else:acc:rg                mgc_addc_5_0_1_1_5                                        1.6417  9.8839  
        fir:core/z.out#3                                                                                    0.0000  9.8839  
        fir:core/wptr:mux1h#4                     mgc_mux1hot_5_5                                           1.8441  11.7280 
        fir:core/wptr:mux1h#4.itm                                                                           0.0000  11.7280 
        fir:core/reg(wptr(4:0)#4)                 mgc_reg_pos_5_0_0_1_1_0_0                                 0.0000  11.7280 
                                                                                                                            
      7                                           fir:core/reg(wptr(4:0)#1)       fir:core/reg(wptr(4:0)#4) 11.7280 -1.7280 
                                                                                                                            
        Instance                                  Component                                                 Delta   Delay   
        --------                                  ---------                                                 -----   -----   
        fir:core/reg(wptr(4:0)#1)                 mgc_reg_pos_5_0_0_1_1_1_1                                 0.0000  0.0000  
        fir:core/wptr(4:0)#1.sva                                                                            0.0000  0.0000  
        fir:core/wptr:slc(wptr(4:0)#1.sva)(2)                                                               0.0000  0.0000  
        fir:core/wptr:slc(wptr(4:0)#1.sva)(2).itm                                                           0.0000  0.0000  
        fir:core/MAC:MAC:nor                      mgc_nor_1_5                                               1.2679  1.2679  
        fir:core/MAC:MAC:nor.itm                                                                            0.0000  1.2679  
        fir:core/MAC:exs                                                                                    0.0000  1.2679  
        fir:core/MAC:exs.itm                                                                                0.0000  1.2679  
        fir:core/MAC:MAC:or                       mgc_or_5_2                                                1.2679  2.5358  
        fir:core/wptr(4:0)#2.lpi#2.dfm#1                                                                    0.0000  2.5358  
        fir:core/regs:mux1h#6                     mgc_mux1hot_5_3                                           1.4848  4.0206  
        fir:core/regs:mux1h#6.itm                                                                           0.0000  4.0206  
        fir:core/MAC-2:else:acc:rg                mgc_addc_5_0_1_1_5                                        1.6417  5.6622  
        fir:core/z.out#2                                                                                    0.0000  5.6622  
        fir:core/MAC:MAC:or#6                     mgc_or_5_2                                                1.2679  6.9301  
        fir:core/wptr(4:0)#8.lpi#2.dfm#1                                                                    0.0000  6.9301  
        fir:core/MAC:else:mux                     mgc_mux_5_1_2                                             1.3121  8.2422  
        fir:core/MAC:else:mux.itm                                                                           0.0000  8.2422  
        fir:core/MAC-3:else:acc:rg                mgc_addc_5_0_1_1_5                                        1.6417  9.8839  
        fir:core/z.out#3                                                                                    0.0000  9.8839  
        fir:core/wptr:mux1h#4                     mgc_mux1hot_5_5                                           1.8441  11.7280 
        fir:core/wptr:mux1h#4.itm                                                                           0.0000  11.7280 
        fir:core/reg(wptr(4:0)#4)                 mgc_reg_pos_5_0_0_1_1_0_0                                 0.0000  11.7280 
                                                                                                                            
      8                                           fir:core/reg(wptr(4:0)#1)       fir:core/reg(wptr(4:0)#4) 11.7280 -1.7280 
                                                                                                                            
        Instance                                  Component                                                 Delta   Delay   
        --------                                  ---------                                                 -----   -----   
        fir:core/reg(wptr(4:0)#1)                 mgc_reg_pos_5_0_0_1_1_1_1                                 0.0000  0.0000  
        fir:core/wptr(4:0)#1.sva                                                                            0.0000  0.0000  
        fir:core/wptr:slc(wptr(4:0)#1.sva)(1)                                                               0.0000  0.0000  
        fir:core/wptr:slc(wptr(4:0)#1.sva)(1).itm                                                           0.0000  0.0000  
        fir:core/MAC:MAC:nor                      mgc_nor_1_5                                               1.2679  1.2679  
        fir:core/MAC:MAC:nor.itm                                                                            0.0000  1.2679  
        fir:core/MAC:exs                                                                                    0.0000  1.2679  
        fir:core/MAC:exs.itm                                                                                0.0000  1.2679  
        fir:core/MAC:MAC:or                       mgc_or_5_2                                                1.2679  2.5358  
        fir:core/wptr(4:0)#2.lpi#2.dfm#1                                                                    0.0000  2.5358  
        fir:core/regs:mux1h#6                     mgc_mux1hot_5_3                                           1.4848  4.0206  
        fir:core/regs:mux1h#6.itm                                                                           0.0000  4.0206  
        fir:core/MAC-2:else:acc:rg                mgc_addc_5_0_1_1_5                                        1.6417  5.6622  
        fir:core/z.out#2                                                                                    0.0000  5.6622  
        fir:core/MAC:MAC:or#6                     mgc_or_5_2                                                1.2679  6.9301  
        fir:core/wptr(4:0)#8.lpi#2.dfm#1                                                                    0.0000  6.9301  
        fir:core/MAC:else:mux                     mgc_mux_5_1_2                                             1.3121  8.2422  
        fir:core/MAC:else:mux.itm                                                                           0.0000  8.2422  
        fir:core/MAC-3:else:acc:rg                mgc_addc_5_0_1_1_5                                        1.6417  9.8839  
        fir:core/z.out#3                                                                                    0.0000  9.8839  
        fir:core/wptr:mux1h#4                     mgc_mux1hot_5_5                                           1.8441  11.7280 
        fir:core/wptr:mux1h#4.itm                                                                           0.0000  11.7280 
        fir:core/reg(wptr(4:0)#4)                 mgc_reg_pos_5_0_0_1_1_0_0                                 0.0000  11.7280 
                                                                                                                            
      9                                           fir:core/reg(wptr(4:0)#1)       fir:core/reg(wptr(4:0)#4) 11.7280 -1.7280 
                                                                                                                            
        Instance                                  Component                                                 Delta   Delay   
        --------                                  ---------                                                 -----   -----   
        fir:core/reg(wptr(4:0)#1)                 mgc_reg_pos_5_0_0_1_1_1_1                                 0.0000  0.0000  
        fir:core/wptr(4:0)#1.sva                                                                            0.0000  0.0000  
        fir:core/wptr:slc(wptr(4:0)#1.sva)(0)                                                               0.0000  0.0000  
        fir:core/wptr:slc(wptr(4:0)#1.sva)(0).itm                                                           0.0000  0.0000  
        fir:core/MAC:MAC:nor                      mgc_nor_1_5                                               1.2679  1.2679  
        fir:core/MAC:MAC:nor.itm                                                                            0.0000  1.2679  
        fir:core/MAC:exs                                                                                    0.0000  1.2679  
        fir:core/MAC:exs.itm                                                                                0.0000  1.2679  
        fir:core/MAC:MAC:or                       mgc_or_5_2                                                1.2679  2.5358  
        fir:core/wptr(4:0)#2.lpi#2.dfm#1                                                                    0.0000  2.5358  
        fir:core/regs:mux1h#6                     mgc_mux1hot_5_3                                           1.4848  4.0206  
        fir:core/regs:mux1h#6.itm                                                                           0.0000  4.0206  
        fir:core/MAC-2:else:acc:rg                mgc_addc_5_0_1_1_5                                        1.6417  5.6622  
        fir:core/z.out#2                                                                                    0.0000  5.6622  
        fir:core/MAC:MAC:or#6                     mgc_or_5_2                                                1.2679  6.9301  
        fir:core/wptr(4:0)#8.lpi#2.dfm#1                                                                    0.0000  6.9301  
        fir:core/MAC:else:mux                     mgc_mux_5_1_2                                             1.3121  8.2422  
        fir:core/MAC:else:mux.itm                                                                           0.0000  8.2422  
        fir:core/MAC-3:else:acc:rg                mgc_addc_5_0_1_1_5                                        1.6417  9.8839  
        fir:core/z.out#3                                                                                    0.0000  9.8839  
        fir:core/wptr:mux1h#4                     mgc_mux1hot_5_5                                           1.8441  11.7280 
        fir:core/wptr:mux1h#4.itm                                                                           0.0000  11.7280 
        fir:core/reg(wptr(4:0)#4)                 mgc_reg_pos_5_0_0_1_1_0_0                                 0.0000  11.7280 
                                                                                                                            
      10                                          fir:core/fir:core_core:fsm:inst fir:core/reg(MAC-10:mul)  11.4156 -1.4156 
                                                                                                                            
        Instance                                  Component                                                 Delta   Delay   
        --------                                  ---------                                                 -----   -----   
        fir:core/fir:core_core:fsm:inst           fir:core_core:fsm                                         0.0000  0.0000  
        fir:core/fsm_output                                                                                 0.0000  0.0000  
        fir:core/slc(fsm_output)(7)#25                                                                      0.0000  0.0000  
        fir:core/slc(fsm_output)(7)#25.itm                                                                  0.0000  0.0000  
        fir:core/or#150                           mgc_or_1_2                                                1.2679  1.2679  
        fir:core/or#150.itm                                                                                 0.0000  1.2679  
        fir:core/MAC:mux#33                       mgc_mux_16_1_2                                            1.3121  2.5800  
        fir:core/MAC:mux#33.itm                                                                             0.0000  2.5800  
        fir:core/MAC-1:mul#1:rg                   mgc_mul_16_1_16_1_30                                      4.6000  7.1800  
        fir:core/z.out#7                                                                                    0.0000  7.1800  
        fir:core/MAC:acc#5                        mgc_addc_30_0_30_0_30                                     2.5484  9.7284  
        fir:core/MAC:acc#5.itm                                                                              0.0000  9.7284  
        fir:core/MAC:mux1h#10                     mgc_mux1hot_30_4                                          1.6872  11.4156 
        fir:core/MAC:mux1h#10.itm                                                                           0.0000  11.4156 
        fir:core/reg(MAC-10:mul)                  mgc_reg_pos_30_0_0_1_1_1_1                                0.0000  11.4156 
                                                                                                                            
      
    Register Input and Register-to-Output Slack
      Clock period or pin-to-reg delay constraint (clk): 10.0
      Clock uncertainty constraint (clk)               : 0.0
      
      Instance                                       Port                                     Slack (Delay) Messages                
      ---------------------------------------------- -------------------------------------- ------- ------- -----------------------
      fir:core/reg(out1:rsc.triosy:obj.ld)           reg(out1:out1:and.cse                   8.7210  1.2790                         
      fir:core/reg(out1:rsci.idat)                   acc:slc(acc(32:3).sva#1)(29-14).itm     2.3547  7.6453                         
      fir:core/reg(regs:acc)                         and.itm                                 1.1718  8.8282                         
      fir:core/reg(regs:regs:nor)                    regs:regs:nor.itm#2                     8.7321  1.2679                         
      fir:core/reg(wptr(4:0)#1)                      regs:mux1h#4.itm                        1.0089  8.9911                         
      fir:core/reg(acc(32:3)#1)                      acc:acc:and.itm                        -0.2364 10.2364 (clock period exceeded) 
      fir:core/reg(MAC:i(4:0).sva(1))                slc(fsm_output)(17)#5.itm              10.0000  0.0000                         
      fir:core/reg(MAC:i(4:0).sva(0))                MAC:i:MAC:i:MAC:i:and.itm               8.7210  1.2790                         
      fir:core/reg(MAC-4:acc#2.psp)                  slc(MAC:mux1h#3.rgt)(4-3).itm           0.6365  9.3635                         
      fir:core/reg(MAC-4:acc#2.psp)#1                slc(MAC:mux1h#3.rgt)(2-0).itm           0.6365  9.3635                         
      fir:core/reg(wptr(4:0)#4)                      wptr:mux1h#4.itm                       -2.1018 12.1018 (clock period exceeded) 
      fir:core/reg(MAC:mux#18)                       z.out#5                                 2.5604  7.4396                         
      fir:core/reg(MAC:mux#19)                       MAC:MAC:MAC:mux1h#1.itm                 0.8410  9.1590                         
      fir:core/reg(MAC:mux#17)                       MAC:mux1h#5.itm                         3.7306  6.2694                         
      fir:core/reg(MAC:MAC:nor#12)                   MAC:mux1h#7.itm                        -0.0566 10.0566 (clock period exceeded) 
      fir:core/reg(MAC:mux#14)                       MAC:MAC:MAC:mux1h.itm                   5.4807  4.5193                         
      fir:core/reg(MAC:mux#13)                       MAC:mux#13.itm#2                        2.2309  7.7691                         
      fir:core/reg(MAC:mux#11)                       z.out#5                                 2.5604  7.4396                         
      fir:core/reg(MAC:mux#12)                       MAC:mux#12.itm#2                        3.8725  6.1275                         
      fir:core/reg(MAC-10:mul)                       MAC:mux1h#10.itm                       -1.4156 11.4156 (clock period exceeded) 
      fir:core/reg(MAC:slc(regs:rsci.qa_d)(31-16)#2) MAC:slc(regs:rsci.qa_d)(31-16)#2.itm#2  7.5000  2.5000                         
      fir:core/reg(wptr(4:0)#8.lpi#2.dfm)            wptr(4:0)#8.lpi#2.dfm#1                -2.1018 12.1018 (clock period exceeded) 
      fir:core/reg(MAC:mux#15)                       z.out#5                                 2.5604  7.4396                         
      fir:core/reg(MAC:mux#20)                       MAC:MAC:mux1h.itm                       3.9640  6.0360                         
      fir:core/reg(MAC-7:mul)                        MAC:mux1h#13.itm                       -1.4156 11.4156 (clock period exceeded) 
      fir:core/reg(MAC:slc(regs:rsci.qa_d)(15-0)#1)  MAC:slc(regs:rsci.qa_d)(15-0)#5.itm#2   7.5000  2.5000                         
      fir:core/reg(MAC-5:mul)                        MAC:mux1h#14.itm                       -1.2132 11.2132 (clock period exceeded) 
      fir:core/reg(MAC:slc(regs:rsci.qa_d)(15-0)#5)  MAC:MAC:mux.itm                         6.1879  3.8121                         
      fir:core/reg(MAC:acc#9)                        z.out#4                                 3.5484  6.4516                         
      fir:core/reg(MAC:io_read(coeffs:rsc.@))        coeffs:slc(coeffs:rsci.d)(511-64).itm  10.0000  0.0000                         
      fir:core/reg(MAC:i(5:0))                       MAC:i:slc(MAC:i(5:0).sva:mx0w0)(5).itm  6.7167  3.2833                         
      fir                                            coeffs:rsc.triosy.lz                   10.0000  0.0000                         
      fir                                            in1:rsc.triosy.lz                      10.0000  0.0000                         
      fir                                            out1:rsc.dat                           10.0000  0.0000                         
      fir                                            out1:rsc.triosy.lz                     10.0000  0.0000                         
      
  Operator Bitwidth Summary
    Operation  Size (bits) Count 
    ---------- ----------- -----
    add                          
    -                    6     1 
    -                    5    13 
    -                   30     9 
    and                          
    -                    5     1 
    -                   30     1 
    -                    3     1 
    -                   16     1 
    -                    1    19 
    mul                          
    -                   30     4 
    mux                          
    -                    5     5 
    -                   30     2 
    -                   16     9 
    mux1h                        
    -                    5     6 
    -                   30     3 
    -                   16     5 
    -                    1     1 
    nor                          
    -                    1    22 
    not                          
    -                    1    13 
    or                           
    -                    5     7 
    -                    1    29 
    read_port                    
    -                  512     1 
    -                   16     1 
    read_ram                     
    -                   16     1 
    read_sync                    
    -                    0     3 
    reg                          
    -                    5     4 
    -                  448     1 
    -                   30     5 
    -                    3     1 
    -                    2     1 
    -                   16    13 
    -                    1     6 
    write_port                   
    -                    0     1 
    
  End of Report
