-- Catapult Ultra Synthesis: Report                                              
-- ------------------------- ---------------------------------------------------
-- Version:                  10.3d/815731 Production Release                     
-- Build Date:               Wed Apr 24 14:54:19 PDT 2019                        
                                                                                 
-- Generated by:             695r48@ecegrid-thin4.ecn.purdue.edu                 
-- Generated date:           Sat Nov 13 22:52:13 EST 2021                        

Solution Settings: fir.v26
  Current state: extract
  Project: Catapult
  
  Design Input Files Specified
    $PROJECT_HOME/fir_inc.h
      $MGC_HOME/shared/include/ac_fixed.h
        $MGC_HOME/shared/include/ac_int.h
    $PROJECT_HOME/fir.cpp
      $PROJECT_HOME/fir_inc.h
        $MGC_HOME/shared/include/ac_fixed.h
          $MGC_HOME/shared/include/ac_int.h
  
  Processes/Blocks in Design
    Process       Real Operation(s) count Latency Throughput Reset Length II Comments 
    ------------- ----------------------- ------- ---------- ------------ -- --------
    /fir/core                          69      13         13            0  0          
    Design Total:                      69      13         13            0 13          
    
  Bill Of Materials (Datapath)
    Component Name                    Area Score Area(DSP) Area(LUTs) Delay Post Alloc Post Assign 
    --------------------------------- ---------- --------- ---------- ----- ---------- -----------
    [Lib: ccs_ioport]                                                                              
    ccs_in(2,16)                           0.000     0.000      0.000 0.000          1           1 
    ccs_out(3,16)                          0.000     0.000      0.000 0.000          1           1 
    [Lib: mgc_Altera-Cyclone-V-6_beh]                                                              
    mgc_add(30,0,30,0,30)                 17.000     0.000     17.000 2.548         31          25 
    mgc_mul(16,1,16,1,30)                310.000     1.000      0.000 4.600          3          21 
    mgc_mux(16,1,2)                        8.135     0.000      8.135 1.312          0          13 
    mgc_mux(30,1,2)                       15.254     0.000     15.254 1.312          0           4 
    mgc_mux1hot(16,6)                     34.449     0.000     34.449 1.972          0           2 
    mgc_mux1hot(30,3)                     26.479     0.000     26.479 1.485          0           1 
    mgc_mux1hot(30,4)                     39.183     0.000     39.183 1.687          0           2 
    mgc_mux1hot(30,5)                     51.888     0.000     51.888 1.844          0           1 
    mgc_mux1hot(30,7)                     77.296     0.000     77.296 2.081          0           1 
    mgc_or(1,2)                            0.354     0.000      0.354 1.268          0           3 
    mgc_or(1,3)                            0.559     0.000      0.559 1.268          0           2 
    mgc_or(1,4)                            0.764     0.000      0.764 1.268          0           1 
    mgc_or(1,5)                            0.969     0.000      0.969 1.268          0           2 
    mgc_or(1,7)                            1.379     0.000      1.379 1.487          0           1 
    mgc_reg_pos(1,0,0,1,1,0,0)             0.000     0.000      0.000 0.000          0           2 
    mgc_reg_pos(16,0,0,1,1,0,0)            0.000     0.000      0.000 0.000          0           1 
    mgc_reg_pos(16,0,0,1,1,1,1)            0.000     0.000      0.000 0.000          0          32 
    mgc_reg_pos(30,0,0,1,1,0,0)            0.000     0.000      0.000 0.000          0           1 
    mgc_reg_pos(30,0,0,1,1,1,1)            0.000     0.000      0.000 0.000          0           6 
    mgc_reg_pos(464,0,0,1,1,1,1)           0.000     0.000      0.000 0.000          0           1 
    [Lib: mgc_ioport]                                                                              
    mgc_in_wire(1,512)                     0.000     0.000      0.000 0.000          1           1 
    mgc_io_sync(0)                         0.000     0.000      0.000 0.000          3           3 
                                                                                                   
    TOTAL AREA (After Assignment):      7410.965    21.000    901.000                              
    
  C++ to RTL Interface Mappings
    C++ Field      RTL Range           RTL Range Expression             Expression Limits 
    -------------- ------------------- -------------------------------- -----------------
    /fir/coeffs[M] coeffs_rsc_z[511:0] coeffs_rsc_z[(M)*16+16-1:(M)*16] M<32              
    
  Area Scores
                      Post-Scheduling    Post-DP & FSM Post-Assignment 
    ----------------- --------------- ---------------- ---------------
    Total Area Score:   1457.0          10708.6          7411.0        
    Total Reg:             0.0              0.0             0.0        
                                                                       
    DataPath:           1457.0 (100%)   10708.6 (100%)   7411.0 (100%) 
      MUX:                 0.0            308.2   (3%)    469.7   (6%) 
      FUNC:             1457.0 (100%)   10396.0  (97%)   6935.0  (94%) 
      LOGIC:               0.0              4.4   (0%)      6.3   (0%) 
      BUFFER:              0.0              0.0             0.0        
      MEM:                 0.0              0.0             0.0        
      ROM:                 0.0              0.0             0.0        
      REG:                 0.0              0.0             0.0        
                                                                       
    
    FSM:                   0.0              0.0             0.0        
      FSM-REG:             0.0              0.0             0.0        
      FSM-COMB:            0.0              0.0             0.0        
                                                                       
    
  Register-to-Variable Mappings
    Register                              Size(bits) Gated Register CG Opt Done Variables                                             
    ------------------------------------- ---------- -------------- ----------- -----------------------------------------------------
    reg(MAC:io_read(coeffs:rsc.@)).ftd#48        464         Y           Y      reg(MAC:io_read(coeffs:rsc.@)).ftd#48                 
    MAC-13:mul.itm                                30                            MAC-13:mul.itm                                        
                                                                                MAC-19:mul.itm                                        
                                                                                MAC-1:mul.itm                                         
                                                                                MAC-25:mul.itm                                        
                                                                                MAC-7:mul.itm                                         
                                                                                MAC:acc#11.itm                                        
                                                                                MAC:acc#17.itm                                        
                                                                                MAC:acc#27.itm                                        
    MAC-28:mul.itm                                30         Y           Y      MAC-28:mul.itm                                        
                                                                                MAC-30:mul.itm                                        
                                                                                MAC:acc#4.itm                                         
                                                                                MAC:acc.itm                                           
    MAC:acc#10.itm                                30         Y           Y      MAC:acc#10.itm                                        
                                                                                MAC:acc#12.itm                                        
                                                                                MAC:acc#14.itm                                        
                                                                                MAC:acc#16.itm                                        
                                                                                MAC:acc#18.itm                                        
                                                                                MAC:acc#6.itm                                         
                                                                                MAC:acc#8.itm                                         
    MAC:acc#13.itm                                30         Y           Y      MAC:acc#13.itm                                        
                                                                                MAC:acc#21.itm                                        
                                                                                MAC:acc#23.itm                                        
                                                                                MAC:acc#3.itm                                         
                                                                                MAC:acc#5.itm                                         
                                                                                MAC:acc#9.itm                                         
    MAC:acc#15.itm                                30         Y           Y      MAC:acc#15.itm                                        
                                                                                MAC:acc#29.itm                                        
                                                                                MAC:acc#31.itm                                        
    MAC:acc#25.itm                                30         Y           Y      MAC:acc#25.itm                                        
                                                                                MAC:acc#7.itm                                         
    MAC:acc#26.itm                                30         Y           Y      MAC:acc#26.itm                                        
    MAC:asn#90.itm                                16                            MAC:asn#90.itm                                        
                                                                                asn.ncse.sva                                          
    out1:rsci.idat                                16         Y           Y      out1:rsci.idat                                        
    reg(MAC:asn#62).cse                           16         Y           Y      reg(MAC:asn#62).cse                                   
    reg(MAC:asn#63).cse                           16         Y           Y      reg(MAC:asn#63).cse                                   
    reg(MAC:asn#64).cse                           16         Y           Y      reg(MAC:asn#64).cse                                   
    reg(MAC:asn#65).cse                           16         Y           Y      reg(MAC:asn#65).cse                                   
    reg(MAC:asn#66).cse                           16         Y           Y      reg(MAC:asn#66).cse                                   
    reg(MAC:asn#67).cse                           16         Y           Y      reg(MAC:asn#67).cse                                   
    reg(MAC:asn#68).cse                           16         Y           Y      reg(MAC:asn#68).cse                                   
    reg(MAC:asn#69).cse                           16         Y           Y      reg(MAC:asn#69).cse                                   
    reg(MAC:asn#70).cse                           16         Y           Y      reg(MAC:asn#70).cse                                   
    reg(MAC:asn#71).cse                           16         Y           Y      reg(MAC:asn#71).cse                                   
    reg(MAC:asn#72).cse                           16         Y           Y      reg(MAC:asn#72).cse                                   
    reg(MAC:asn#73).cse                           16         Y           Y      reg(MAC:asn#73).cse                                   
    reg(MAC:asn#74).cse                           16         Y           Y      reg(MAC:asn#74).cse                                   
    reg(MAC:asn#75).cse                           16         Y           Y      reg(MAC:asn#75).cse                                   
    reg(MAC:asn#76).cse                           16         Y           Y      reg(MAC:asn#76).cse                                   
    reg(MAC:asn#77).cse                           16         Y           Y      reg(MAC:asn#77).cse                                   
    reg(MAC:asn#78).cse                           16         Y           Y      reg(MAC:asn#78).cse                                   
    reg(MAC:asn#79).cse                           16         Y           Y      reg(MAC:asn#79).cse                                   
    reg(MAC:asn#80).cse                           16         Y           Y      reg(MAC:asn#80).cse                                   
    reg(MAC:asn#81).cse                           16         Y           Y      reg(MAC:asn#81).cse                                   
    reg(MAC:asn#82).cse                           16         Y           Y      reg(MAC:asn#82).cse                                   
    reg(MAC:asn#83).cse                           16         Y           Y      reg(MAC:asn#83).cse                                   
    reg(MAC:asn#84).cse                           16         Y           Y      reg(MAC:asn#84).cse                                   
    reg(MAC:asn#85).cse                           16         Y           Y      reg(MAC:asn#85).cse                                   
    reg(MAC:asn#86).cse                           16         Y           Y      reg(MAC:asn#86).cse                                   
    reg(MAC:asn#87).cse                           16         Y           Y      reg(MAC:asn#87).cse                                   
    regs(0).sva                                   16         Y           Y      regs(0).sva                                           
    regs(1).sva                                   16         Y           Y      regs(1).sva                                           
    regs(2).sva                                   16         Y           Y      regs(2).sva                                           
    regs(29).sva                                  16         Y           Y      regs(29).sva                                          
    regs(30).sva                                  16         Y           Y      regs(30).sva                                          
    out1:rsc.triosy:obj.ld                         1                            out1:rsc.triosy:obj.ld                                
    reg(in1:rsc.triosy:obj.ld).cse                 1                            reg(in1:rsc.triosy:obj.ld).cse                        
                                                                                                                                      
    Total:                                      1204           1156        1156 (Total Gating Ratio: 0.96, CG Opt Gating Ratio: 0.96) 
    
  Timing Report
    Critical Path
      Max Delay:  10.442184000000001
      Slack:      -0.442184000000001
      
      Path                                                               Startpoint                                 Endpoint                 Delay   Slack   
      ------------------------------------------------------------------ ------------------------------------------ ------------------------ ------- -------
      1                                                                  fir:core/reg(MAC-13:mul)                   fir:core/reg(MAC:acc#15) 10.4422 -0.4422 
                                                                                                                                                             
        Instance                                                         Component                                                           Delta   Delay   
        --------                                                         ---------                                                           -----   -----   
        fir:core/reg(MAC-13:mul)                                         mgc_reg_pos_30_0_0_1_1_0_0                                          0.0000  0.0000  
        fir:core/MAC-13:mul.itm                                                                                                              0.0000  0.0000  
        fir:core/MAC:acc#31                                              mgc_addc_30_0_30_0_30                                               2.5484  2.5484  
        fir:core/MAC:acc#22:mx0w0                                                                                                            0.0000  2.5484  
        fir:core/MAC:mux#3                                               mgc_mux_30_1_2                                                      1.3121  3.8605  
        fir:core/MAC:mux#3.itm                                                                                                               0.0000  3.8605  
        fir:core/MAC:acc#26:rg                                           mgc_addc_30_0_30_0_30                                               2.5484  6.4090  
        fir:core/z.out#1                                                                                                                     0.0000  6.4090  
        fir:core/MAC:acc#32                                              mgc_addc_30_0_30_0_30                                               2.5484  8.9574  
        fir:core/MAC:acc#32.itm                                                                                                              0.0000  8.9574  
        fir:core/MAC:mux1h#5                                             mgc_mux1hot_30_3                                                    1.4848  10.4422 
        fir:core/MAC:mux1h#5.itm                                                                                                             0.0000  10.4422 
        fir:core/reg(MAC:acc#15)                                         mgc_reg_pos_30_0_0_1_1_1_1                                          0.0000  10.4422 
                                                                                                                                                             
      2                                                                  fir:core/reg(MAC:acc#10)                   fir:core/reg(MAC:acc#15) 10.4422 -0.4422 
                                                                                                                                                             
        Instance                                                         Component                                                           Delta   Delay   
        --------                                                         ---------                                                           -----   -----   
        fir:core/reg(MAC:acc#10)                                         mgc_reg_pos_30_0_0_1_1_1_1                                          0.0000  0.0000  
        fir:core/MAC:acc#10.itm                                                                                                              0.0000  0.0000  
        fir:core/MAC:acc#31                                              mgc_addc_30_0_30_0_30                                               2.5484  2.5484  
        fir:core/MAC:acc#22:mx0w0                                                                                                            0.0000  2.5484  
        fir:core/MAC:mux#3                                               mgc_mux_30_1_2                                                      1.3121  3.8605  
        fir:core/MAC:mux#3.itm                                                                                                               0.0000  3.8605  
        fir:core/MAC:acc#26:rg                                           mgc_addc_30_0_30_0_30                                               2.5484  6.4090  
        fir:core/z.out#1                                                                                                                     0.0000  6.4090  
        fir:core/MAC:acc#32                                              mgc_addc_30_0_30_0_30                                               2.5484  8.9574  
        fir:core/MAC:acc#32.itm                                                                                                              0.0000  8.9574  
        fir:core/MAC:mux1h#5                                             mgc_mux1hot_30_3                                                    1.4848  10.4422 
        fir:core/MAC:mux1h#5.itm                                                                                                             0.0000  10.4422 
        fir:core/reg(MAC:acc#15)                                         mgc_reg_pos_30_0_0_1_1_1_1                                          0.0000  10.4422 
                                                                                                                                                             
      3                                                                  fir:core/reg(MAC:asn#87)                   fir:core/reg(MAC:acc#13) 10.3047 -0.3047 
                                                                                                                                                             
        Instance                                                         Component                                                           Delta   Delay   
        --------                                                         ---------                                                           -----   -----   
        fir:core/reg(MAC:asn#87)                                         mgc_reg_pos_16_0_0_1_1_1_1                                          0.0000  0.0000  
        fir:core/reg(MAC:asn#87).cse                                                                                                         0.0000  0.0000  
        fir:core/MAC:mux#14                                              mgc_mux_16_1_2                                                      1.3121  1.3121  
        fir:core/MAC:mux#14.itm                                                                                                              0.0000  1.3121  
        fir:core/MAC-21:mul:rg                                           mgc_mul_16_1_16_1_30                                                4.6000  5.9121  
        fir:core/z.out#8                                                                                                                     0.0000  5.9121  
        fir:core/MAC:acc#3                                               mgc_addc_30_0_30_0_30                                               2.5484  8.4605  
        fir:core/MAC:acc#3.itm                                                                                                               0.0000  8.4605  
        fir:core/MAC:mux1h#3                                             mgc_mux1hot_30_5                                                    1.8441  10.3047 
        fir:core/MAC:mux1h#3.itm                                                                                                             0.0000  10.3047 
        fir:core/reg(MAC:acc#13)                                         mgc_reg_pos_30_0_0_1_1_1_1                                          0.0000  10.3047 
                                                                                                                                                             
      4                                                                  fir:core/reg(MAC:asn#68)                   fir:core/reg(MAC:acc#13) 10.3047 -0.3047 
                                                                                                                                                             
        Instance                                                         Component                                                           Delta   Delay   
        --------                                                         ---------                                                           -----   -----   
        fir:core/reg(MAC:asn#68)                                         mgc_reg_pos_16_0_0_1_1_1_1                                          0.0000  0.0000  
        fir:core/reg(MAC:asn#68).cse                                                                                                         0.0000  0.0000  
        fir:core/MAC:mux#8                                               mgc_mux_16_1_2                                                      1.3121  1.3121  
        fir:core/MAC:mux#8.itm                                                                                                               0.0000  1.3121  
        fir:core/MAC-10:mul:rg                                           mgc_mul_16_1_16_1_30                                                4.6000  5.9121  
        fir:core/z.out#5                                                                                                                     0.0000  5.9121  
        fir:core/MAC:acc#5                                               mgc_addc_30_0_30_0_30                                               2.5484  8.4605  
        fir:core/MAC:acc#5.itm                                                                                                               0.0000  8.4605  
        fir:core/MAC:mux1h#3                                             mgc_mux1hot_30_5                                                    1.8441  10.3047 
        fir:core/MAC:mux1h#3.itm                                                                                                             0.0000  10.3047 
        fir:core/reg(MAC:acc#13)                                         mgc_reg_pos_30_0_0_1_1_1_1                                          0.0000  10.3047 
                                                                                                                                                             
      5                                                                  fir:core/reg(MAC:io_read(coeffs:rsc.@))#48 fir:core/reg(MAC:acc#13) 10.3047 -0.3047 
                                                                                                                                                             
        Instance                                                         Component                                                           Delta   Delay   
        --------                                                         ---------                                                           -----   -----   
        fir:core/reg(MAC:io_read(coeffs:rsc.@))#48                       mgc_reg_pos_464_0_0_1_1_1_1                                         0.0000  0.0000  
        fir:core/reg(MAC:io_read(coeffs:rsc.@)).ftd#48                                                                                       0.0000  0.0000  
        fir:core/MAC:slc(MAC:io_read(coeffs:rsc.@).cse.sva)(463-448)                                                                         0.0000  0.0000  
        fir:core/MAC:slc(MAC:io_read(coeffs:rsc.@).cse.sva)(463-448).itm                                                                     0.0000  0.0000  
        fir:core/MAC:mux#15                                              mgc_mux_16_1_2                                                      1.3121  1.3121  
        fir:core/MAC:mux#15.itm                                                                                                              0.0000  1.3121  
        fir:core/MAC-21:mul:rg                                           mgc_mul_16_1_16_1_30                                                4.6000  5.9121  
        fir:core/z.out#8                                                                                                                     0.0000  5.9121  
        fir:core/MAC:acc#3                                               mgc_addc_30_0_30_0_30                                               2.5484  8.4605  
        fir:core/MAC:acc#3.itm                                                                                                               0.0000  8.4605  
        fir:core/MAC:mux1h#3                                             mgc_mux1hot_30_5                                                    1.8441  10.3047 
        fir:core/MAC:mux1h#3.itm                                                                                                             0.0000  10.3047 
        fir:core/reg(MAC:acc#13)                                         mgc_reg_pos_30_0_0_1_1_1_1                                          0.0000  10.3047 
                                                                                                                                                             
      6                                                                  fir:core/reg(MAC:asn#79)                   fir:core/reg(MAC:acc#13) 10.3047 -0.3047 
                                                                                                                                                             
        Instance                                                         Component                                                           Delta   Delay   
        --------                                                         ---------                                                           -----   -----   
        fir:core/reg(MAC:asn#79)                                         mgc_reg_pos_16_0_0_1_1_1_1                                          0.0000  0.0000  
        fir:core/reg(MAC:asn#79).cse                                                                                                         0.0000  0.0000  
        fir:core/MAC:mux#14                                              mgc_mux_16_1_2                                                      1.3121  1.3121  
        fir:core/MAC:mux#14.itm                                                                                                              0.0000  1.3121  
        fir:core/MAC-21:mul:rg                                           mgc_mul_16_1_16_1_30                                                4.6000  5.9121  
        fir:core/z.out#8                                                                                                                     0.0000  5.9121  
        fir:core/MAC:acc#3                                               mgc_addc_30_0_30_0_30                                               2.5484  8.4605  
        fir:core/MAC:acc#3.itm                                                                                                               0.0000  8.4605  
        fir:core/MAC:mux1h#3                                             mgc_mux1hot_30_5                                                    1.8441  10.3047 
        fir:core/MAC:mux1h#3.itm                                                                                                             0.0000  10.3047 
        fir:core/reg(MAC:acc#13)                                         mgc_reg_pos_30_0_0_1_1_1_1                                          0.0000  10.3047 
                                                                                                                                                             
      7                                                                  fir:core/fir:core_core:fsm:inst            fir:core/reg(MAC:acc#13) 10.3047 -0.3047 
                                                                                                                                                             
        Instance                                                         Component                                                           Delta   Delay   
        --------                                                         ---------                                                           -----   -----   
        fir:core/fir:core_core:fsm:inst                                  fir:core_core:fsm                                                   0.0000  0.0000  
        fir:core/fsm_output                                                                                                                  0.0000  0.0000  
        fir:core/slc(fsm_output)(10)#11                                                                                                      0.0000  0.0000  
        fir:core/slc(fsm_output)(10)#11.itm                                                                                                  0.0000  0.0000  
        fir:core/MAC:mux#8                                               mgc_mux_16_1_2                                                      1.3121  1.3121  
        fir:core/MAC:mux#8.itm                                                                                                               0.0000  1.3121  
        fir:core/MAC-10:mul:rg                                           mgc_mul_16_1_16_1_30                                                4.6000  5.9121  
        fir:core/z.out#5                                                                                                                     0.0000  5.9121  
        fir:core/MAC:acc#5                                               mgc_addc_30_0_30_0_30                                               2.5484  8.4605  
        fir:core/MAC:acc#5.itm                                                                                                               0.0000  8.4605  
        fir:core/MAC:mux1h#3                                             mgc_mux1hot_30_5                                                    1.8441  10.3047 
        fir:core/MAC:mux1h#3.itm                                                                                                             0.0000  10.3047 
        fir:core/reg(MAC:acc#13)                                         mgc_reg_pos_30_0_0_1_1_1_1                                          0.0000  10.3047 
                                                                                                                                                             
      8                                                                  fir:core/reg(MAC:asn#75)                   fir:core/reg(MAC:acc#13) 10.3047 -0.3047 
                                                                                                                                                             
        Instance                                                         Component                                                           Delta   Delay   
        --------                                                         ---------                                                           -----   -----   
        fir:core/reg(MAC:asn#75)                                         mgc_reg_pos_16_0_0_1_1_1_1                                          0.0000  0.0000  
        fir:core/reg(MAC:asn#75).cse                                                                                                         0.0000  0.0000  
        fir:core/MAC:mux#12                                              mgc_mux_16_1_2                                                      1.3121  1.3121  
        fir:core/MAC:mux#12.itm                                                                                                              0.0000  1.3121  
        fir:core/MAC-17:mul:rg                                           mgc_mul_16_1_16_1_30                                                4.6000  5.9121  
        fir:core/z.out#7                                                                                                                     0.0000  5.9121  
        fir:core/MAC:acc#9                                               mgc_addc_30_0_30_0_30                                               2.5484  8.4605  
        fir:core/MAC:acc#9.itm                                                                                                               0.0000  8.4605  
        fir:core/MAC:mux1h#3                                             mgc_mux1hot_30_5                                                    1.8441  10.3047 
        fir:core/MAC:mux1h#3.itm                                                                                                             0.0000  10.3047 
        fir:core/reg(MAC:acc#13)                                         mgc_reg_pos_30_0_0_1_1_1_1                                          0.0000  10.3047 
                                                                                                                                                             
      9                                                                  fir:core/reg(MAC:asn#85)                   fir:core/reg(MAC:acc#13) 10.3047 -0.3047 
                                                                                                                                                             
        Instance                                                         Component                                                           Delta   Delay   
        --------                                                         ---------                                                           -----   -----   
        fir:core/reg(MAC:asn#85)                                         mgc_reg_pos_16_0_0_1_1_1_1                                          0.0000  0.0000  
        fir:core/reg(MAC:asn#85).cse                                                                                                         0.0000  0.0000  
        fir:core/MAC:mux#6                                               mgc_mux_16_1_2                                                      1.3121  1.3121  
        fir:core/MAC:mux#6.itm                                                                                                               0.0000  1.3121  
        fir:core/MAC-27:mul:rg                                           mgc_mul_16_1_16_1_30                                                4.6000  5.9121  
        fir:core/z.out#4                                                                                                                     0.0000  5.9121  
        fir:core/MAC:acc#13                                              mgc_addc_30_0_30_0_30                                               2.5484  8.4605  
        fir:core/MAC:acc#13.itm#2                                                                                                            0.0000  8.4605  
        fir:core/MAC:mux1h#3                                             mgc_mux1hot_30_5                                                    1.8441  10.3047 
        fir:core/MAC:mux1h#3.itm                                                                                                             0.0000  10.3047 
        fir:core/reg(MAC:acc#13)                                         mgc_reg_pos_30_0_0_1_1_1_1                                          0.0000  10.3047 
                                                                                                                                                             
      10                                                                 fir:core/reg(MAC:io_read(coeffs:rsc.@))#48 fir:core/reg(MAC:acc#13) 10.3047 -0.3047 
                                                                                                                                                             
        Instance                                                         Component                                                           Delta   Delay   
        --------                                                         ---------                                                           -----   -----   
        fir:core/reg(MAC:io_read(coeffs:rsc.@))#48                       mgc_reg_pos_464_0_0_1_1_1_1                                         0.0000  0.0000  
        fir:core/reg(MAC:io_read(coeffs:rsc.@)).ftd#48                                                                                       0.0000  0.0000  
        fir:core/MAC:slc(MAC:io_read(coeffs:rsc.@).cse.sva)(335-320)                                                                         0.0000  0.0000  
        fir:core/MAC:slc(MAC:io_read(coeffs:rsc.@).cse.sva)(335-320).itm                                                                     0.0000  0.0000  
        fir:core/MAC:mux#15                                              mgc_mux_16_1_2                                                      1.3121  1.3121  
        fir:core/MAC:mux#15.itm                                                                                                              0.0000  1.3121  
        fir:core/MAC-21:mul:rg                                           mgc_mul_16_1_16_1_30                                                4.6000  5.9121  
        fir:core/z.out#8                                                                                                                     0.0000  5.9121  
        fir:core/MAC:acc#3                                               mgc_addc_30_0_30_0_30                                               2.5484  8.4605  
        fir:core/MAC:acc#3.itm                                                                                                               0.0000  8.4605  
        fir:core/MAC:mux1h#3                                             mgc_mux1hot_30_5                                                    1.8441  10.3047 
        fir:core/MAC:mux1h#3.itm                                                                                                             0.0000  10.3047 
        fir:core/reg(MAC:acc#13)                                         mgc_reg_pos_30_0_0_1_1_1_1                                          0.0000  10.3047 
                                                                                                                                                             
      
    Register Input and Register-to-Output Slack
      Clock period or pin-to-reg delay constraint (clk): 10.0
      Clock uncertainty constraint (clk)               : 0.0
      
      Instance                                   Port                                   Slack (Delay) Messages                
      ------------------------------------------ ------------------------------------ ------- ------- -----------------------
      fir:core/reg(out1:rsci.idat)               MAC:slc(z.out)(29-14).itm             4.8716  5.1284                         
      fir:core/reg(MAC:asn#85)                   reg(MAC:asn#84).cse                  -0.3047 10.3047 (clock period exceeded) 
      fir:core/reg(MAC:asn#84)                   reg(MAC:asn#83).cse                   1.7404  8.2596                         
      fir:core/reg(MAC:asn#83)                   reg(MAC:asn#82).cse                   0.7707  9.2293                         
      fir:core/reg(MAC:asn#81)                   reg(MAC:asn#80).cse                   0.2274  9.7726                         
      fir:core/reg(MAC:asn#82)                   reg(MAC:asn#81).cse                   0.7707  9.2293                         
      fir:core/reg(MAC:asn#79)                   reg(MAC:asn#78).cse                   0.7707  9.2293                         
      fir:core/reg(MAC:asn#80)                   reg(MAC:asn#79).cse                  -0.3047 10.3047 (clock period exceeded) 
      fir:core/reg(MAC:asn#78)                   reg(MAC:asn#77).cse                   1.7404  8.2596                         
      fir:core/reg(MAC:asn#77)                   reg(MAC:asn#76).cse                  -0.3047 10.3047 (clock period exceeded) 
      fir:core/reg(MAC:asn#75)                   reg(MAC:asn#74).cse                   0.7707  9.2293                         
      fir:core/reg(MAC:asn#76)                   reg(MAC:asn#75).cse                  -0.3047 10.3047 (clock period exceeded) 
      fir:core/reg(MAC:asn#73)                   reg(MAC:asn#72).cse                   1.1644  8.8356                         
      fir:core/reg(MAC:asn#74)                   reg(MAC:asn#73).cse                   0.7707  9.2293                         
      fir:core/reg(MAC:asn#72)                   reg(MAC:asn#71).cse                   1.7404  8.2596                         
      fir:core/reg(MAC:asn#71)                   reg(MAC:asn#70).cse                   0.7707  9.2293                         
      fir:core/reg(MAC:asn#69)                   reg(MAC:asn#68).cse                  -0.3047 10.3047 (clock period exceeded) 
      fir:core/reg(MAC:asn#70)                   reg(MAC:asn#69).cse                   0.7707  9.2293                         
      fir:core/reg(MAC:asn#67)                   reg(MAC:asn#66).cse                   0.7707  9.2293                         
      fir:core/reg(MAC:asn#68)                   reg(MAC:asn#67).cse                  -0.3047 10.3047 (clock period exceeded) 
      fir:core/reg(MAC:asn#66)                   reg(MAC:asn#65).cse                   1.7404  8.2596                         
      fir:core/reg(MAC:asn#65)                   reg(MAC:asn#64).cse                  -0.3047 10.3047 (clock period exceeded) 
      fir:core/reg(MAC:asn#63)                   reg(MAC:asn#62).cse                   0.7707  9.2293                         
      fir:core/reg(MAC:asn#64)                   reg(MAC:asn#63).cse                  -0.3047 10.3047 (clock period exceeded) 
      fir:core/reg(regs(2))                      regs(1).sva                           1.1644  8.8356                         
      fir:core/reg(MAC:asn#62)                   regs(2).sva                           0.7707  9.2293                         
      fir:core/reg(regs(1))                      regs(0).sva                          10.0000  0.0000                         
      fir:core/reg(MAC:asn#87)                   reg(MAC:asn#86).cse                   0.2274  9.7726                         
      fir:core/reg(MAC:asn#86)                   reg(MAC:asn#85).cse                  -0.3047 10.3047 (clock period exceeded) 
      fir:core/reg(out1:rsc.triosy:obj.ld)       slc(fsm_output)(12).itm              10.0000  0.0000                         
      fir:core/reg(in1:rsc.triosy:obj.ld)        slc(fsm_output)(0)#3.itm             10.0000  0.0000                         
      fir:core/reg(regs(0))                      MAC:asn#90.itm                        0.7707  9.2293                         
      fir:core/reg(MAC:asn#90)                   in1:mux.itm                           8.6879  1.3121                         
      fir:core/reg(regs(30))                     regs(29).sva                          1.7404  8.2596                         
      fir:core/reg(regs(29))                     reg(MAC:asn#87).cse                  -0.3047 10.3047 (clock period exceeded) 
      fir:core/reg(MAC-28:mul)                   MAC:mux1h.itm                        -0.1477 10.1477 (clock period exceeded) 
      fir:core/reg(MAC:acc#10)                   MAC:mux1h#1.itm                       0.7707  9.2293                         
      fir:core/reg(MAC-13:mul)                   MAC:mux1h#2.itm                       0.6360  9.3640                         
      fir:core/reg(MAC:acc#13)                   MAC:mux1h#3.itm                      -0.3047 10.3047 (clock period exceeded) 
      fir:core/reg(MAC:acc#26)                   z.out#1                              -0.4422 10.4422 (clock period exceeded) 
      fir:core/reg(MAC:acc#25)                   MAC:MAC:mux.itm                       0.2274  9.7726                         
      fir:core/reg(MAC:acc#15)                   MAC:mux1h#5.itm                      -0.4422 10.4422 (clock period exceeded) 
      fir:core/reg(MAC:io_read(coeffs:rsc.@))#48 coeffs:slc(coeffs:rsci.d)(463-0).itm 10.0000  0.0000                         
      fir                                        coeffs:rsc.triosy.lz                 10.0000  0.0000                         
      fir                                        in1:rsc.triosy.lz                    10.0000  0.0000                         
      fir                                        out1:rsc.dat                         10.0000  0.0000                         
      fir                                        out1:rsc.triosy.lz                   10.0000  0.0000                         
      
  Operator Bitwidth Summary
    Operation  Size (bits) Count 
    ---------- ----------- -----
    add                          
    -                   30    25 
    mul                          
    -                   30    21 
    mux                          
    -                   30     4 
    -                   16    13 
    mux1h                        
    -                   30     5 
    -                   16     2 
    or                           
    -                    1     9 
    read_port                    
    -                  512     1 
    -                   16     1 
    read_sync                    
    -                    0     3 
    reg                          
    -                  464     1 
    -                   30     7 
    -                   16    33 
    -                    1     2 
    write_port                   
    -                    0     1 
    
  End of Report
