-- Catapult Ultra Synthesis: Report                                              
-- ------------------------- ---------------------------------------------------
-- Version:                  10.3d/815731 Production Release                     
-- Build Date:               Wed Apr 24 14:54:19 PDT 2019                        
                                                                                 
-- Generated by:             695r48@ecegrid-thin4.ecn.purdue.edu                 
-- Generated date:           Sat Nov 13 22:50:12 EST 2021                        

Solution Settings: fir.v23
  Current state: extract
  Project: Catapult
  
  Design Input Files Specified
    $PROJECT_HOME/fir_inc.h
      $MGC_HOME/shared/include/ac_fixed.h
        $MGC_HOME/shared/include/ac_int.h
    $PROJECT_HOME/fir.cpp
      $PROJECT_HOME/fir_inc.h
        $MGC_HOME/shared/include/ac_fixed.h
          $MGC_HOME/shared/include/ac_int.h
  
  Processes/Blocks in Design
    Process       Real Operation(s) count Latency Throughput Reset Length II Comments 
    ------------- ----------------------- ------- ---------- ------------ -- --------
    /fir/core                          69       5          3            0  0          
    Design Total:                      69       5          3            0  3          
    
  Bill Of Materials (Datapath)
    Component Name                    Area Score Area(DSP) Area(LUTs) Delay Post Alloc Post Assign 
    --------------------------------- ---------- --------- ---------- ----- ---------- -----------
    [Lib: ccs_ioport]                                                                              
    ccs_in(2,16)                           0.000     0.000      0.000 0.000          1           1 
    ccs_out(3,16)                          0.000     0.000      0.000 0.000          1           1 
    [Lib: mgc_Altera-Cyclone-V-6_beh]                                                              
    mgc_add(30,0,30,0,30)                 17.000     0.000     17.000 2.548         31          26 
    mgc_and(1,2)                           0.354     0.000      0.354 1.279          0           1 
    mgc_mul(16,1,16,1,30)                310.000     1.000      0.000 4.600         11          21 
    mgc_mux(16,1,2)                        8.135     0.000      8.135 1.312          0          23 
    mgc_mux(30,1,2)                       15.254     0.000     15.254 1.312          0           5 
    mgc_mux1hot(30,3)                     26.479     0.000     26.479 1.485          0           6 
    mgc_or(1,2)                            0.354     0.000      0.354 1.268          0           3 
    mgc_reg_pos(1,0,0,1,1,0,0)             0.000     0.000      0.000 0.000          0           2 
    mgc_reg_pos(1,0,0,1,1,1,1)             0.000     0.000      0.000 0.000          0           1 
    mgc_reg_pos(16,0,0,1,1,0,0)            0.000     0.000      0.000 0.000          0           1 
    mgc_reg_pos(16,0,0,1,1,1,1)            0.000     0.000      0.000 0.000          0          32 
    mgc_reg_pos(30,0,0,1,1,0,0)            0.000     0.000      0.000 0.000          0           8 
    mgc_reg_pos(30,0,0,1,1,1,1)            0.000     0.000      0.000 0.000          0           3 
    mgc_reg_pos(336,0,0,1,1,1,1)           0.000     0.000      0.000 0.000          0           1 
    [Lib: mgc_ioport]                                                                              
    mgc_in_wire(1,512)                     0.000     0.000      0.000 0.000          1           1 
    mgc_io_sync(0)                         0.000     0.000      0.000 0.000          3           3 
                                                                                                   
    TOTAL AREA (After Assignment):      7375.672    21.000    866.000                              
    
  C++ to RTL Interface Mappings
    C++ Field      RTL Range           RTL Range Expression             Expression Limits 
    -------------- ------------------- -------------------------------- -----------------
    /fir/coeffs[M] coeffs_rsc_z[511:0] coeffs_rsc_z[(M)*16+16-1:(M)*16] M<32              
    
  Area Scores
                      Post-Scheduling    Post-DP & FSM Post-Assignment 
    ----------------- --------------- ---------------- ---------------
    Total Area Score:   3937.0          10622.2          7375.7        
    Total Reg:             0.0              0.0             0.0        
                                                                       
    DataPath:           3937.0 (100%)   10622.2 (100%)   7375.7 (100%) 
      MUX:                 0.0            207.8   (2%)    422.3   (6%) 
      FUNC:             3937.0 (100%)   10413.0  (98%)   6952.0  (94%) 
      LOGIC:               0.0              1.4   (0%)      1.4   (0%) 
      BUFFER:              0.0              0.0             0.0        
      MEM:                 0.0              0.0             0.0        
      ROM:                 0.0              0.0             0.0        
      REG:                 0.0              0.0             0.0        
                                                                       
    
    FSM:                   0.0              0.0             0.0        
      FSM-REG:             0.0              0.0             0.0        
      FSM-COMB:            0.0              0.0             0.0        
                                                                       
    
  Register-to-Variable Mappings
    Register                               Size(bits) Gated Register CG Opt Done Variables                                             
    -------------------------------------- ---------- -------------- ----------- -----------------------------------------------------
    reg(MAC:io_read(coeffs:rsc.@)).ftd#176        336         Y           Y      reg(MAC:io_read(coeffs:rsc.@)).ftd#176                
    MAC-14:mul.itm                                 30                            MAC-14:mul.itm                                        
                                                                                 MAC-22:mul.itm                                        
                                                                                 MAC:acc#10.itm.1                                      
    MAC-5:mul.itm                                  30                            MAC-5:mul.itm                                         
                                                                                 MAC:acc#11.itm.1                                      
                                                                                 MAC:acc#3.itm                                         
    MAC:acc#12.itm.1                               30                            MAC:acc#12.itm.1                                      
                                                                                 MAC:acc#16.itm                                        
                                                                                 MAC:acc#18.itm                                        
    MAC:acc#13.itm.1                               30                            MAC:acc#13.itm.1                                      
                                                                                 MAC:acc#17.itm                                        
                                                                                 MAC:acc#31.itm                                        
    MAC:acc#14.itm.1                               30                            MAC:acc#14.itm.1                                      
                                                                                 MAC:acc#4.itm                                         
                                                                                 MAC:acc#10.itm                                        
    MAC:acc#15.itm.1                               30                            MAC:acc#15.itm.1                                      
                                                                                 MAC:acc#5.itm                                         
                                                                                 MAC:acc#7.itm                                         
    MAC:acc#20.itm.1                               30         Y           Y      MAC:acc#20.itm.1                                      
                                                                                 MAC:acc#6.itm                                         
    MAC:acc#25.itm.1                               30                            MAC:acc#25.itm.1                                      
    MAC:acc#30.itm.1                               30         Y           Y      MAC:acc#30.itm.1                                      
                                                                                 MAC:acc.itm                                           
                                                                                 MAC:acc#30.itm                                        
    MAC:acc#8.itm.1                                30                            MAC:acc#8.itm.1                                       
    MAC:acc#9.itm                                  30         Y           Y      MAC:acc#9.itm                                         
                                                                                 MAC:acc#9.itm.1                                       
    MAC:asn#62.itm                                 16         Y           Y      MAC:asn#62.itm                                        
                                                                                 regs(1).sva                                           
    MAC:asn#64.itm                                 16         Y           Y      MAC:asn#64.itm                                        
    MAC:asn#65.itm                                 16         Y           Y      MAC:asn#65.itm                                        
    MAC:asn#66.itm                                 16         Y           Y      MAC:asn#66.itm                                        
    MAC:asn#67.itm                                 16         Y           Y      MAC:asn#67.itm                                        
    MAC:asn#68.itm                                 16         Y           Y      MAC:asn#68.itm                                        
    MAC:asn#69.itm                                 16         Y           Y      MAC:asn#69.itm                                        
    MAC:asn#70.itm                                 16         Y           Y      MAC:asn#70.itm                                        
    MAC:asn#73.itm                                 16         Y           Y      MAC:asn#73.itm                                        
    MAC:asn#74.itm                                 16         Y           Y      MAC:asn#74.itm                                        
    MAC:asn#77.itm                                 16         Y           Y      MAC:asn#77.itm                                        
    MAC:asn#78.itm                                 16         Y           Y      MAC:asn#78.itm                                        
    MAC:asn#79.itm                                 16         Y           Y      MAC:asn#79.itm                                        
    MAC:asn#90.itm                                 16                            MAC:asn#90.itm                                        
                                                                                 asn.ncse.sva                                          
    out1:rsci.idat                                 16         Y           Y      out1:rsci.idat                                        
    reg(MAC:asn#63).cse                            16         Y           Y      reg(MAC:asn#63).cse                                   
    reg(MAC:asn#71).cse                            16         Y           Y      reg(MAC:asn#71).cse                                   
    reg(MAC:asn#72).cse                            16         Y           Y      reg(MAC:asn#72).cse                                   
    reg(MAC:asn#75).cse                            16         Y           Y      reg(MAC:asn#75).cse                                   
    reg(MAC:asn#76).cse                            16         Y           Y      reg(MAC:asn#76).cse                                   
    regs(0).sva                                    16         Y           Y      regs(0).sva                                           
    regs(2).sva                                    16         Y           Y      regs(2).sva                                           
    regs(21).sva                                   16         Y           Y      regs(21).sva                                          
    regs(22).sva                                   16         Y           Y      regs(22).sva                                          
    regs(23).sva                                   16         Y           Y      regs(23).sva                                          
    regs(24).sva                                   16         Y           Y      regs(24).sva                                          
    regs(25).sva                                   16         Y           Y      regs(25).sva                                          
    regs(26).sva                                   16         Y           Y      regs(26).sva                                          
    regs(27).sva                                   16         Y           Y      regs(27).sva                                          
    regs(28).sva                                   16         Y           Y      regs(28).sva                                          
    regs(29).sva                                   16         Y           Y      regs(29).sva                                          
    regs(3).sva                                    16         Y           Y      regs(3).sva                                           
    regs(30).sva                                   16         Y           Y      regs(30).sva                                          
    main.stage_0.2                                  1         Y           Y      main.stage_0.2                                        
    out1:rsc.triosy:obj.ld                          1                            out1:rsc.triosy:obj.ld                                
    reg(in1:rsc.triosy:obj.ld).cse                  1                            reg(in1:rsc.triosy:obj.ld).cse                        
                                                                                                                                       
    Total:                                       1197            939         939 (Total Gating Ratio: 0.78, CG Opt Gating Ratio: 0.78) 
    
  Timing Report
    Critical Path
      Max Delay:  10.442184000000001
      Slack:      -0.442184000000001
      
      Path                                                            Startpoint                                  Endpoint                       Delay   Slack   
      --------------------------------------------------------------- ------------------------------------------- ------------------------------ ------- -------
      1                                                               fir:core/reg(MAC:acc#12.itm.1)              fir:core/reg(MAC:acc#13.itm.1) 10.4422 -0.4422 
                                                                                                                                                                 
        Instance                                                      Component                                                                  Delta   Delay   
        --------                                                      ---------                                                                  -----   -----   
        fir:core/reg(MAC:acc#12.itm.1)                                mgc_reg_pos_30_0_0_1_1_0_0                                                 0.0000  0.0000  
        fir:core/MAC:acc#12.itm.1                                                                                                                0.0000  0.0000  
        fir:core/MAC:mux#25                                           mgc_mux_30_1_2                                                             1.3121  1.3121  
        fir:core/MAC:mux#25.itm                                                                                                                  0.0000  1.3121  
        fir:core/MAC-32:acc#1:rg                                      mgc_addc_30_0_30_0_30                                                      2.5484  3.8605  
        fir:core/z.out#13                                                                                                                        0.0000  3.8605  
        fir:core/MAC:acc#28                                           mgc_addc_30_0_30_0_30                                                      2.5484  6.4090  
        fir:core/MAC:acc#28.itm                                                                                                                  0.0000  6.4090  
        fir:core/MAC:acc#33                                           mgc_addc_30_0_30_0_30                                                      2.5484  8.9574  
        fir:core/MAC:acc#33.itm                                                                                                                  0.0000  8.9574  
        fir:core/MAC:mux1h#6                                          mgc_mux1hot_30_3                                                           1.4848  10.4422 
        fir:core/MAC:mux1h#6.itm                                                                                                                 0.0000  10.4422 
        fir:core/reg(MAC:acc#13.itm.1)                                mgc_reg_pos_30_0_0_1_1_0_0                                                 0.0000  10.4422 
                                                                                                                                                                 
      2                                                               fir:core/reg(MAC:acc#12.itm.1)              fir:core/reg(MAC:acc#13.itm.1) 10.4422 -0.4422 
                                                                                                                                                                 
        Instance                                                      Component                                                                  Delta   Delay   
        --------                                                      ---------                                                                  -----   -----   
        fir:core/reg(MAC:acc#12.itm.1)                                mgc_reg_pos_30_0_0_1_1_0_0                                                 0.0000  0.0000  
        fir:core/MAC:acc#12.itm.1                                                                                                                0.0000  0.0000  
        fir:core/MAC:mux#24                                           mgc_mux_30_1_2                                                             1.3121  1.3121  
        fir:core/MAC:mux#24.itm                                                                                                                  0.0000  1.3121  
        fir:core/MAC:acc#22:rg                                        mgc_addc_30_0_30_0_30                                                      2.5484  3.8605  
        fir:core/z.out#12                                                                                                                        0.0000  3.8605  
        fir:core/MAC:acc#28                                           mgc_addc_30_0_30_0_30                                                      2.5484  6.4090  
        fir:core/MAC:acc#28.itm                                                                                                                  0.0000  6.4090  
        fir:core/MAC:acc#33                                           mgc_addc_30_0_30_0_30                                                      2.5484  8.9574  
        fir:core/MAC:acc#33.itm                                                                                                                  0.0000  8.9574  
        fir:core/MAC:mux1h#6                                          mgc_mux1hot_30_3                                                           1.4848  10.4422 
        fir:core/MAC:mux1h#6.itm                                                                                                                 0.0000  10.4422 
        fir:core/reg(MAC:acc#13.itm.1)                                mgc_reg_pos_30_0_0_1_1_0_0                                                 0.0000  10.4422 
                                                                                                                                                                 
      3                                                               fir:core/reg(MAC:acc#30.itm.1)              fir:core/reg(MAC:acc#13.itm.1) 10.4422 -0.4422 
                                                                                                                                                                 
        Instance                                                      Component                                                                  Delta   Delay   
        --------                                                      ---------                                                                  -----   -----   
        fir:core/reg(MAC:acc#30.itm.1)                                mgc_reg_pos_30_0_0_1_1_1_1                                                 0.0000  0.0000  
        fir:core/MAC:acc#30.itm.1                                                                                                                0.0000  0.0000  
        fir:core/MAC:mux#25                                           mgc_mux_30_1_2                                                             1.3121  1.3121  
        fir:core/MAC:mux#25.itm                                                                                                                  0.0000  1.3121  
        fir:core/MAC-32:acc#1:rg                                      mgc_addc_30_0_30_0_30                                                      2.5484  3.8605  
        fir:core/z.out#13                                                                                                                        0.0000  3.8605  
        fir:core/MAC:acc#28                                           mgc_addc_30_0_30_0_30                                                      2.5484  6.4090  
        fir:core/MAC:acc#28.itm                                                                                                                  0.0000  6.4090  
        fir:core/MAC:acc#33                                           mgc_addc_30_0_30_0_30                                                      2.5484  8.9574  
        fir:core/MAC:acc#33.itm                                                                                                                  0.0000  8.9574  
        fir:core/MAC:mux1h#6                                          mgc_mux1hot_30_3                                                           1.4848  10.4422 
        fir:core/MAC:mux1h#6.itm                                                                                                                 0.0000  10.4422 
        fir:core/reg(MAC:acc#13.itm.1)                                mgc_reg_pos_30_0_0_1_1_0_0                                                 0.0000  10.4422 
                                                                                                                                                                 
      4                                                               fir:core/fir:core_core:fsm:inst             fir:core/reg(MAC:acc#13.itm.1) 10.4422 -0.4422 
                                                                                                                                                                 
        Instance                                                      Component                                                                  Delta   Delay   
        --------                                                      ---------                                                                  -----   -----   
        fir:core/fir:core_core:fsm:inst                               fir:core_core:fsm                                                          0.0000  0.0000  
        fir:core/fsm_output                                                                                                                      0.0000  0.0000  
        fir:core/slc(fsm_output)(1)#26                                                                                                           0.0000  0.0000  
        fir:core/slc(fsm_output)(1)#26.itm                                                                                                       0.0000  0.0000  
        fir:core/MAC:mux#25                                           mgc_mux_30_1_2                                                             1.3121  1.3121  
        fir:core/MAC:mux#25.itm                                                                                                                  0.0000  1.3121  
        fir:core/MAC-32:acc#1:rg                                      mgc_addc_30_0_30_0_30                                                      2.5484  3.8605  
        fir:core/z.out#13                                                                                                                        0.0000  3.8605  
        fir:core/MAC:acc#28                                           mgc_addc_30_0_30_0_30                                                      2.5484  6.4090  
        fir:core/MAC:acc#28.itm                                                                                                                  0.0000  6.4090  
        fir:core/MAC:acc#33                                           mgc_addc_30_0_30_0_30                                                      2.5484  8.9574  
        fir:core/MAC:acc#33.itm                                                                                                                  0.0000  8.9574  
        fir:core/MAC:mux1h#6                                          mgc_mux1hot_30_3                                                           1.4848  10.4422 
        fir:core/MAC:mux1h#6.itm                                                                                                                 0.0000  10.4422 
        fir:core/reg(MAC:acc#13.itm.1)                                mgc_reg_pos_30_0_0_1_1_0_0                                                 0.0000  10.4422 
                                                                                                                                                                 
      5                                                               fir:core/reg(MAC-14:mul)                    fir:core/reg(MAC:acc#13.itm.1) 10.4422 -0.4422 
                                                                                                                                                                 
        Instance                                                      Component                                                                  Delta   Delay   
        --------                                                      ---------                                                                  -----   -----   
        fir:core/reg(MAC-14:mul)                                      mgc_reg_pos_30_0_0_1_1_0_0                                                 0.0000  0.0000  
        fir:core/MAC-14:mul.itm                                                                                                                  0.0000  0.0000  
        fir:core/MAC:mux#24                                           mgc_mux_30_1_2                                                             1.3121  1.3121  
        fir:core/MAC:mux#24.itm                                                                                                                  0.0000  1.3121  
        fir:core/MAC:acc#22:rg                                        mgc_addc_30_0_30_0_30                                                      2.5484  3.8605  
        fir:core/z.out#12                                                                                                                        0.0000  3.8605  
        fir:core/MAC:acc#28                                           mgc_addc_30_0_30_0_30                                                      2.5484  6.4090  
        fir:core/MAC:acc#28.itm                                                                                                                  0.0000  6.4090  
        fir:core/MAC:acc#33                                           mgc_addc_30_0_30_0_30                                                      2.5484  8.9574  
        fir:core/MAC:acc#33.itm                                                                                                                  0.0000  8.9574  
        fir:core/MAC:mux1h#6                                          mgc_mux1hot_30_3                                                           1.4848  10.4422 
        fir:core/MAC:mux1h#6.itm                                                                                                                 0.0000  10.4422 
        fir:core/reg(MAC:acc#13.itm.1)                                mgc_reg_pos_30_0_0_1_1_0_0                                                 0.0000  10.4422 
                                                                                                                                                                 
      6                                                               fir:core/fir:core_core:fsm:inst             fir:core/reg(MAC:acc#13.itm.1) 10.4422 -0.4422 
                                                                                                                                                                 
        Instance                                                      Component                                                                  Delta   Delay   
        --------                                                      ---------                                                                  -----   -----   
        fir:core/fir:core_core:fsm:inst                               fir:core_core:fsm                                                          0.0000  0.0000  
        fir:core/fsm_output                                                                                                                      0.0000  0.0000  
        fir:core/slc(fsm_output)(0)#12                                                                                                           0.0000  0.0000  
        fir:core/slc(fsm_output)(0)#12.itm                                                                                                       0.0000  0.0000  
        fir:core/MAC:mux#24                                           mgc_mux_30_1_2                                                             1.3121  1.3121  
        fir:core/MAC:mux#24.itm                                                                                                                  0.0000  1.3121  
        fir:core/MAC:acc#22:rg                                        mgc_addc_30_0_30_0_30                                                      2.5484  3.8605  
        fir:core/z.out#12                                                                                                                        0.0000  3.8605  
        fir:core/MAC:acc#28                                           mgc_addc_30_0_30_0_30                                                      2.5484  6.4090  
        fir:core/MAC:acc#28.itm                                                                                                                  0.0000  6.4090  
        fir:core/MAC:acc#33                                           mgc_addc_30_0_30_0_30                                                      2.5484  8.9574  
        fir:core/MAC:acc#33.itm                                                                                                                  0.0000  8.9574  
        fir:core/MAC:mux1h#6                                          mgc_mux1hot_30_3                                                           1.4848  10.4422 
        fir:core/MAC:mux1h#6.itm                                                                                                                 0.0000  10.4422 
        fir:core/reg(MAC:acc#13.itm.1)                                mgc_reg_pos_30_0_0_1_1_0_0                                                 0.0000  10.4422 
                                                                                                                                                                 
      7                                                               fir:core/reg(MAC:acc#9)                     fir:core/reg(MAC:acc#30.itm.1) 10.2695 -0.2695 
                                                                                                                                                                 
        Instance                                                      Component                                                                  Delta   Delay   
        --------                                                      ---------                                                                  -----   -----   
        fir:core/reg(MAC:acc#9)                                       mgc_reg_pos_30_0_0_1_1_1_1                                                 0.0000  0.0000  
        fir:core/MAC:acc#9.itm                                                                                                                   0.0000  0.0000  
        fir:core/MAC:acc#21                                           mgc_addc_30_0_30_0_30                                                      2.5484  2.5484  
        fir:core/MAC:acc#21.itm                                                                                                                  0.0000  2.5484  
        fir:core/MAC:mux#23                                           mgc_mux_30_1_2                                                             1.3121  3.8605  
        fir:core/MAC:mux#23.itm                                                                                                                  0.0000  3.8605  
        fir:core/MAC:acc#20:rg                                        mgc_addc_30_0_30_0_30                                                      2.5484  6.4090  
        fir:core/z.out#11                                                                                                                        0.0000  6.4090  
        fir:core/MAC:acc                                              mgc_addc_30_0_30_0_30                                                      2.5484  8.9574  
        fir:core/MAC:acc.itm                                                                                                                     0.0000  8.9574  
        fir:core/MAC:MAC:mux#1                                        mgc_mux_30_1_2                                                             1.3121  10.2695 
        fir:core/MAC:MAC:mux#1.itm                                                                                                               0.0000  10.2695 
        fir:core/reg(MAC:acc#30.itm.1)                                mgc_reg_pos_30_0_0_1_1_1_1                                                 0.0000  10.2695 
                                                                                                                                                                 
      8                                                               fir:core/reg(MAC:acc#8.itm.1)               fir:core/reg(MAC:acc#30.itm.1) 10.2695 -0.2695 
                                                                                                                                                                 
        Instance                                                      Component                                                                  Delta   Delay   
        --------                                                      ---------                                                                  -----   -----   
        fir:core/reg(MAC:acc#8.itm.1)                                 mgc_reg_pos_30_0_0_1_1_0_0                                                 0.0000  0.0000  
        fir:core/MAC:acc#8.itm.1                                                                                                                 0.0000  0.0000  
        fir:core/MAC:acc#21                                           mgc_addc_30_0_30_0_30                                                      2.5484  2.5484  
        fir:core/MAC:acc#21.itm                                                                                                                  0.0000  2.5484  
        fir:core/MAC:mux#23                                           mgc_mux_30_1_2                                                             1.3121  3.8605  
        fir:core/MAC:mux#23.itm                                                                                                                  0.0000  3.8605  
        fir:core/MAC:acc#20:rg                                        mgc_addc_30_0_30_0_30                                                      2.5484  6.4090  
        fir:core/z.out#11                                                                                                                        0.0000  6.4090  
        fir:core/MAC:acc                                              mgc_addc_30_0_30_0_30                                                      2.5484  8.9574  
        fir:core/MAC:acc.itm                                                                                                                     0.0000  8.9574  
        fir:core/MAC:MAC:mux#1                                        mgc_mux_30_1_2                                                             1.3121  10.2695 
        fir:core/MAC:MAC:mux#1.itm                                                                                                               0.0000  10.2695 
        fir:core/reg(MAC:acc#30.itm.1)                                mgc_reg_pos_30_0_0_1_1_1_1                                                 0.0000  10.2695 
                                                                                                                                                                 
      9                                                               fir:core/reg(MAC:io_read(coeffs:rsc.@))#176 fir:core/reg(MAC:acc#13.itm.1) 9.9453  0.0547  
                                                                                                                                                                 
        Instance                                                      Component                                                                  Delta   Delay   
        --------                                                      ---------                                                                  -----   -----   
        fir:core/reg(MAC:io_read(coeffs:rsc.@))#176                   mgc_reg_pos_336_0_0_1_1_1_1                                                0.0000  0.0000  
        fir:core/reg(MAC:io_read(coeffs:rsc.@)).ftd#176                                                                                          0.0000  0.0000  
        fir:core/MAC:slc(MAC:io_read(coeffs:rsc.@).cse.sva)(15-0)                                                                                0.0000  0.0000  
        fir:core/MAC:slc(MAC:io_read(coeffs:rsc.@).cse.sva)(15-0).itm                                                                            0.0000  0.0000  
        fir:core/MAC:mux#16                                           mgc_mux_16_1_2                                                             1.3121  1.3121  
        fir:core/MAC:mux#16.itm                                                                                                                  0.0000  1.3121  
        fir:core/MAC-1:mul:rg                                         mgc_mul_16_1_16_1_30                                                       4.6000  5.9121  
        fir:core/z.out#7                                                                                                                         0.0000  5.9121  
        fir:core/MAC:acc#17                                           mgc_addc_30_0_30_0_30                                                      2.5484  8.4605  
        fir:core/MAC:acc#17.itm                                                                                                                  0.0000  8.4605  
        fir:core/MAC:mux1h#6                                          mgc_mux1hot_30_3                                                           1.4848  9.9453  
        fir:core/MAC:mux1h#6.itm                                                                                                                 0.0000  9.9453  
        fir:core/reg(MAC:acc#13.itm.1)                                mgc_reg_pos_30_0_0_1_1_0_0                                                 0.0000  9.9453  
                                                                                                                                                                 
      10                                                              fir:core/reg(MAC:asn#67)                    fir:core/reg(MAC:acc#13.itm.1) 9.9453  0.0547  
                                                                                                                                                                 
        Instance                                                      Component                                                                  Delta   Delay   
        --------                                                      ---------                                                                  -----   -----   
        fir:core/reg(MAC:asn#67)                                      mgc_reg_pos_16_0_0_1_1_1_1                                                 0.0000  0.0000  
        fir:core/MAC:asn#67.itm                                                                                                                  0.0000  0.0000  
        fir:core/MAC:mux#10                                           mgc_mux_16_1_2                                                             1.3121  1.3121  
        fir:core/MAC:mux#10.itm                                                                                                                  0.0000  1.3121  
        fir:core/MAC-5:mul:rg                                         mgc_mul_16_1_16_1_30                                                       4.6000  5.9121  
        fir:core/z.out#4                                                                                                                         0.0000  5.9121  
        fir:core/MAC:acc#13                                           mgc_addc_30_0_30_0_30                                                      2.5484  8.4605  
        fir:core/MAC:acc#13.itm                                                                                                                  0.0000  8.4605  
        fir:core/MAC:mux1h#6                                          mgc_mux1hot_30_3                                                           1.4848  9.9453  
        fir:core/MAC:mux1h#6.itm                                                                                                                 0.0000  9.9453  
        fir:core/reg(MAC:acc#13.itm.1)                                mgc_reg_pos_30_0_0_1_1_0_0                                                 0.0000  9.9453  
                                                                                                                                                                 
      
    Register Input and Register-to-Output Slack
      Clock period or pin-to-reg delay constraint (clk): 10.0
      Clock uncertainty constraint (clk)               : 0.0
      
      Instance                                    Port                                   Slack (Delay) Messages                
      ------------------------------------------- ------------------------------------ ------- ------- -----------------------
      fir:core/reg(MAC:acc#8.itm.1)               MAC:acc#8.itm                         1.5395  8.4605                         
      fir:core/reg(MAC:acc#20.itm.1)              MAC:MAC:mux.itm                       1.5395  8.4605                         
      fir:core/reg(MAC:acc#30.itm.1)              MAC:MAC:mux#1.itm                    -0.2695 10.2695 (clock period exceeded) 
      fir:core/reg(MAC:acc#25.itm.1)              z.out#13                             -0.4422 10.4422 (clock period exceeded) 
      fir:core/reg(MAC:acc#15.itm.1)              MAC:mux1h#3.itm                       0.0547  9.9453                         
      fir:core/reg(MAC:acc#14.itm.1)              MAC:mux1h#4.itm                       0.0547  9.9453                         
      fir:core/reg(MAC:acc#13.itm.1)              MAC:mux1h#6.itm                      -0.4422 10.4422 (clock period exceeded) 
      fir:core/reg(MAC:acc#12.itm.1)              MAC:mux1h#7.itm                       0.0547  9.9453                         
      fir:core/reg(out1:rsci.idat)                MAC:slc(z.out#13)(29-14).itm          6.1395  3.8605                         
      fir:core/reg(main.stage_0.2)                slc(fsm_output)(2)#33.itm            10.0000  0.0000                         
      fir:core/reg(out1:rsc.triosy:obj.ld)        reg(out1:out1:and.cse                 8.7210  1.2790                         
      fir:core/reg(in1:rsc.triosy:obj.ld)         slc(fsm_output)(0)#10.itm            10.0000  0.0000                         
      fir:core/reg(MAC:asn#77)                    reg(MAC:asn#76).cse                   0.0547  9.9453                         
      fir:core/reg(MAC:asn#78)                    MAC:asn#77.itm                        0.0547  9.9453                         
      fir:core/reg(MAC:asn#71)                    MAC:asn#70.itm                        0.0547  9.9453                         
      fir:core/reg(MAC:asn#69)                    MAC:asn#68.itm                        0.0547  9.9453                         
      fir:core/reg(MAC:asn#70)                    MAC:asn#69.itm                        0.0547  9.9453                         
      fir:core/reg(MAC:asn#67)                    MAC:asn#66.itm                        0.0547  9.9453                         
      fir:core/reg(MAC:asn#68)                    MAC:asn#67.itm                        0.0547  9.9453                         
      fir:core/reg(MAC:asn#65)                    MAC:asn#64.itm                        0.0547  9.9453                         
      fir:core/reg(MAC:asn#66)                    MAC:asn#65.itm                        0.0547  9.9453                         
      fir:core/reg(MAC:asn#64)                    reg(MAC:asn#63).cse                   0.0547  9.9453                         
      fir:core/reg(MAC:asn#79)                    MAC:asn#78.itm                        0.0547  9.9453                         
      fir:core/reg(MAC:asn#75)                    MAC:asn#74.itm                        0.0547  9.9453                         
      fir:core/reg(MAC:asn#76)                    reg(MAC:asn#75).cse                   0.0547  9.9453                         
      fir:core/reg(MAC:asn#73)                    reg(MAC:asn#72).cse                   0.0547  9.9453                         
      fir:core/reg(MAC:asn#74)                    MAC:asn#73.itm                        0.0547  9.9453                         
      fir:core/reg(MAC:asn#72)                    reg(MAC:asn#71).cse                   0.0547  9.9453                         
      fir:core/reg(MAC:asn#63)                    regs(3).sva                          10.0000  0.0000                         
      fir:core/reg(regs(2))                       MAC:asn#62.itm                        0.0547  9.9453                         
      fir:core/reg(MAC:asn#62)                    regs:regs:mux.itm                     8.6879  1.3121                         
      fir:core/reg(regs(0))                       MAC:asn#90.itm                        1.3668  8.6332                         
      fir:core/reg(MAC:asn#90)                    in1:mux.itm                           8.6879  1.3121                         
      fir:core/reg(regs(30))                      regs(29).sva                          1.3668  8.6332                         
      fir:core/reg(regs(29))                      regs(28).sva                          1.3668  8.6332                         
      fir:core/reg(regs(28))                      regs(27).sva                          1.3668  8.6332                         
      fir:core/reg(regs(27))                      regs(26).sva                          1.3668  8.6332                         
      fir:core/reg(regs(26))                      regs(25).sva                          1.3668  8.6332                         
      fir:core/reg(regs(25))                      regs(24).sva                          1.3668  8.6332                         
      fir:core/reg(regs(24))                      regs(23).sva                          1.5395  8.4605                         
      fir:core/reg(regs(23))                      regs(22).sva                          1.5395  8.4605                         
      fir:core/reg(regs(22))                      regs(21).sva                          3.9152  6.0848                         
      fir:core/reg(regs(21))                      MAC:asn#79.itm                        0.0547  9.9453                         
      fir:core/reg(regs(3))                       regs(2).sva                           0.0547  9.9453                         
      fir:core/reg(MAC-14:mul)                    MAC:mux1h#8.itm                       2.6031  7.3969                         
      fir:core/reg(MAC-5:mul)                     MAC:mux1h#9.itm                       0.0547  9.9453                         
      fir:core/reg(MAC:acc#9)                     MAC:acc#9.itm#2                       1.5395  8.4605                         
      fir:core/reg(MAC:io_read(coeffs:rsc.@))#176 coeffs:slc(coeffs:rsci.d)(335-0).itm 10.0000  0.0000                         
      fir                                         coeffs:rsc.triosy.lz                 10.0000  0.0000                         
      fir                                         in1:rsc.triosy.lz                    10.0000  0.0000                         
      fir                                         out1:rsc.dat                         10.0000  0.0000                         
      fir                                         out1:rsc.triosy.lz                   10.0000  0.0000                         
      
  Operator Bitwidth Summary
    Operation  Size (bits) Count 
    ---------- ----------- -----
    add                          
    -                   30    26 
    and                          
    -                    1     1 
    mul                          
    -                   30    21 
    mux                          
    -                   30     5 
    -                   16    23 
    mux1h                        
    -                   30     6 
    or                           
    -                    1     3 
    read_port                    
    -                  512     1 
    -                   16     1 
    read_sync                    
    -                    0     3 
    reg                          
    -                  336     1 
    -                   30    11 
    -                   16    33 
    -                    1     3 
    write_port                   
    -                    0     1 
    
  End of Report
