-- Catapult Ultra Synthesis: Report                                              
-- ------------------------- ---------------------------------------------------
-- Version:                  10.3d/815731 Production Release                     
-- Build Date:               Wed Apr 24 14:54:19 PDT 2019                        
                                                                                 
-- Generated by:             695r48@cparch23.ecn.purdue.edu                      
-- Generated date:           Tue Nov 09 15:40:14 EST 2021                        

Solution Settings: fir.v11
  Current state: schedule
  Project: Catapult
  
  Design Input Files Specified
    $PROJECT_HOME/fir_inc.h
      $MGC_HOME/shared/include/ac_fixed.h
        $MGC_HOME/shared/include/ac_int.h
    $PROJECT_HOME/fir.cpp
      $PROJECT_HOME/fir_inc.h
        $MGC_HOME/shared/include/ac_fixed.h
          $MGC_HOME/shared/include/ac_int.h
  
  Processes/Blocks in Design
    Process       Real Operation(s) count Latency Throughput Reset Length II Comments 
    ------------- ----------------------- ------- ---------- ------------ -- --------
    /fir/core                          22      80         82            0  0          
    Design Total:                      22      80         82            0  0          
    
  Clock Information
    Clock Signal Edge   Period Sharing Alloc (%) Uncertainty Used by Processes/Blocks 
    ------------ ------ ------ ----------------- ----------- ------------------------
    clk          rising 10.000             20.00    0.000000 /fir/core                
    
  I/O Data Ranges
    Port                 Mode DeclType DeclWidth DeclRange ActType ActWidth ActRange 
    -------------------- ---- -------- --------- --------- ------- -------- --------
    clk                  IN   Unsigned         1                                     
    rst                  IN   Unsigned         1                                     
    coeffs:rsc.q         IN   Unsigned        16                                     
    in1:rsc.dat          IN   Unsigned        16                                     
    coeffs:rsc.radr      OUT  Unsigned         5                                     
    coeffs:rsc.triosy.lz OUT  Unsigned         1                                     
    in1:rsc.triosy.lz    OUT  Unsigned         1                                     
    out1:rsc.dat         OUT  Unsigned        16                                     
    out1:rsc.triosy.lz   OUT  Unsigned         1                                     
    
  Memory Resources
    Resource Name: /fir/core/regs:rsc
      Memory Component: [Register]                   Size:         32 x 16
      External:         false                        Packing Mode: absolute
      Memory Map:
      Variable       Indices Phys Memory Address      
      -------------- ------- ------------------------
      /fir/core/regs    0:15 0000001f-00000000 (31-0) 
      
    Resource Name: /fir/coeffs:rsc
      Memory Component: DIST_1R1W_RBW                Size:         32 x 16
      External:         true                         Packing Mode: absolute
      Memory Map:
      Variable    Indices Phys Memory Address      
      ----------- ------- ------------------------
      /fir/coeffs    0:15 0000001f-00000000 (31-0) 
      
    Resource Name: /fir/in1:rsc
      Memory Component: ccs_in                       Size:         1 x 16
      External:         true                         Packing Mode: sidebyside
      Memory Map:
      Variable Indices Phys Memory Address     
      -------- ------- -----------------------
      /fir/in1    0:15 00000000-00000000 (0-0) 
      
    Resource Name: /fir/out1:rsc
      Memory Component: ccs_out                      Size:         1 x 16
      External:         true                         Packing Mode: sidebyside
      Memory Map:
      Variable  Indices Phys Memory Address     
      --------- ------- -----------------------
      /fir/out1    0:15 00000000-00000000 (0-0) 
      
  Multi-Cycle (Combinational) Component Usage
    Instance Component Name Delay 
    -------- -------------- -----
    
  Loops
    Process   Loop             Iterations C-Steps Total Cycles   Duration  Unroll Init Comments 
    --------- ---------------- ---------- ------- ------------- ---------- ------ ---- --------
    /fir/core core:rlp           Infinite       0           82  820.00 ns                       
    /fir/core  main              Infinite       2           82  820.00 ns                       
    /fir/core   MAC                     8      10           80  800.00 ns       4   10          
    
  Loop Execution Profile
    Process   Loop             Total Cycles % of Overall Design Cycles Throughput Cycles Comments 
    --------- ---------------- ------------ -------------------------- ----------------- --------
    /fir/core core:rlp                   0                        0.00               82           
    /fir/core  main                      2                        2.44               82           
    /fir/core   MAC                     80                       97.56               10           
    
  End of Report
